<?xml version="1.0" encoding="utf-8"?><testsuites name="pytest tests"><testsuite name="pytest" errors="0" failures="1" skipped="0" tests="48" time="10.225" timestamp="2026-08-23T03:06:43.675482+00:00" hostname="agent-env-75a625d5-b7c9-49d1-9bbf-b7c3255a55f6"><testcase classname="tests.backend_test.TestAuth" name="test_root" time="0.360" /><testcase classname="tests.backend_test.TestAuth" name="test_login_sets_httponly_cookie_and_token" time="0.362" /><testcase classname="tests.backend_test.TestWaterAndEngine" name="test_tanker_autocalc" time="1.061" /><testcase classname="tests.backend_test.TestAuth" name="test_me_with_bearer" time="0.392" /><testcase classname="tests.backend_test.TestAuth" name="test_me_without_auth_401" time="0.112" /><testcase classname="tests.backend_test.TestWaterAndEngine" name="test_readings_prefill_and_save" time="0.499" /><testcase classname="tests.backend_test.TestAuth" name="test_invalid_password_401" time="0.374" /><testcase classname="tests.backend_test.TestWaterAndEngine" name="test_charges_and_defaults" time="0.279" /><testcase classname="tests.backend_test.TestAuth" name="test_brute_force_lockout" time="0.926" /><testcase classname="tests.backend_test.TestWaterAndEngine" name="test_payment_received_and_payout" time="0.090" /><testcase classname="tests.backend_test.TestWaterAndEngine" name="test_statement_math" time="0.051" /><testcase classname="tests.backend_test.TestWaterAndEngine" name="test_meter_rollback_flag" time="0.193" /><testcase classname="tests.backend_test.TestWaterAndEngine" name="test_negative_reserve_flag" time="0.149" /><testcase classname="tests.backend_test.TestAuth" name="test_cors_credentials_not_wildcard" time="0.146"><failure message="AssertionError: wildcard origin with credentials breaks browser cookies&#10;assert '*' != '*'">E   AssertionError: wildcard origin with credentials breaks browser cookies
    assert '*' != '*'</failure></testcase><testcase classname="tests.backend_test.TestTipsInWaterCost" name="test_per_tanker_cost_includes_tips" time="0.317" /><testcase classname="tests.backend_test.TestTipsInWaterCost" name="test_statement_totals_and_no_double_count" time="0.190" /><testcase classname="tests.backend_test.TestSetupCRUD" name="test_property_created_and_listed" time="0.116" /><testcase classname="tests.backend_test.TestSetupCRUD" name="test_defaults_update_persists" time="0.131" /><testcase classname="tests.backend_test.TestTipsInWaterCost" name="test_demo_property_expected_figures" time="0.140" /><testcase classname="tests.backend_test.TestSetupCRUD" name="test_flat_and_meter_crud" time="1.322" /><testcase classname="tests.backend_test.TestTipsInWaterCost" name="test_csv_labels_mention_tips_in_water" time="0.099" /><testcase classname="tests.backend_test.TestUploads" name="test_image_upload_and_download" time="0.524" /><testcase classname="tests.backend_test.TestUploads" name="test_video_upload_without_gps" time="0.363" /><testcase classname="tests.backend_test.TestUploads" name="test_reject_non_media" time="0.043" /><testcase classname="tests.backend_test.TestUploads" name="test_file_download_requires_real_auth" time="0.347" /><testcase classname="tests.backend_test.TestSetupCRUD" name="test_tank_crud" time="0.203" /><testcase classname="tests.backend_test.TestSetupCRUD" name="test_invalid_id_400" time="0.374" /><testcase classname="tests.backend_test.TestRoleRestrictions" name="test_resident_statement_scoped" time="0.800" /><testcase classname="tests.test_media_notify.TestUploads" name="test_upload_without_gps" time="0.591" /><testcase classname="tests.backend_test.TestRoleRestrictions" name="test_resident_write_forbidden" time="0.683" /><testcase classname="tests.test_media_notify.TestUploads" name="test_download_requires_auth" time="0.724" /><testcase classname="tests.backend_test.TestRoleRestrictions" name="test_resident_mis_export_forbidden" time="0.358" /><testcase classname="tests.test_media_notify.TestUploads" name="test_reject_non_media" time="0.115" /><testcase classname="tests.backend_test.TestDemoSeed" name="test_seed_idempotent" time="0.271" /><testcase classname="tests.backend_test.TestDemoSeed" name="test_demo_property_shape" time="0.321" /><testcase classname="tests.test_media_notify.TestChargeMedia" name="test_adhoc_three_categories" time="1.494" /><testcase classname="tests.backend_test.TestMISExport" name="test_csv" time="0.604" /><testcase classname="tests.backend_test.TestMISExport" name="test_pdf" time="0.063" /><testcase classname="tests.test_media_notify.TestChargeMedia" name="test_recurring_bill_media" time="0.403" /><testcase classname="tests.backend_test.TestMonthResetIsolated" name="test_reset_locks_and_carries" time="0.808" /><testcase classname="tests.test_media_notify.TestChargeMedia" name="test_tips_rejected_as_charge" time="0.074" /><testcase classname="tests.test_media_notify.TestStatementNotify" name="test_rows_expose_phones_and_math" time="0.065" /><testcase classname="tests.test_media_notify.TestStatementNotify" name="test_no_sms_gateway_endpoints" time="0.269" /><testcase classname="tests.backend_test.TestMonthResetIsolated" name="test_locked_writes_return_423" time="0.425" /><testcase classname="tests.backend_test.TestPasswordHash" name="test_bcrypt_hash_format" time="0.076" /><testcase classname="tests.test_media_notify.TestReadingMedia" name="test_media_attaches_to_correct_meter_only" time="1.075" /><testcase classname="tests.test_media_notify.TestFlatBuilding" name="test_create_flat_under_chosen_building" time="0.848" /><testcase classname="tests.test_media_notify.TestFlatBuilding" name="test_demo_flats_have_owner_phones" time="0.053" /></testsuite></testsuites>