<?xml version="1.0" encoding="utf-8"?><testsuites name="pytest tests"><testsuite name="pytest" errors="0" failures="1" skipped="0" tests="19" time="3.134" timestamp="2026-08-23T06:27:40.948595+00:00" hostname="agent-env-75a625d5-b7c9-49d1-9bbf-b7c3255a55f6"><testcase classname="tests.test_iter7_carry_reference.TestBillEditAndCarry" name="test_draft_uses_master_amounts_and_zero_carry" time="0.450" /><testcase classname="tests.test_iter7_carry_reference.TestBillEditAndCarry" name="test_edit_and_persist_amounts_with_carry" time="0.090" /><testcase classname="tests.test_iter7_carry_reference.TestBillEditAndCarry" name="test_waive_carry_to_zero" time="0.091" /><testcase classname="tests.test_iter7_carry_reference.TestCarryForwardEndToEnd" name="test_partial_payment_carries_dues" time="0.185" /><testcase classname="tests.test_iter7_carry_reference.TestCarryForwardEndToEnd" name="test_overpayment_carries_negative_advance" time="0.261" /><testcase classname="tests.test_iter7_carry_reference.TestCarryForwardEndToEnd" name="test_statement_exposes_carry_forward" time="0.091" /><testcase classname="tests.test_iter7_carry_reference.TestCarryForwardEndToEnd" name="test_carry_cleared_when_month_settled" time="0.262" /><testcase classname="tests.test_iter7_carry_reference.TestCollectionReference" name="test_non_cash_without_reference_rejected" time="0.128" /><testcase classname="tests.test_iter7_carry_reference.TestCollectionReference" name="test_whitespace_reference_rejected" time="0.045" /><testcase classname="tests.test_iter7_carry_reference.TestCollectionReference" name="test_non_cash_with_reference_succeeds_and_is_listed" time="0.128" /><testcase classname="tests.test_iter7_carry_reference.TestCollectionReference" name="test_cash_without_reference_succeeds" time="0.084" /><testcase classname="tests.test_iter7_carry_reference.TestCollectionReference" name="test_update_payment_enforces_reference" time="0.221"><failure message="AssertionError: PUT /payments allowed a non-cash payment without a reference (got 200)&#10;assert 200 == 400&#10; +  where 200 = &lt;Response [200]&gt;.status_code">tests/test_iter7_carry_reference.py:220: in test_update_payment_enforces_reference
    assert upd.status_code == 400, (
E   AssertionError: PUT /payments allowed a non-cash payment without a reference (got 200)
E   assert 200 == 400
E    +  where 200 = &lt;Response [200]&gt;.status_code</failure></testcase><testcase classname="tests.test_iter7_carry_reference.TestPayoutReference" name="test_non_cash_payout_without_reference_rejected" time="0.043" /><testcase classname="tests.test_iter7_carry_reference.TestPayoutReference" name="test_non_cash_payout_with_reference_succeeds" time="0.169" /><testcase classname="tests.test_iter7_carry_reference.TestPayoutReference" name="test_cash_payout_without_reference_succeeds" time="0.086" /><testcase classname="tests.test_iter7_carry_reference.TestPayoutReference" name="test_credit_without_reference_succeeds" time="0.088" /><testcase classname="tests.test_iter7_carry_reference.TestRegression" name="test_statement_and_export_and_receipt" time="0.417" /><testcase classname="tests.test_iter7_carry_reference.TestRegression" name="test_invalid_month_rejected" time="0.044" /><testcase classname="tests.test_iter7_carry_reference.TestRegression" name="test_bills_requires_admin" time="0.146" /></testsuite></testsuites>