<?xml version="1.0" encoding="utf-8"?><testsuites name="pytest tests"><testsuite name="pytest" errors="0" failures="0" skipped="0" tests="72" time="7.099" timestamp="2026-08-31T04:03:28.878466+00:00" hostname="agent-env-75a625d5-b7c9-49d1-9bbf-b7c3255a55f6"><testcase classname="tests.test_iter9_report_formats.TestFlatFloor" name="test_flat_floor_persists" time="0.638" /><testcase classname="tests.test_iter9_report_formats.TestFlatFloor" name="test_create_flat_with_floor" time="0.104" /><testcase classname="tests.test_iter9_report_formats.TestStatementFields" name="test_rows_carry_floor_status_paydate" time="0.104" /><testcase classname="tests.test_iter9_report_formats.TestStatementFields" name="test_meters_carry_flat_floor_owner_charge" time="0.000" /><testcase classname="tests.test_iter9_report_formats.TestStatementFields" name="test_totals_have_tanker_count_and_metered_charges" time="0.000" /><testcase classname="tests.test_iter9_report_formats.TestStatementFields" name="test_metered_charges_matches_meter_sum" time="0.000" /><testcase classname="tests.test_iter9_report_formats.TestTankerTipsPayer" name="test_create_tanker_with_different_tips_payer" time="0.258" /><testcase classname="tests.test_iter9_report_formats.TestMisCsv" name="test_owner_table_headers" time="0.057" /><testcase classname="tests.test_iter9_report_formats.TestMisCsv" name="test_has_payment_status_and_date_cols" time="0.000" /><testcase classname="tests.test_iter9_report_formats.TestMisCsv" name="test_water_usage_section_present" time="0.000" /><testcase classname="tests.test_iter9_report_formats.TestMisCsv" name="test_total_expense_per_head" time="0.000" /><testcase classname="tests.test_iter9_report_formats.TestMisCsv" name="test_all_dates_are_dmy" time="0.000" /><testcase classname="tests.test_iter9_report_formats.TestMisCsv" name="test_serials_sequential" time="0.000" /><testcase classname="tests.test_iter9_report_formats.TestMisPdf" name="test_pdf_downloads" time="0.067" /><testcase classname="tests.test_iter9_report_formats.TestMisPdf" name="test_pdf_text_has_sections" time="0.118" /><testcase classname="tests.test_iter9_report_formats.TestAnnualExport" name="test_annual_csv_has_serial" time="0.059" /><testcase classname="tests.test_iter9_report_formats.TestAnnualExport" name="test_annual_pdf" time="0.068" /><testcase classname="tests.test_iter9_report_formats.TestRentalsExports" name="test_rentals_report_csv_serial" time="0.105" /><testcase classname="tests.test_iter9_report_formats.TestRentalsExports" name="test_rentals_report_pdf" time="0.060" /><testcase classname="tests.test_iter9_report_formats.TestRentalsExports" name="test_receipt_pdf_dmy_and_mode" time="0.115" /><testcase classname="tests.test_iter10_recon_layout.TestColumnMath" name="test_row_arithmetic" time="0.504" /><testcase classname="tests.test_iter10_recon_layout.TestColumnMath" name="test_metered_cost_matches_consumption_times_rate" time="0.000" /><testcase classname="tests.test_iter10_recon_layout.TestColumnMath" name="test_totals_line_up_with_column_sums" time="0.000" /><testcase classname="tests.test_iter10_recon_layout.TestReconCsv" name="test_section_title_present" time="0.061" /><testcase classname="tests.test_iter10_recon_layout.TestReconCsv" name="test_exact_15_headers_in_order" time="0.000" /><testcase classname="tests.test_iter10_recon_layout.TestReconCsv" name="test_data_rows_have_15_cells_and_serials" time="0.000" /><testcase classname="tests.test_iter10_recon_layout.TestReconCsv" name="test_total_row_and_per_head_line" time="0.000" /><testcase classname="tests.test_iter10_recon_layout.TestReconCsv" name="test_total_row_values_match_totals" time="0.000" /><testcase classname="tests.test_iter10_recon_layout.TestReconCsv" name="test_status_column_wording" time="0.000" /><testcase classname="tests.test_iter10_recon_layout.TestReconCsv" name="test_water_usage_section_has_combined" time="0.000" /><testcase classname="tests.test_iter10_recon_layout.TestReconCsv" name="test_no_iso_dates" time="0.000" /><testcase classname="tests.test_iter10_recon_layout.TestReconPdf" name="test_is_pdf" time="0.072" /><testcase classname="tests.test_iter10_recon_layout.TestReconPdf" name="test_both_sections_and_headers" time="0.014" /><testcase classname="tests.test_iter10_recon_layout.TestReconPdf" name="test_total_row_and_legend" time="0.000" /><testcase classname="tests.test_iter10_recon_layout.TestReconPdf" name="test_no_iso_dates" time="0.000" /><testcase classname="tests.test_iter11_xlsx_export.TestMisWorkbook" name="test_content_type_and_filename" time="0.745" /><testcase classname="tests.test_iter11_xlsx_export.TestMisWorkbook" name="test_exact_five_sheets" time="0.068" /><testcase classname="tests.test_iter11_xlsx_export.TestMisWorkbook" name="test_recon_headers_order" time="0.000" /><testcase classname="tests.test_iter11_xlsx_export.TestMisWorkbook" name="test_header_style_all_sheets" time="0.000" /><testcase classname="tests.test_iter11_xlsx_export.TestMisWorkbook" name="test_frozen_panes_and_widths" time="0.000" /><testcase classname="tests.test_iter11_xlsx_export.TestMisWorkbook" name="test_recon_values_match_statement" time="0.057" /><testcase classname="tests.test_iter11_xlsx_export.TestMisWorkbook" name="test_recon_total_row_shaded" time="0.000" /><testcase classname="tests.test_iter11_xlsx_export.TestMisWorkbook" name="test_balance_red_green" time="0.000" /><testcase classname="tests.test_iter11_xlsx_export.TestMisWorkbook" name="test_owner_colour_coding_and_key" time="0.001" /><testcase classname="tests.test_iter11_xlsx_export.TestMisWorkbook" name="test_summary_legend_block" time="0.000" /><testcase classname="tests.test_iter11_xlsx_export.TestMisWorkbook" name="test_original_owner_names_no_tenant_suffix" time="0.000" /><testcase classname="tests.test_iter11_xlsx_export.TestMisWorkbook" name="test_meter_sheet_colour_per_meter" time="0.013" /><testcase classname="tests.test_iter11_xlsx_export.TestMisWorkbook" name="test_meter_total_row" time="0.000" /><testcase classname="tests.test_iter11_xlsx_export.TestMisWorkbook" name="test_tanker_sheet" time="0.058" /><testcase classname="tests.test_iter11_xlsx_export.TestMisWorkbook" name="test_charges_sections" time="0.001" /><testcase classname="tests.test_iter11_xlsx_export.TestMisWorkbook" name="test_ledger_sheet" time="0.052" /><testcase classname="tests.test_iter11_xlsx_export.TestMisWorkbook" name="test_ledger_colour_key_lists_only_owners" time="0.000" /><testcase classname="tests.test_iter11_xlsx_export.TestMisWorkbook" name="test_owner_tints_consistent_across_sheets" time="0.000" /><testcase classname="tests.test_iter11_xlsx_export.TestVerbatimRename" name="test_owner_rename_reflected" time="0.387" /><testcase classname="tests.test_iter11_xlsx_export.TestVerbatimRename" name="test_meter_rename_not_supported_by_api" time="0.051" /><testcase classname="tests.test_iter11_xlsx_export.TestVerbatimRename" name="test_new_meter_label_verbatim" time="0.264" /><testcase classname="tests.test_iter11_xlsx_export.TestRentalsWorkbook" name="test_media_type_and_sheets" time="0.423" /><testcase classname="tests.test_iter11_xlsx_export.TestRentalsWorkbook" name="test_headers_styled" time="0.000" /><testcase classname="tests.test_iter11_xlsx_export.TestRentalsWorkbook" name="test_rent_roll_values_and_tints" time="0.056" /><testcase classname="tests.test_iter11_xlsx_export.TestRentalsWorkbook" name="test_collections_modes_and_reference" time="0.051" /><testcase classname="tests.test_iter11_xlsx_export.TestRentalsWorkbook" name="test_payouts_and_settlement_and_deposits" time="0.000" /><testcase classname="tests.test_iter11_xlsx_export.TestRentalsWorkbook" name="test_property_tints_consistent_across_sheets" time="0.000" /><testcase classname="tests.test_iter11_xlsx_export.TestExportRegression" name="test_mis_csv_pdf" time="0.158" /><testcase classname="tests.test_iter11_xlsx_export.TestExportRegression" name="test_annual_exports" time="0.128" /><testcase classname="tests.test_iter11_xlsx_export.TestExportRegression" name="test_rentals_csv_pdf" time="0.116" /><testcase classname="tests.test_iter11_xlsx_export.TestExportRegression" name="test_unknown_format_silently_returns_pdf" time="0.052" /><testcase classname="tests.test_iter11_xlsx_export.TestExportRegression" name="test_xlsx_requires_auth" time="0.136" /><testcase classname="tests.test_iter11_xlsx_export.TestExportRegression" name="test_invalid_property_id" time="0.051" /><testcase classname="tests.test_auth_playbook" name="test_bcrypt_hash_format_in_db" time="0.091" /><testcase classname="tests.test_auth_playbook" name="test_login_sets_httponly_cookies" time="0.446" /><testcase classname="tests.test_auth_playbook" name="test_brute_force_lockout_on_throwaway_account" time="0.706" /><testcase classname="tests.test_auth_playbook" name="test_unauthenticated_access_blocked" time="0.317" /></testsuite></testsuites>