<?xml version="1.0" encoding="utf-8"?><testsuites name="pytest tests"><testsuite name="pytest" errors="0" failures="1" skipped="0" tests="29" time="5.292" timestamp="2026-08-31T06:13:26.221035+00:00" hostname="agent-env-75a625d5-b7c9-49d1-9bbf-b7c3255a55f6"><testcase classname="tests.test_iter13_booking_dues_pack.TestTankerDates" name="test_post_delivery_before_booking_rejected" time="0.557" /><testcase classname="tests.test_iter13_booking_dues_pack.TestTankerDates" name="test_post_and_put_booking_delivery_ok_and_put_validation" time="0.189" /><testcase classname="tests.test_iter13_booking_dues_pack.TestTankerDates" name="test_delivery_month_drives_filing_and_reserve" time="0.377" /><testcase classname="tests.test_iter13_booking_dues_pack.TestOpeningDues" name="test_flat_opening_dues_flow_to_statement" time="0.193" /><testcase classname="tests.test_iter13_booking_dues_pack.TestOpeningDues" name="test_reset_does_not_double_count_opening_dues" time="0.295" /><testcase classname="tests.test_iter13_booking_dues_pack.TestOrdering" name="test_flats_sorted_floor_then_flat" time="0.045" /><testcase classname="tests.test_iter13_booking_dues_pack.TestOrdering" name="test_statement_rows_and_meters_sorted" time="0.055" /><testcase classname="tests.test_iter13_booking_dues_pack.TestOrdering" name="test_statement_row_has_paid_by" time="0.000" /><testcase classname="tests.test_iter13_booking_dues_pack.TestReportPack" name="test_combined_pdf" time="0.076" /><testcase classname="tests.test_iter13_booking_dues_pack.TestReportPack" name="test_single_report_pdf[meters-as per meter readings-Water reconciliation]" time="0.056" /><testcase classname="tests.test_iter13_booking_dues_pack.TestReportPack" name="test_single_report_pdf[purchases-Total water purchases-Recurring entries]" time="0.056" /><testcase classname="tests.test_iter13_booking_dues_pack.TestReportPack" name="test_single_report_pdf[recurring-Recurring entries-Total water purchases]" time="0.059" /><testcase classname="tests.test_iter13_booking_dues_pack.TestReportPack" name="test_single_report_pdf[reconciliation-Water reconciliation-as per meter readings]" time="0.057" /><testcase classname="tests.test_iter13_booking_dues_pack.TestReportPack" name="test_png" time="0.686" /><testcase classname="tests.test_iter13_booking_dues_pack.TestReportPack" name="test_zip" time="0.665" /><testcase classname="tests.test_iter13_booking_dues_pack.TestReportPack" name="test_bad_params_400[params0]" time="0.051" /><testcase classname="tests.test_iter13_booking_dues_pack.TestReportPack" name="test_bad_params_400[params1]" time="0.043" /><testcase classname="tests.test_iter13_booking_dues_pack.TestReportPack" name="test_pdf_colours_navy_header_and_unique_rows" time="0.057" /><testcase classname="tests.test_iter13_booking_dues_pack.TestReportPack" name="test_nothing_clipped" time="0.072"><failure message="AssertionError: ['page 4: table right edge 844.5 exceeds printable width 807.9 (page 841.9)']&#10;assert not ['page 4: table right edge 844.5 exceeds printable width 807.9 (page 841.9)']">E   AssertionError: ['page 4: table right edge 844.5 exceeds printable width 807.9 (page 841.9)']
    assert not ['page 4: table right edge 844.5 exceeds printable width 807.9 (page 841.9)']</failure></testcase><testcase classname="tests.test_iter13_booking_dues_pack.TestMisRegression" name="test_export_ok[csv]" time="0.049" /><testcase classname="tests.test_iter13_booking_dues_pack.TestMisRegression" name="test_export_ok[pdf]" time="0.056" /><testcase classname="tests.test_iter13_booking_dues_pack.TestMisRegression" name="test_export_ok[xlsx]" time="0.112" /><testcase classname="tests.test_iter13_booking_dues_pack.TestMisRegression" name="test_csv_renamed_and_new_columns" time="0.047" /><testcase classname="tests.test_iter13_booking_dues_pack.TestMisRegression" name="test_pdf_renamed_columns" time="0.065" /><testcase classname="tests.test_iter13_booking_dues_pack.TestMisRegression" name="test_xlsx_tanker_and_recon_columns" time="0.147" /><testcase classname="tests.test_iter13_booking_dues_pack.TestMisRegression" name="test_annual_export" time="0.055" /><testcase classname="tests.test_iter13_colours" name="test_reconciliation_unique_colour_per_owner" time="0.538" /><testcase classname="tests.test_iter13_colours" name="test_meters_unique_colour_per_meter" time="0.074" /><testcase classname="tests.test_iter13_colours" name="test_owner_colour_stable_between_single_and_combined_pdf" time="0.162" /></testsuite></testsuites>