<?xml version="1.0" encoding="utf-8"?><testsuites name="pytest tests"><testsuite name="pytest" errors="0" failures="2" skipped="0" tests="29" time="5.681" timestamp="2026-08-31T07:59:57.427779+00:00" hostname="agent-env-75a625d5-b7c9-49d1-9bbf-b7c3255a55f6"><testcase classname="tests.test_iter14_water_charges.TestReadingsByMeterId" name="test_each_closing_value_lands_on_its_own_meter" time="0.689" /><testcase classname="tests.test_iter14_water_charges.TestReadingsByMeterId" name="test_media_saved_against_correct_meter" time="0.155" /><testcase classname="tests.test_iter14_water_charges.TestPaymentStatus" name="test_only_four_statuses_and_logic" time="0.051" /><testcase classname="tests.test_iter14_water_charges.TestPaymentStatus" name="test_payout_flips_prepaid_to_excess_paid_back" time="0.448" /><testcase classname="tests.test_iter14_water_charges.TestPaymentStatus" name="test_no_legacy_status_labels_in_exports" time="0.252" /><testcase classname="tests.test_iter14_water_charges.TestGroupBandAndHeaders" name="test_xlsx_group_band_and_headers" time="0.142" /><testcase classname="tests.test_iter14_water_charges.TestGroupBandAndHeaders" name="test_csv_group_band" time="0.048" /><testcase classname="tests.test_iter14_water_charges.TestGroupBandAndHeaders" name="test_pdf_group_band" time="0.070" /><testcase classname="tests.test_iter14_water_charges.TestGroupBandAndHeaders" name="test_total_amount_heading" time="0.130"><failure message="AssertionError: meters sheet last column headers: ['S.No', 'House', 'Floor', 'Owner', 'Meter number', 'Starting unit', 'Ending unit', 'Consumed units', 'Water charges', 'Combined (per flat)']&#10;assert 'Total Amount' in ['S.No', 'House', 'Floor', 'Owner', 'Meter number', 'Starting unit', ...]">tests/test_iter14_water_charges.py:236: in test_total_amount_heading
    assert "Total Amount" in headers, f"meters sheet last column headers: {headers}"
E   AssertionError: meters sheet last column headers: ['S.No', 'House', 'Floor', 'Owner', 'Meter number', 'Starting unit', 'Ending unit', 'Consumed units', 'Water charges', 'Combined (per flat)']
E   assert 'Total Amount' in ['S.No', 'House', 'Floor', 'Owner', 'Meter number', 'Starting unit', ...]</failure></testcase><testcase classname="tests.test_iter14_water_charges.TestPerFlatColours" name="test_xlsx_one_tint_per_flat_across_sheets" time="0.228" /><testcase classname="tests.test_iter14_water_charges.TestPerFlatColours" name="test_ledger_sheet_uses_same_per_flat_tints" time="0.131" /><testcase classname="tests.test_iter14_water_charges.TestPerFlatColours" name="test_pdf_same_flat_same_tint_on_both_meter_rows" time="0.168" /><testcase classname="tests.test_iter14_water_charges.TestOnePageAndNoColourKey" name="test_single_report_is_one_page[meters]" time="0.062" /><testcase classname="tests.test_iter14_water_charges.TestOnePageAndNoColourKey" name="test_single_report_is_one_page[purchases]" time="0.056" /><testcase classname="tests.test_iter14_water_charges.TestOnePageAndNoColourKey" name="test_single_report_is_one_page[recurring]" time="0.053" /><testcase classname="tests.test_iter14_water_charges.TestOnePageAndNoColourKey" name="test_single_report_is_one_page[reconciliation]" time="0.063" /><testcase classname="tests.test_iter14_water_charges.TestOnePageAndNoColourKey" name="test_combined_pack_is_cover_plus_four" time="0.070" /><testcase classname="tests.test_iter14_water_charges.TestOnePageAndNoColourKey" name="test_no_colour_key_in_pdfs" time="0.312" /><testcase classname="tests.test_iter14_water_charges.TestOnePageAndNoColourKey" name="test_no_colour_key_in_xlsx" time="0.131"><failure message="AssertionError: ['Tanker Purchases!A18: Colour key — fronted by']&#10;assert not ['Tanker Purchases!A18: Colour key — fronted by']">tests/test_iter14_water_charges.py:399: in test_no_colour_key_in_xlsx
    assert not offenders, offenders
E   AssertionError: ['Tanker Purchases!A18: Colour key — fronted by']
E   assert not ['Tanker Purchases!A18: Colour key — fronted by']</failure></testcase><testcase classname="tests.test_iter14_water_charges.TestOnePageAndNoColourKey" name="test_nothing_clipped_horizontally" time="0.081" /><testcase classname="tests.test_iter14_water_charges.TestRegression" name="test_pack_formats[pdf]" time="0.089" /><testcase classname="tests.test_iter14_water_charges.TestRegression" name="test_pack_formats[png]" time="0.724" /><testcase classname="tests.test_iter14_water_charges.TestRegression" name="test_pack_formats[zip]" time="0.630" /><testcase classname="tests.test_iter14_water_charges.TestRegression" name="test_mis_formats[csv]" time="0.055" /><testcase classname="tests.test_iter14_water_charges.TestRegression" name="test_mis_formats[xlsx]" time="0.140" /><testcase classname="tests.test_iter14_water_charges.TestRegression" name="test_mis_formats[pdf]" time="0.061" /><testcase classname="tests.test_iter14_water_charges.TestRegression" name="test_bad_params_rejected" time="0.093" /><testcase classname="tests.test_iter14_water_charges.TestRegression" name="test_flat_ordering_and_data_intact" time="0.050" /><testcase classname="tests.test_iter14_water_charges.TestRegression" name="test_booking_after_delivery_rejected" time="0.045" /></testsuite></testsuites>