<?xml version="1.0" encoding="utf-8"?><testsuites name="pytest tests"><testsuite name="pytest" errors="0" failures="0" skipped="0" tests="47" time="4.556" timestamp="2026-08-23T06:02:17.596055+00:00" hostname="agent-env-75a625d5-b7c9-49d1-9bbf-b7c3255a55f6"><testcase classname="tests.test_iter6_rentals_rebuild.TestPropertyMaster" name="test_lease_end_autocompute_on_create" time="0.372" /><testcase classname="tests.test_iter6_rentals_rebuild.TestPropertyMaster" name="test_lease_end_helper" time="0.046" /><testcase classname="tests.test_iter6_rentals_rebuild.TestPropertyMaster" name="test_lease_end_helper_bad_input" time="0.091" /><testcase classname="tests.test_iter6_rentals_rebuild.TestPropertyMaster" name="test_manual_end_date_without_months" time="0.094" /><testcase classname="tests.test_iter6_rentals_rebuild.TestPropertyMaster" name="test_unknown_unit_404" time="0.061" /><testcase classname="tests.test_iter6_rentals_rebuild.TestPropertyMaster" name="test_bad_kind_and_ownership" time="0.090" /><testcase classname="tests.test_iter6_rentals_rebuild.TestCategories" name="test_defaults_seeded" time="0.047" /><testcase classname="tests.test_iter6_rentals_rebuild.TestCategories" name="test_add_and_dedupe" time="0.181" /><testcase classname="tests.test_iter6_rentals_rebuild.TestCategories" name="test_blank_rejected" time="0.044" /><testcase classname="tests.test_iter6_rentals_rebuild.TestBills" name="test_draft_prefilled_from_master" time="0.044" /><testcase classname="tests.test_iter6_rentals_rebuild.TestBills" name="test_upsert_with_adhoc_and_totals" time="0.091" /><testcase classname="tests.test_iter6_rentals_rebuild.TestBills" name="test_bad_month" time="0.086" /><testcase classname="tests.test_iter6_rentals_rebuild.TestBills" name="test_bill_unknown_unit_404" time="0.043" /><testcase classname="tests.test_iter6_rentals_rebuild.TestCollections" name="test_statement_before_collection" time="0.047" /><testcase classname="tests.test_iter6_rentals_rebuild.TestCollections" name="test_record_split_payment" time="0.097" /><testcase classname="tests.test_iter6_rentals_rebuild.TestCollections" name="test_receipt_pdf" time="0.050" /><testcase classname="tests.test_iter6_rentals_rebuild.TestCollections" name="test_receipt_unknown_404" time="0.045" /><testcase classname="tests.test_iter6_rentals_rebuild.TestCollections" name="test_delete_payment_reverses" time="0.143" /><testcase classname="tests.test_iter6_rentals_rebuild.TestCollections" name="test_cleanup_payment" time="0.000" /><testcase classname="tests.test_iter6_rentals_rebuild.TestDeposits" name="test_deposit_separate_from_bill" time="0.228" /><testcase classname="tests.test_iter6_rentals_rebuild.TestDeposits" name="test_bad_deposit_kind" time="0.047" /><testcase classname="tests.test_iter6_rentals_rebuild.TestPayouts" name="test_building_payable_and_credits" time="0.048" /><testcase classname="tests.test_iter6_rentals_rebuild.TestPayouts" name="test_payout_and_credit_payout" time="0.136" /><testcase classname="tests.test_iter6_rentals_rebuild.TestPayouts" name="test_arithmetic_chain_matches_spec" time="0.047" /><testcase classname="tests.test_iter6_rentals_rebuild.TestPayouts" name="test_payout_bad_month" time="0.043" /><testcase classname="tests.test_iter6_rentals_rebuild.TestPayouts" name="test_payout_delete" time="0.143" /><testcase classname="tests.test_iter6_rentals_rebuild.TestStatuses" name="test_vacant_bills_zero" time="0.279" /><testcase classname="tests.test_iter6_rentals_rebuild.TestStatuses" name="test_paid_status" time="0.137" /><testcase classname="tests.test_iter6_rentals_rebuild.TestExports" name="test_csv" time="0.046" /><testcase classname="tests.test_iter6_rentals_rebuild.TestExports" name="test_pdf" time="0.053" /><testcase classname="tests.test_iter6_rentals_rebuild.TestExports" name="test_export_bad_month" time="0.084" /><testcase classname="tests.test_iter6_rentals_rebuild.TestOverview" name="test_reconciles_with_statement" time="0.099" /><testcase classname="tests.test_iter6_rentals_rebuild.TestOverview" name="test_overview_bad_month" time="0.044" /><testcase classname="tests.test_iter6_rentals_rebuild.TestAccessControl" name="test_resident_forbidden[get-/rentals/units-None]" time="0.373" /><testcase classname="tests.test_iter6_rentals_rebuild.TestAccessControl" name="test_resident_forbidden[get-/rentals/categories-None]" time="0.048" /><testcase classname="tests.test_iter6_rentals_rebuild.TestAccessControl" name="test_resident_forbidden[get-/rentals/bills-params2]" time="0.054" /><testcase classname="tests.test_iter6_rentals_rebuild.TestAccessControl" name="test_resident_forbidden[get-/rentals/statement-params3]" time="0.048" /><testcase classname="tests.test_iter6_rentals_rebuild.TestAccessControl" name="test_resident_forbidden[get-/rentals/rent-roll-params4]" time="0.050" /><testcase classname="tests.test_iter6_rentals_rebuild.TestAccessControl" name="test_resident_forbidden[get-/rentals/payments-None]" time="0.048" /><testcase classname="tests.test_iter6_rentals_rebuild.TestAccessControl" name="test_resident_forbidden[get-/rentals/deposits-None]" time="0.045" /><testcase classname="tests.test_iter6_rentals_rebuild.TestAccessControl" name="test_resident_forbidden[get-/rentals/payouts-None]" time="0.047" /><testcase classname="tests.test_iter6_rentals_rebuild.TestAccessControl" name="test_resident_forbidden[get-/rentals/export-params8]" time="0.044" /><testcase classname="tests.test_iter6_rentals_rebuild.TestAccessControl" name="test_resident_forbidden[get-/rentals/lease-end-params9]" time="0.047" /><testcase classname="tests.test_iter6_rentals_rebuild.TestAccessControl" name="test_resident_forbidden[get-/overview-params10]" time="0.047" /><testcase classname="tests.test_iter6_rentals_rebuild.TestAccessControl" name="test_resident_forbidden_writes" time="0.090" /><testcase classname="tests.test_iter6_rentals_rebuild.TestAccessControl" name="test_unauthenticated_401" time="0.134" /><testcase classname="tests.test_iter6_rentals_rebuild" name="test_zz_cleanup" time="0.307" /></testsuite></testsuites>