<?xml version="1.0" encoding="utf-8"?><testsuites name="pytest tests"><testsuite name="pytest" errors="0" failures="2" skipped="0" tests="33" time="3.234" timestamp="2026-08-31T03:56:15.192862+00:00" hostname="agent-env-75a625d5-b7c9-49d1-9bbf-b7c3255a55f6"><testcase classname="tests.test_iter11_xlsx_export.TestMisWorkbook" name="test_content_type_and_filename" time="0.645" /><testcase classname="tests.test_iter11_xlsx_export.TestMisWorkbook" name="test_exact_five_sheets" time="0.034" /><testcase classname="tests.test_iter11_xlsx_export.TestMisWorkbook" name="test_recon_headers_order" time="0.000" /><testcase classname="tests.test_iter11_xlsx_export.TestMisWorkbook" name="test_header_style_all_sheets" time="0.000" /><testcase classname="tests.test_iter11_xlsx_export.TestMisWorkbook" name="test_frozen_panes_and_widths" time="0.000" /><testcase classname="tests.test_iter11_xlsx_export.TestMisWorkbook" name="test_recon_values_match_statement" time="0.055" /><testcase classname="tests.test_iter11_xlsx_export.TestMisWorkbook" name="test_recon_total_row_shaded" time="0.000" /><testcase classname="tests.test_iter11_xlsx_export.TestMisWorkbook" name="test_balance_red_green" time="0.000" /><testcase classname="tests.test_iter11_xlsx_export.TestMisWorkbook" name="test_owner_colour_coding_and_key" time="0.001" /><testcase classname="tests.test_iter11_xlsx_export.TestMisWorkbook" name="test_summary_legend_block" time="0.000" /><testcase classname="tests.test_iter11_xlsx_export.TestMisWorkbook" name="test_original_owner_names_no_tenant_suffix" time="0.000" /><testcase classname="tests.test_iter11_xlsx_export.TestMisWorkbook" name="test_meter_sheet_colour_per_meter" time="0.001" /><testcase classname="tests.test_iter11_xlsx_export.TestMisWorkbook" name="test_meter_total_row" time="0.000" /><testcase classname="tests.test_iter11_xlsx_export.TestMisWorkbook" name="test_tanker_sheet" time="0.055" /><testcase classname="tests.test_iter11_xlsx_export.TestMisWorkbook" name="test_charges_sections" time="0.000" /><testcase classname="tests.test_iter11_xlsx_export.TestMisWorkbook" name="test_ledger_sheet" time="0.057" /><testcase classname="tests.test_iter11_xlsx_export.TestMisWorkbook" name="test_ledger_colour_key_lists_only_owners" time="0.001"><failure message="AssertionError: colour key contains non-owner entries: {'201', '202', '102', '101'}&#10;assert {'101', '102'...h Kumar', ...} == {'Anil Joshi'...'Vikram Nair'}&#10;  &#10;  Extra items in the left set:&#10;  '201'&#10;  '202'&#10;  '102'&#10;  '101'&#10;  Use -v to get more diff">E   AssertionError: colour key contains non-owner entries: {'201', '202', '102', '101'}
    assert {'101', '102'...h Kumar', ...} == {'Anil Joshi'...'Vikram Nair'}
      
      Extra items in the left set:
      '201'
      '202'
      '102'
      '101'
      Use -v to get more diff</failure></testcase><testcase classname="tests.test_iter11_xlsx_export.TestMisWorkbook" name="test_owner_tints_consistent_across_sheets" time="0.000" /><testcase classname="tests.test_iter11_xlsx_export.TestVerbatimRename" name="test_owner_rename_reflected" time="0.317" /><testcase classname="tests.test_iter11_xlsx_export.TestVerbatimRename" name="test_meter_rename_not_supported_by_api" time="0.055" /><testcase classname="tests.test_iter11_xlsx_export.TestVerbatimRename" name="test_new_meter_label_verbatim" time="0.277" /><testcase classname="tests.test_iter11_xlsx_export.TestRentalsWorkbook" name="test_media_type_and_sheets" time="0.408" /><testcase classname="tests.test_iter11_xlsx_export.TestRentalsWorkbook" name="test_headers_styled" time="0.000" /><testcase classname="tests.test_iter11_xlsx_export.TestRentalsWorkbook" name="test_rent_roll_values_and_tints" time="0.055" /><testcase classname="tests.test_iter11_xlsx_export.TestRentalsWorkbook" name="test_collections_modes_and_reference" time="0.049" /><testcase classname="tests.test_iter11_xlsx_export.TestRentalsWorkbook" name="test_payouts_and_settlement_and_deposits" time="0.000" /><testcase classname="tests.test_iter11_xlsx_export.TestRentalsWorkbook" name="test_property_tints_consistent_across_sheets" time="0.000" /><testcase classname="tests.test_iter11_xlsx_export.TestExportRegression" name="test_mis_csv_pdf" time="0.176" /><testcase classname="tests.test_iter11_xlsx_export.TestExportRegression" name="test_annual_exports" time="0.122" /><testcase classname="tests.test_iter11_xlsx_export.TestExportRegression" name="test_rentals_csv_pdf" time="0.112" /><testcase classname="tests.test_iter11_xlsx_export.TestExportRegression" name="test_unknown_format_silently_returns_pdf" time="0.066"><failure message="AssertionError: unknown format accepted -&gt; 200 application/pdf&#10;assert 200 in (400, 422)&#10; +  where 200 = &lt;Response [200]&gt;.status_code">E   AssertionError: unknown format accepted -&gt; 200 application/pdf
    assert 200 in (400, 422)
     +  where 200 = &lt;Response [200]&gt;.status_code</failure></testcase><testcase classname="tests.test_iter11_xlsx_export.TestExportRegression" name="test_xlsx_requires_auth" time="0.110" /><testcase classname="tests.test_iter11_xlsx_export.TestExportRegression" name="test_invalid_property_id" time="0.313" /></testsuite></testsuites>