<?xml version="1.0" encoding="utf-8"?><testsuites name="pytest tests"><testsuite name="pytest" errors="0" failures="15" skipped="72" tests="232" time="27.043" timestamp="2026-08-23T17:40:50.747248+00:00" hostname="agent-env-75a625d5-b7c9-49d1-9bbf-b7c3255a55f6"><testcase classname="tests.test_iter5_receipts_overview_vacancy.TestReceipts" name="test_receipt_pdf_per_kind[rent]" time="0.000"><skipped type="pytest.skip" message="rentals module rebuilt in iteration 6; see test_iter6_rentals_rebuild.py">/app/backend/tests/test_iter5_receipts_overview_vacancy.py:135: rentals module rebuilt in iteration 6; see test_iter6_rentals_rebuild.py</skipped></testcase><testcase classname="tests.test_iter5_receipts_overview_vacancy.TestReceipts" name="test_receipt_pdf_per_kind[deposit]" time="0.000"><skipped type="pytest.skip" message="rentals module rebuilt in iteration 6; see test_iter6_rentals_rebuild.py">/app/backend/tests/test_iter5_receipts_overview_vacancy.py:135: rentals module rebuilt in iteration 6; see test_iter6_rentals_rebuild.py</skipped></testcase><testcase classname="tests.test_iter5_receipts_overview_vacancy.TestReceipts" name="test_receipt_pdf_per_kind[deposit_refund]" time="0.000"><skipped type="pytest.skip" message="rentals module rebuilt in iteration 6; see test_iter6_rentals_rebuild.py">/app/backend/tests/test_iter5_receipts_overview_vacancy.py:135: rentals module rebuilt in iteration 6; see test_iter6_rentals_rebuild.py</skipped></testcase><testcase classname="tests.test_iter5_receipts_overview_vacancy.TestReceipts" name="test_receipt_pdf_per_kind[deposit_deduction]" time="0.000"><skipped type="pytest.skip" message="rentals module rebuilt in iteration 6; see test_iter6_rentals_rebuild.py">/app/backend/tests/test_iter5_receipts_overview_vacancy.py:135: rentals module rebuilt in iteration 6; see test_iter6_rentals_rebuild.py</skipped></testcase><testcase classname="tests.test_iter5_receipts_overview_vacancy.TestReceipts" name="test_rent_receipt_shows_rent_paid_and_balance" time="0.000"><skipped type="pytest.skip" message="rentals module rebuilt in iteration 6; see test_iter6_rentals_rebuild.py">/app/backend/tests/test_iter5_receipts_overview_vacancy.py:151: rentals module rebuilt in iteration 6; see test_iter6_rentals_rebuild.py</skipped></testcase><testcase classname="tests.test_iter5_receipts_overview_vacancy.TestReceipts" name="test_rent_receipt_balance_nil_when_fully_paid" time="0.000"><skipped type="pytest.skip" message="rentals module rebuilt in iteration 6; see test_iter6_rentals_rebuild.py">/app/backend/tests/test_iter5_receipts_overview_vacancy.py:158: rentals module rebuilt in iteration 6; see test_iter6_rentals_rebuild.py</skipped></testcase><testcase classname="tests.test_iter5_receipts_overview_vacancy.TestReceipts" name="test_receipt_unknown_id_404" time="0.000"><skipped type="pytest.skip" message="rentals module rebuilt in iteration 6; see test_iter6_rentals_rebuild.py">/app/backend/tests/test_iter5_receipts_overview_vacancy.py:171: rentals module rebuilt in iteration 6; see test_iter6_rentals_rebuild.py</skipped></testcase><testcase classname="tests.test_iter5_receipts_overview_vacancy.TestReceipts" name="test_receipt_bad_id_400" time="0.000"><skipped type="pytest.skip" message="rentals module rebuilt in iteration 6; see test_iter6_rentals_rebuild.py">/app/backend/tests/test_iter5_receipts_overview_vacancy.py:175: rentals module rebuilt in iteration 6; see test_iter6_rentals_rebuild.py</skipped></testcase><testcase classname="tests.test_iter5_receipts_overview_vacancy.TestReceipts" name="test_receipt_resident_403" time="0.000"><skipped type="pytest.skip" message="rentals module rebuilt in iteration 6; see test_iter6_rentals_rebuild.py">/app/backend/tests/test_iter5_receipts_overview_vacancy.py:179: rentals module rebuilt in iteration 6; see test_iter6_rentals_rebuild.py</skipped></testcase><testcase classname="tests.test_iter5_receipts_overview_vacancy.TestOverview" name="test_overview_shape_and_cross_check" time="0.000"><skipped type="pytest.skip" message="rentals module rebuilt in iteration 6; see test_iter6_rentals_rebuild.py">/app/backend/tests/test_iter5_receipts_overview_vacancy.py:187: rentals module rebuilt in iteration 6; see test_iter6_rentals_rebuild.py</skipped></testcase><testcase classname="tests.test_iter5_receipts_overview_vacancy.TestOverview" name="test_overview_month_validation[2026-13]" time="0.000"><skipped type="pytest.skip" message="rentals module rebuilt in iteration 6; see test_iter6_rentals_rebuild.py">/app/backend/tests/test_iter5_receipts_overview_vacancy.py:229: rentals module rebuilt in iteration 6; see test_iter6_rentals_rebuild.py</skipped></testcase><testcase classname="tests.test_iter5_receipts_overview_vacancy.TestOverview" name="test_overview_month_validation[202604]" time="0.000"><skipped type="pytest.skip" message="rentals module rebuilt in iteration 6; see test_iter6_rentals_rebuild.py">/app/backend/tests/test_iter5_receipts_overview_vacancy.py:229: rentals module rebuilt in iteration 6; see test_iter6_rentals_rebuild.py</skipped></testcase><testcase classname="tests.test_iter5_receipts_overview_vacancy.TestOverview" name="test_overview_month_validation[abcd]" time="0.000"><skipped type="pytest.skip" message="rentals module rebuilt in iteration 6; see test_iter6_rentals_rebuild.py">/app/backend/tests/test_iter5_receipts_overview_vacancy.py:229: rentals module rebuilt in iteration 6; see test_iter6_rentals_rebuild.py</skipped></testcase><testcase classname="tests.test_iter5_receipts_overview_vacancy.TestOverview" name="test_overview_month_validation[2026-1]" time="0.000"><skipped type="pytest.skip" message="rentals module rebuilt in iteration 6; see test_iter6_rentals_rebuild.py">/app/backend/tests/test_iter5_receipts_overview_vacancy.py:229: rentals module rebuilt in iteration 6; see test_iter6_rentals_rebuild.py</skipped></testcase><testcase classname="tests.test_iter5_receipts_overview_vacancy.TestOverview" name="test_overview_month_validation[]" time="0.000"><skipped type="pytest.skip" message="rentals module rebuilt in iteration 6; see test_iter6_rentals_rebuild.py">/app/backend/tests/test_iter5_receipts_overview_vacancy.py:229: rentals module rebuilt in iteration 6; see test_iter6_rentals_rebuild.py</skipped></testcase><testcase classname="tests.test_iter5_receipts_overview_vacancy.TestOverview" name="test_overview_missing_month" time="0.000"><skipped type="pytest.skip" message="rentals module rebuilt in iteration 6; see test_iter6_rentals_rebuild.py">/app/backend/tests/test_iter5_receipts_overview_vacancy.py:234: rentals module rebuilt in iteration 6; see test_iter6_rentals_rebuild.py</skipped></testcase><testcase classname="tests.test_iter5_receipts_overview_vacancy.TestOverview" name="test_overview_resident_403" time="0.000"><skipped type="pytest.skip" message="rentals module rebuilt in iteration 6; see test_iter6_rentals_rebuild.py">/app/backend/tests/test_iter5_receipts_overview_vacancy.py:238: rentals module rebuilt in iteration 6; see test_iter6_rentals_rebuild.py</skipped></testcase><testcase classname="tests.test_iter5_receipts_overview_vacancy.TestOverview" name="test_overview_unauthenticated_401" time="0.000"><skipped type="pytest.skip" message="rentals module rebuilt in iteration 6; see test_iter6_rentals_rebuild.py">/app/backend/tests/test_iter5_receipts_overview_vacancy.py:242: rentals module rebuilt in iteration 6; see test_iter6_rentals_rebuild.py</skipped></testcase><testcase classname="tests.test_iter4_rentals_annual.TestCollectionsAndStatus" name="test_unpaid_past_due_is_overdue" time="0.000"><skipped type="pytest.skip" message="rentals module rebuilt in iteration 6; see test_iter6_rentals_rebuild.py">/app/backend/tests/test_iter4_rentals_annual.py:231: rentals module rebuilt in iteration 6; see test_iter6_rentals_rebuild.py</skipped></testcase><testcase classname="tests.test_iter4_rentals_annual.TestCollectionsAndStatus" name="test_partial_then_full_payment_marks_paid" time="0.000"><skipped type="pytest.skip" message="rentals module rebuilt in iteration 6; see test_iter6_rentals_rebuild.py">/app/backend/tests/test_iter4_rentals_annual.py:239: rentals module rebuilt in iteration 6; see test_iter6_rentals_rebuild.py</skipped></testcase><testcase classname="tests.test_iter4_rentals_annual.TestCollectionsAndStatus" name="test_overpayment_shows_advance_not_negative" time="0.000"><skipped type="pytest.skip" message="rentals module rebuilt in iteration 6; see test_iter6_rentals_rebuild.py">/app/backend/tests/test_iter4_rentals_annual.py:262: rentals module rebuilt in iteration 6; see test_iter6_rentals_rebuild.py</skipped></testcase><testcase classname="tests.test_iter4_rentals_annual.TestCollectionsAndStatus" name="test_deposit_refund_and_deduction_math" time="0.000"><skipped type="pytest.skip" message="rentals module rebuilt in iteration 6; see test_iter6_rentals_rebuild.py">/app/backend/tests/test_iter4_rentals_annual.py:277: rentals module rebuilt in iteration 6; see test_iter6_rentals_rebuild.py</skipped></testcase><testcase classname="tests.test_iter4_rentals_annual.TestCollectionsAndStatus" name="test_unknown_collection_kind_rejected" time="0.000"><skipped type="pytest.skip" message="rentals module rebuilt in iteration 6; see test_iter6_rentals_rebuild.py">/app/backend/tests/test_iter4_rentals_annual.py:294: rentals module rebuilt in iteration 6; see test_iter6_rentals_rebuild.py</skipped></testcase><testcase classname="tests.test_iter4_rentals_annual.TestCollectionsAndStatus" name="test_vacant_status_when_lease_not_covering_month" time="0.000"><skipped type="pytest.skip" message="rentals module rebuilt in iteration 6; see test_iter6_rentals_rebuild.py">/app/backend/tests/test_iter4_rentals_annual.py:300: rentals module rebuilt in iteration 6; see test_iter6_rentals_rebuild.py</skipped></testcase><testcase classname="tests.test_iter4_rentals_annual.TestCollectionsAndStatus" name="test_vacant_status_when_unit_status_vacant" time="0.000"><skipped type="pytest.skip" message="rentals module rebuilt in iteration 6; see test_iter6_rentals_rebuild.py">/app/backend/tests/test_iter4_rentals_annual.py:309: rentals module rebuilt in iteration 6; see test_iter6_rentals_rebuild.py</skipped></testcase><testcase classname="tests.test_iter4_rentals_annual.TestCollectionsAndStatus" name="test_lease_expiring_soon_flag" time="0.000"><skipped type="pytest.skip" message="rentals module rebuilt in iteration 6; see test_iter6_rentals_rebuild.py">/app/backend/tests/test_iter4_rentals_annual.py:318: rentals module rebuilt in iteration 6; see test_iter6_rentals_rebuild.py</skipped></testcase><testcase classname="tests.test_iter4_rentals_annual.TestAnnual" name="test_annual_totals_and_rows" time="0.000"><skipped type="pytest.skip" message="rentals module rebuilt in iteration 6; see test_iter6_rentals_rebuild.py">/app/backend/tests/test_iter4_rentals_annual.py:455: rentals module rebuilt in iteration 6; see test_iter6_rentals_rebuild.py</skipped></testcase><testcase classname="tests.test_iter4_rentals_annual.TestAnnual" name="test_annual_rows_equal_sum_of_monthly_statements" time="0.000"><skipped type="pytest.skip" message="rentals module rebuilt in iteration 6; see test_iter6_rentals_rebuild.py">/app/backend/tests/test_iter4_rentals_annual.py:471: rentals module rebuilt in iteration 6; see test_iter6_rentals_rebuild.py</skipped></testcase><testcase classname="tests.test_iter4_rentals_annual.TestAnnual" name="test_annual_empty_year" time="0.000"><skipped type="pytest.skip" message="rentals module rebuilt in iteration 6; see test_iter6_rentals_rebuild.py">/app/backend/tests/test_iter4_rentals_annual.py:490: rentals module rebuilt in iteration 6; see test_iter6_rentals_rebuild.py</skipped></testcase><testcase classname="tests.test_iter4_rentals_annual.TestAnnual" name="test_annual_bad_property_404" time="0.000"><skipped type="pytest.skip" message="rentals module rebuilt in iteration 6; see test_iter6_rentals_rebuild.py">/app/backend/tests/test_iter4_rentals_annual.py:496: rentals module rebuilt in iteration 6; see test_iter6_rentals_rebuild.py</skipped></testcase><testcase classname="tests.test_iter4_rentals_annual.TestAnnual" name="test_annual_csv_export" time="0.000"><skipped type="pytest.skip" message="rentals module rebuilt in iteration 6; see test_iter6_rentals_rebuild.py">/app/backend/tests/test_iter4_rentals_annual.py:501: rentals module rebuilt in iteration 6; see test_iter6_rentals_rebuild.py</skipped></testcase><testcase classname="tests.test_iter4_rentals_annual.TestAnnual" name="test_annual_pdf_export" time="0.000"><skipped type="pytest.skip" message="rentals module rebuilt in iteration 6; see test_iter6_rentals_rebuild.py">/app/backend/tests/test_iter4_rentals_annual.py:510: rentals module rebuilt in iteration 6; see test_iter6_rentals_rebuild.py</skipped></testcase><testcase classname="tests.test_iter4_rentals_annual.TestAnnual" name="test_annual_export_resident_forbidden" time="0.000"><skipped type="pytest.skip" message="rentals module rebuilt in iteration 6; see test_iter6_rentals_rebuild.py">/app/backend/tests/test_iter4_rentals_annual.py:517: rentals module rebuilt in iteration 6; see test_iter6_rentals_rebuild.py</skipped></testcase><testcase classname="tests.test_iter4_rentals_annual.TestAnnual" name="test_annual_resident_scoping" time="0.000"><skipped type="pytest.skip" message="rentals module rebuilt in iteration 6; see test_iter6_rentals_rebuild.py">/app/backend/tests/test_iter4_rentals_annual.py:522: rentals module rebuilt in iteration 6; see test_iter6_rentals_rebuild.py</skipped></testcase><testcase classname="tests.backend_test.TestAuth" name="test_root" time="0.339" /><testcase classname="tests.test_iter6_rentals_rebuild.TestAccessControl" name="test_resident_forbidden[get-/rentals/units-None]" time="0.452" /><testcase classname="tests.backend_test.TestAuth" name="test_login_sets_httponly_cookie_and_token" time="0.389" /><testcase classname="tests.test_iter6_rentals_rebuild.TestAccessControl" name="test_resident_forbidden[get-/rentals/categories-None]" time="0.067" /><testcase classname="tests.test_iter6_rentals_rebuild.TestAccessControl" name="test_resident_forbidden[get-/rentals/bills-params2]" time="0.232" /><testcase classname="tests.test_iter6_rentals_rebuild.TestAccessControl" name="test_resident_forbidden[get-/rentals/statement-params3]" time="0.049" /><testcase classname="tests.test_iter6_rentals_rebuild.TestAccessControl" name="test_resident_forbidden[get-/rentals/rent-roll-params4]" time="0.047" /><testcase classname="tests.test_iter6_rentals_rebuild.TestAccessControl" name="test_resident_forbidden[get-/rentals/payments-None]" time="0.050" /><testcase classname="tests.test_iter6_rentals_rebuild.TestAccessControl" name="test_resident_forbidden[get-/rentals/deposits-None]" time="0.054" /><testcase classname="tests.test_iter6_rentals_rebuild.TestAccessControl" name="test_resident_forbidden[get-/rentals/payouts-None]" time="0.295" /><testcase classname="tests.test_iter6_rentals_rebuild.TestAccessControl" name="test_resident_forbidden[get-/rentals/export-params8]" time="0.053" /><testcase classname="tests.backend_test.TestAuth" name="test_me_with_bearer" time="0.575" /><testcase classname="tests.test_iter6_rentals_rebuild.TestAccessControl" name="test_resident_forbidden[get-/rentals/lease-end-params9]" time="0.054" /><testcase classname="tests.test_iter6_rentals_rebuild.TestAccessControl" name="test_resident_forbidden[get-/overview-params10]" time="0.058" /><testcase classname="tests.backend_test.TestAuth" name="test_me_without_auth_401" time="0.146" /><testcase classname="tests.backend_test.TestAuth" name="test_invalid_password_401" time="0.477" /><testcase classname="tests.test_iter6_rentals_rebuild.TestAccessControl" name="test_resident_forbidden_writes" time="0.673" /><testcase classname="tests.backend_test.TestAuth" name="test_brute_force_lockout" time="1.205" /><testcase classname="tests.test_iter6_rentals_rebuild.TestAccessControl" name="test_unauthenticated_401" time="0.154" /><testcase classname="tests.backend_test.TestWaterAndEngine" name="test_tanker_autocalc" time="0.659" /><testcase classname="tests.backend_test.TestWaterAndEngine" name="test_readings_prefill_and_save" time="0.268" /><testcase classname="tests.backend_test.TestWaterAndEngine" name="test_charges_and_defaults" time="0.495" /><testcase classname="tests.backend_test.TestAuth" name="test_cors_credentials_not_wildcard" time="0.116"><skipped type="pytest.skip" message="edge proxy overrides CORS headers on the public URL; app config verified from env">/app/backend/tests/backend_test.py:108: edge proxy overrides CORS headers on the public URL; app config verified from env</skipped></testcase><testcase classname="tests.test_iter4_rentals_annual.TestExpensesAndIsolation" name="test_expense_reduces_net_to_owner" time="0.000"><skipped type="pytest.skip" message="rentals module rebuilt in iteration 6; see test_iter6_rentals_rebuild.py">/app/backend/tests/test_iter4_rentals_annual.py:345: rentals module rebuilt in iteration 6; see test_iter6_rentals_rebuild.py</skipped></testcase><testcase classname="tests.test_iter4_rentals_annual.TestExpensesAndIsolation" name="test_on_behalf_of_building_tally" time="0.000"><skipped type="pytest.skip" message="rentals module rebuilt in iteration 6; see test_iter6_rentals_rebuild.py">/app/backend/tests/test_iter4_rentals_annual.py:367: rentals module rebuilt in iteration 6; see test_iter6_rentals_rebuild.py</skipped></testcase><testcase classname="tests.test_iter4_rentals_annual.TestExpensesAndIsolation" name="test_maintenance_statement_unaffected_by_rentals" time="0.000"><skipped type="pytest.skip" message="rentals module rebuilt in iteration 6; see test_iter6_rentals_rebuild.py">/app/backend/tests/test_iter4_rentals_annual.py:386: rentals module rebuilt in iteration 6; see test_iter6_rentals_rebuild.py</skipped></testcase><testcase classname="tests.test_iter4_rentals_annual.TestExpensesAndIsolation" name="test_bad_expense_category_rejected" time="0.000"><skipped type="pytest.skip" message="rentals module rebuilt in iteration 6; see test_iter6_rentals_rebuild.py">/app/backend/tests/test_iter4_rentals_annual.py:400: rentals module rebuilt in iteration 6; see test_iter6_rentals_rebuild.py</skipped></testcase><testcase classname="tests.test_iter4_rentals_annual.TestExpensesAndIsolation" name="test_resident_forbidden_on_all_rentals_endpoints" time="0.000"><skipped type="pytest.skip" message="rentals module rebuilt in iteration 6; see test_iter6_rentals_rebuild.py">/app/backend/tests/test_iter4_rentals_annual.py:406: rentals module rebuilt in iteration 6; see test_iter6_rentals_rebuild.py</skipped></testcase><testcase classname="tests.test_iter4_rentals_annual.TestExpensesAndIsolation" name="test_rentals_require_auth" time="0.000"><skipped type="pytest.skip" message="rentals module rebuilt in iteration 6; see test_iter6_rentals_rebuild.py">/app/backend/tests/test_iter4_rentals_annual.py:417: rentals module rebuilt in iteration 6; see test_iter6_rentals_rebuild.py</skipped></testcase><testcase classname="tests.test_iter4_rentals_annual.TestExpensesAndIsolation" name="test_dashboard_has_no_rental_data" time="0.000"><skipped type="pytest.skip" message="rentals module rebuilt in iteration 6; see test_iter6_rentals_rebuild.py">/app/backend/tests/test_iter4_rentals_annual.py:421: rentals module rebuilt in iteration 6; see test_iter6_rentals_rebuild.py</skipped></testcase><testcase classname="tests.test_iter5_receipts_overview_vacancy.TestVacancy" name="test_vacant_since_persists" time="0.000"><skipped type="pytest.skip" message="rentals module rebuilt in iteration 6; see test_iter6_rentals_rebuild.py">/app/backend/tests/test_iter5_receipts_overview_vacancy.py:249: rentals module rebuilt in iteration 6; see test_iter6_rentals_rebuild.py</skipped></testcase><testcase classname="tests.test_iter5_receipts_overview_vacancy.TestVacancy" name="test_rent_roll_vacancy_metrics" time="0.000"><skipped type="pytest.skip" message="rentals module rebuilt in iteration 6; see test_iter6_rentals_rebuild.py">/app/backend/tests/test_iter5_receipts_overview_vacancy.py:256: rentals module rebuilt in iteration 6; see test_iter6_rentals_rebuild.py</skipped></testcase><testcase classname="tests.test_iter5_receipts_overview_vacancy.TestVacancy" name="test_vacant_without_since_falls_back_to_lease_end" time="0.000"><skipped type="pytest.skip" message="rentals module rebuilt in iteration 6; see test_iter6_rentals_rebuild.py">/app/backend/tests/test_iter5_receipts_overview_vacancy.py:270: rentals module rebuilt in iteration 6; see test_iter6_rentals_rebuild.py</skipped></testcase><testcase classname="tests.test_iter5_receipts_overview_vacancy.TestVacancy" name="test_vacant_no_since_no_lease_end_zero" time="0.000"><skipped type="pytest.skip" message="rentals module rebuilt in iteration 6; see test_iter6_rentals_rebuild.py">/app/backend/tests/test_iter5_receipts_overview_vacancy.py:286: rentals module rebuilt in iteration 6; see test_iter6_rentals_rebuild.py</skipped></testcase><testcase classname="tests.test_iter5_receipts_overview_vacancy.TestVacancy" name="test_garbage_vacant_since_does_not_500" time="0.000"><skipped type="pytest.skip" message="rentals module rebuilt in iteration 6; see test_iter6_rentals_rebuild.py">/app/backend/tests/test_iter5_receipts_overview_vacancy.py:300: rentals module rebuilt in iteration 6; see test_iter6_rentals_rebuild.py</skipped></testcase><testcase classname="tests.test_iter5_receipts_overview_vacancy.TestVacancy" name="test_future_vacant_since_clamped_to_zero" time="0.000"><skipped type="pytest.skip" message="rentals module rebuilt in iteration 6; see test_iter6_rentals_rebuild.py">/app/backend/tests/test_iter5_receipts_overview_vacancy.py:316: rentals module rebuilt in iteration 6; see test_iter6_rentals_rebuild.py</skipped></testcase><testcase classname="tests.test_iter5_receipts_overview_vacancy.TestVacancy" name="test_export_includes_vacancy_summary" time="0.000"><skipped type="pytest.skip" message="rentals module rebuilt in iteration 6; see test_iter6_rentals_rebuild.py">/app/backend/tests/test_iter5_receipts_overview_vacancy.py:328: rentals module rebuilt in iteration 6; see test_iter6_rentals_rebuild.py</skipped></testcase><testcase classname="tests.backend_test.TestWaterAndEngine" name="test_payment_received_and_payout" time="0.147" /><testcase classname="tests.test_iter8_carry_fallback_reference.TestCarryForwardFallback" name="test_active_unit_no_prev_bill_uses_master" time="0.770" /><testcase classname="tests.backend_test.TestWaterAndEngine" name="test_statement_math" time="0.059" /><testcase classname="tests.backend_test.TestWaterAndEngine" name="test_meter_rollback_flag" time="0.164" /><testcase classname="tests.backend_test.TestWaterAndEngine" name="test_negative_reserve_flag" time="0.316" /><testcase classname="tests.test_iter8_carry_fallback_reference.TestCarryForwardFallback" name="test_fallback_nets_off_payments_recorded_in_prev_month" time="0.425" /><testcase classname="tests.test_iter6_rentals_rebuild.TestPropertyMaster" name="test_lease_end_autocompute_on_create" time="0.000" /><testcase classname="tests.test_iter6_rentals_rebuild.TestPropertyMaster" name="test_lease_end_helper" time="0.098" /><testcase classname="tests.test_iter6_rentals_rebuild.TestPropertyMaster" name="test_lease_end_helper_bad_input" time="0.109" /><testcase classname="tests.test_iter8_carry_fallback_reference.TestCarryForwardFallback" name="test_fully_paid_prev_month_no_carry" time="0.432" /><testcase classname="tests.test_iter6_rentals_rebuild.TestPropertyMaster" name="test_manual_end_date_without_months" time="0.147" /><testcase classname="tests.test_iter6_rentals_rebuild.TestPropertyMaster" name="test_unknown_unit_404" time="0.094" /><testcase classname="tests.test_iter6_rentals_rebuild.TestPropertyMaster" name="test_bad_kind_and_ownership" time="0.138" /><testcase classname="tests.test_iter6_rentals_rebuild.TestCollections" name="test_statement_before_collection" time="0.057"><failure message="assert 85000.0 == 44300">self = &lt;test_iter6_rentals_rebuild.TestCollections object at 0xfdf77e25ead0&gt;
admin = &lt;requests.sessions.Session object at 0xfdf77e1eb490&gt;
qa_unit = {'name': 'QA Prop 7ce365', 'kind': 'flat', 'address': '', 'ownership': 'own', ...}

    def test_statement_before_collection(self, admin, qa_unit):
        st = admin.get(f"{API}/rentals/statement", params={"month": MONTH}, timeout=30).json()
        row = next(r for r in st["rows"] if r["unit_id"] == qa_unit["id"])
&gt;       assert row["total_to_collect"] == 44300
E       assert 85000.0 == 44300

tests/test_iter6_rentals_rebuild.py:223: AssertionError</failure></testcase><testcase classname="tests.test_iter8_carry_fallback_reference.TestCarryForwardFallback" name="test_lease_starting_this_month_gives_zero_carry" time="0.249" /><testcase classname="tests.test_iter6_rentals_rebuild.TestCollections" name="test_record_split_payment" time="0.112"><failure message="assert 42500.0 == 1800">self = &lt;test_iter6_rentals_rebuild.TestCollections object at 0xfdf77e219fd0&gt;
admin = &lt;requests.sessions.Session object at 0xfdf77e1eb490&gt;
qa_unit = {'name': 'QA Prop 7ce365', 'kind': 'flat', 'address': '', 'ownership': 'own', ...}

    def test_record_split_payment(self, admin, qa_unit):
        r = admin.post(f"{API}/rentals/payments", json={
            "unit_id": qa_unit["id"], "month": MONTH, "date": f"{MONTH}-06",
            "rent_paid": 40000, "maintenance_paid": 2500, "adhoc_paid": 0,
            "mode": "upi", "reference": "QA-UPI-1", "notes": "QA collection"}, timeout=30)
        assert r.status_code == 200, r.text[:300]
        p = r.json()
        assert p["total"] == 42500
        TestCollections.payment_id = p["id"]
    
        st = admin.get(f"{API}/rentals/statement", params={"month": MONTH}, timeout=30).json()
        row = next(x for x in st["rows"] if x["unit_id"] == qa_unit["id"])
        assert row["rent_paid"] == 40000
        assert row["maintenance_paid"] == 2500
        assert row["adhoc_paid"] == 0
        assert row["collected"] == 42500
&gt;       assert row["balance"] == 1800
E       assert 42500.0 == 1800

tests/test_iter6_rentals_rebuild.py:246: AssertionError</failure></testcase><testcase classname="tests.test_iter6_rentals_rebuild.TestCollections" name="test_receipt_pdf" time="0.057" /><testcase classname="tests.test_iter8_carry_fallback_reference.TestCarryForwardFallback" name="test_vacant_unit_gives_zero_carry" time="0.212" /><testcase classname="tests.test_iter6_rentals_rebuild.TestCollections" name="test_receipt_unknown_404" time="0.054" /><testcase classname="tests.test_iter6_rentals_rebuild.TestCollections" name="test_delete_payment_reverses" time="0.108"><failure message="assert 85000.0 == 44300">self = &lt;test_iter6_rentals_rebuild.TestCollections object at 0xfdf77e21aa50&gt;
admin = &lt;requests.sessions.Session object at 0xfdf77e1eb490&gt;
qa_unit = {'name': 'QA Prop 7ce365', 'kind': 'flat', 'address': '', 'ownership': 'own', ...}

    def test_delete_payment_reverses(self, admin, qa_unit):
        pid = TestCollections.payment_id
        assert admin.delete(f"{API}/rentals/payments/{pid}", timeout=30).status_code == 200
        st = admin.get(f"{API}/rentals/statement", params={"month": MONTH}, timeout=30).json()
        row = next(x for x in st["rows"] if x["unit_id"] == qa_unit["id"])
        assert row["collected"] == 0
&gt;       assert row["balance"] == 44300
E       assert 85000.0 == 44300

tests/test_iter6_rentals_rebuild.py:271: AssertionError</failure></testcase><testcase classname="tests.test_iter6_rentals_rebuild.TestCollections" name="test_cleanup_payment" time="0.000" /><testcase classname="tests.test_iter8_carry_fallback_reference.TestCarryForwardFallback" name="test_lease_ended_before_prev_month_gives_zero_carry" time="0.409" /><testcase classname="tests.test_iter8_carry_fallback_reference.TestCarryForwardFallback" name="test_unit_without_lease_start_created_now_has_no_bogus_dues" time="0.267"><failure message="AssertionError: unit with no lease_start shows bogus carry_forward 10500.0&#10;assert 10500.0 == 0">self = &lt;test_iter8_carry_fallback_reference.TestCarryForwardFallback object at 0xfa9fa964c450&gt;
admin = &lt;requests.sessions.Session object at 0xfa9fa960f1d0&gt;

    def test_unit_without_lease_start_created_now_has_no_bogus_dues(self, admin):
        """A unit created today with no lease dates must not show dues for past months."""
        uid = make_unit(admin, lease_start="", lease_months=0)
        try:
            nxt = bill_for(admin, M2, uid)
&gt;           assert nxt["carry_forward"] == 0, (
                f"unit with no lease_start shows bogus carry_forward {nxt['carry_forward']}")
E               AssertionError: unit with no lease_start shows bogus carry_forward 10500.0
E               assert 10500.0 == 0

tests/test_iter8_carry_fallback_reference.py:242: AssertionError</failure></testcase><testcase classname="tests.test_iter9_report_formats.TestMisCsv" name="test_owner_table_headers" time="0.547" /><testcase classname="tests.test_iter9_report_formats.TestMisCsv" name="test_has_payment_status_and_date_cols" time="0.000" /><testcase classname="tests.test_iter9_report_formats.TestMisCsv" name="test_water_usage_section_present" time="0.000" /><testcase classname="tests.test_iter9_report_formats.TestMisCsv" name="test_total_expense_per_head" time="0.000" /><testcase classname="tests.test_iter9_report_formats.TestMisCsv" name="test_all_dates_are_dmy" time="0.000" /><testcase classname="tests.test_iter9_report_formats.TestMisCsv" name="test_serials_sequential" time="0.000" /><testcase classname="tests.test_iter4_rentals_annual.TestRentalSeededBaseline" name="test_demo_seed_idempotent" time="0.000"><skipped type="pytest.skip" message="rentals module rebuilt in iteration 6; see test_iter6_rentals_rebuild.py">/app/backend/tests/test_iter4_rentals_annual.py:99: rentals module rebuilt in iteration 6; see test_iter6_rentals_rebuild.py</skipped></testcase><testcase classname="tests.test_iter4_rentals_annual.TestRentalSeededBaseline" name="test_seeded_units_present" time="0.000"><skipped type="pytest.skip" message="rentals module rebuilt in iteration 6; see test_iter6_rentals_rebuild.py">/app/backend/tests/test_iter4_rentals_annual.py:104: rentals module rebuilt in iteration 6; see test_iter6_rentals_rebuild.py</skipped></testcase><testcase classname="tests.test_iter4_rentals_annual.TestRentalSeededBaseline" name="test_rent_roll_baseline_math" time="0.000"><skipped type="pytest.skip" message="rentals module rebuilt in iteration 6; see test_iter6_rentals_rebuild.py">/app/backend/tests/test_iter4_rentals_annual.py:115: rentals module rebuilt in iteration 6; see test_iter6_rentals_rebuild.py</skipped></testcase><testcase classname="tests.test_iter4_rentals_annual.TestRentalSeededBaseline" name="test_building_tally_present" time="0.000"><skipped type="pytest.skip" message="rentals module rebuilt in iteration 6; see test_iter6_rentals_rebuild.py">/app/backend/tests/test_iter4_rentals_annual.py:136: rentals module rebuilt in iteration 6; see test_iter6_rentals_rebuild.py</skipped></testcase><testcase classname="tests.test_iter4_rentals_annual.TestRentalSeededBaseline" name="test_deposit_accumulates_across_months" time="0.000"><skipped type="pytest.skip" message="rentals module rebuilt in iteration 6; see test_iter6_rentals_rebuild.py">/app/backend/tests/test_iter4_rentals_annual.py:146: rentals module rebuilt in iteration 6; see test_iter6_rentals_rebuild.py</skipped></testcase><testcase classname="tests.test_iter4_rentals_annual.TestUnitsCRUD" name="test_create_update_delete_unit" time="0.000"><skipped type="pytest.skip" message="rentals module rebuilt in iteration 6; see test_iter6_rentals_rebuild.py">/app/backend/tests/test_iter4_rentals_annual.py:158: rentals module rebuilt in iteration 6; see test_iter6_rentals_rebuild.py</skipped></testcase><testcase classname="tests.test_iter4_rentals_annual.TestUnitsCRUD" name="test_invalid_kind_and_ownership_rejected" time="0.000"><skipped type="pytest.skip" message="rentals module rebuilt in iteration 6; see test_iter6_rentals_rebuild.py">/app/backend/tests/test_iter4_rentals_annual.py:185: rentals module rebuilt in iteration 6; see test_iter6_rentals_rebuild.py</skipped></testcase><testcase classname="tests.test_iter4_rentals_annual.TestUnitsCRUD" name="test_update_unknown_unit_404" time="0.000"><skipped type="pytest.skip" message="rentals module rebuilt in iteration 6; see test_iter6_rentals_rebuild.py">/app/backend/tests/test_iter4_rentals_annual.py:191: rentals module rebuilt in iteration 6; see test_iter6_rentals_rebuild.py</skipped></testcase><testcase classname="tests.test_iter4_rentals_annual.TestUnitsCRUD" name="test_invalid_objectid_400" time="0.000"><skipped type="pytest.skip" message="rentals module rebuilt in iteration 6; see test_iter6_rentals_rebuild.py">/app/backend/tests/test_iter4_rentals_annual.py:196: rentals module rebuilt in iteration 6; see test_iter6_rentals_rebuild.py</skipped></testcase><testcase classname="tests.test_iter4_rentals_annual.TestUnitsCRUD" name="test_delete_unit_cascades_children" time="0.000"><skipped type="pytest.skip" message="rentals module rebuilt in iteration 6; see test_iter6_rentals_rebuild.py">/app/backend/tests/test_iter4_rentals_annual.py:200: rentals module rebuilt in iteration 6; see test_iter6_rentals_rebuild.py</skipped></testcase><testcase classname="tests.test_iter4_rentals_annual.TestEntryEditing" name="test_update_tanker_recomputes" time="0.000"><skipped type="pytest.skip" message="rentals module rebuilt in iteration 6; see test_iter6_rentals_rebuild.py">/app/backend/tests/test_iter4_rentals_annual.py:545: rentals module rebuilt in iteration 6; see test_iter6_rentals_rebuild.py</skipped></testcase><testcase classname="tests.test_iter4_rentals_annual.TestEntryEditing" name="test_update_tanker_404" time="0.000"><skipped type="pytest.skip" message="rentals module rebuilt in iteration 6; see test_iter6_rentals_rebuild.py">/app/backend/tests/test_iter4_rentals_annual.py:569: rentals module rebuilt in iteration 6; see test_iter6_rentals_rebuild.py</skipped></testcase><testcase classname="tests.test_iter4_rentals_annual.TestEntryEditing" name="test_update_charge_preserves_category_and_media" time="0.000"><skipped type="pytest.skip" message="rentals module rebuilt in iteration 6; see test_iter6_rentals_rebuild.py">/app/backend/tests/test_iter4_rentals_annual.py:575: rentals module rebuilt in iteration 6; see test_iter6_rentals_rebuild.py</skipped></testcase><testcase classname="tests.test_iter4_rentals_annual.TestEntryEditing" name="test_update_charge_bad_type_and_404" time="0.000"><skipped type="pytest.skip" message="rentals module rebuilt in iteration 6; see test_iter6_rentals_rebuild.py">/app/backend/tests/test_iter4_rentals_annual.py:599: rentals module rebuilt in iteration 6; see test_iter6_rentals_rebuild.py</skipped></testcase><testcase classname="tests.test_iter4_rentals_annual.TestEntryEditing" name="test_resident_cannot_edit_entries" time="0.000"><skipped type="pytest.skip" message="rentals module rebuilt in iteration 6; see test_iter6_rentals_rebuild.py">/app/backend/tests/test_iter4_rentals_annual.py:614: rentals module rebuilt in iteration 6; see test_iter6_rentals_rebuild.py</skipped></testcase><testcase classname="tests.test_iter5_receipts_overview_vacancy.TestRegression" name="test_statement_unaffected_by_rentals" time="0.000"><skipped type="pytest.skip" message="rentals module rebuilt in iteration 6; see test_iter6_rentals_rebuild.py">/app/backend/tests/test_iter5_receipts_overview_vacancy.py:344: rentals module rebuilt in iteration 6; see test_iter6_rentals_rebuild.py</skipped></testcase><testcase classname="tests.test_iter5_receipts_overview_vacancy.TestRegression" name="test_deposits_held_across_months" time="0.000"><skipped type="pytest.skip" message="rentals module rebuilt in iteration 6; see test_iter6_rentals_rebuild.py">/app/backend/tests/test_iter5_receipts_overview_vacancy.py:353: rentals module rebuilt in iteration 6; see test_iter6_rentals_rebuild.py</skipped></testcase><testcase classname="tests.test_iter5_receipts_overview_vacancy.TestRegression" name="test_rent_roll_status_logic" time="0.000"><skipped type="pytest.skip" message="rentals module rebuilt in iteration 6; see test_iter6_rentals_rebuild.py">/app/backend/tests/test_iter5_receipts_overview_vacancy.py:361: rentals module rebuilt in iteration 6; see test_iter6_rentals_rebuild.py</skipped></testcase><testcase classname="tests.test_iter5_receipts_overview_vacancy.TestRegression" name="test_annual_scoped_by_role" time="0.000"><skipped type="pytest.skip" message="rentals module rebuilt in iteration 6; see test_iter6_rentals_rebuild.py">/app/backend/tests/test_iter5_receipts_overview_vacancy.py:370: rentals module rebuilt in iteration 6; see test_iter6_rentals_rebuild.py</skipped></testcase><testcase classname="tests.test_iter5_receipts_overview_vacancy.TestRegression" name="test_rentals_admin_only" time="0.000"><skipped type="pytest.skip" message="rentals module rebuilt in iteration 6; see test_iter6_rentals_rebuild.py">/app/backend/tests/test_iter5_receipts_overview_vacancy.py:382: rentals module rebuilt in iteration 6; see test_iter6_rentals_rebuild.py</skipped></testcase><testcase classname="tests.test_iter6_rentals_rebuild.TestPayouts" name="test_building_payable_and_credits" time="0.064"><failure message="assert 2500.0 == 5500">self = &lt;test_iter6_rentals_rebuild.TestPayouts object at 0xfdf77e2199d0&gt;
admin = &lt;requests.sessions.Session object at 0xfdf77e1eb490&gt;
qa_unit = {'name': 'QA Prop 7ce365', 'kind': 'flat', 'address': '', 'ownership': 'own', ...}

    def test_building_payable_and_credits(self, admin, qa_unit):
        st = admin.get(f"{API}/rentals/statement", params={"month": MONTH}, timeout=30).json()
        b = next(x for x in st["buildings"] if x["building"] == QA_BUILDING)
&gt;       assert b["payable"] == 5500     # maintenance 2500 + adhoc-to-building 3000
        ^^^^^^^^^^^^^^^^^^^^^^^^^^^
E       assert 2500.0 == 5500

tests/test_iter6_rentals_rebuild.py:322: AssertionError</failure></testcase><testcase classname="tests.test_iter6_rentals_rebuild.TestPayouts" name="test_payout_and_credit_payout" time="0.217"><failure message="assert 2500.0 == 5500">self = &lt;test_iter6_rentals_rebuild.TestPayouts object at 0xfdf77e219c10&gt;
admin = &lt;requests.sessions.Session object at 0xfdf77e1eb490&gt;

    def test_payout_and_credit_payout(self, admin):
        r = admin.post(f"{API}/rentals/payouts", json={
            "building_name": QA_BUILDING, "month": MONTH, "amount": 2000,
            "date": f"{MONTH}-10", "category": "Maintenance", "note": "QA payout",
            "mode": "bank", "reference": "QA-NEFT-1"}, timeout=30)
        assert r.status_code == 200
        TestPayouts.ids.append(r.json()["id"])
        r = admin.post(f"{API}/rentals/payouts", json={
            "building_name": QA_BUILDING, "month": MONTH, "amount": 900,
            "date": f"{MONTH}-11", "category": "Common electricity",
            "note": "QA bill I paid for them", "is_credit": True}, timeout=30)
        assert r.status_code == 200
        TestPayouts.ids.append(r.json()["id"])
    
        st = admin.get(f"{API}/rentals/statement", params={"month": MONTH}, timeout=30).json()
        b = next(x for x in st["buildings"] if x["building"] == QA_BUILDING)
&gt;       assert b["payable"] == 5500
E       assert 2500.0 == 5500

tests/test_iter6_rentals_rebuild.py:343: AssertionError</failure></testcase><testcase classname="tests.backend_test.TestSetupCRUD" name="test_property_created_and_listed" time="0.171" /><testcase classname="tests.test_iter6_rentals_rebuild.TestPayouts" name="test_arithmetic_chain_matches_spec" time="0.056"><failure message="assert (85000.0, 0.0...00.0, 42500.0) == (44300, 42500, 1800, 1800)&#10;  &#10;  At index 0 diff: 85000.0 != 44300&#10;  Use -v to get more diff">self = &lt;test_iter6_rentals_rebuild.TestPayouts object at 0xfdf77e21a2d0&gt;
admin = &lt;requests.sessions.Session object at 0xfdf77e1eb490&gt;
qa_unit = {'name': 'QA Prop 7ce365', 'kind': 'flat', 'address': '', 'ownership': 'own', ...}

    def test_arithmetic_chain_matches_spec(self, admin, qa_unit):
        """User's manual chain, minus the 2000 non-credit payout."""
        st = admin.get(f"{API}/rentals/statement", params={"month": MONTH}, timeout=30).json()
        row = next(x for x in st["rows"] if x["unit_id"] == qa_unit["id"])
        b = next(x for x in st["buildings"] if x["building"] == QA_BUILDING)
&gt;       assert (row["total_to_collect"], row["collected"], row["balance"],
                row["adhoc_outstanding"]) == (44300, 42500, 1800, 1800)
E       assert (85000.0, 0.0...00.0, 42500.0) == (44300, 42500, 1800, 1800)
E         
E         At index 0 diff: 85000.0 != 44300
E         Use -v to get more diff

tests/test_iter6_rentals_rebuild.py:354: AssertionError</failure></testcase><testcase classname="tests.backend_test.TestSetupCRUD" name="test_defaults_update_persists" time="0.130" /><testcase classname="tests.test_iter6_rentals_rebuild.TestPayouts" name="test_payout_bad_month" time="0.088" /><testcase classname="tests.test_iter6_rentals_rebuild.TestPayouts" name="test_payout_delete" time="0.238"><failure message="assert (0.0 == 0 and 0.0 == 1200)">self = &lt;test_iter6_rentals_rebuild.TestPayouts object at 0xfdf77ec2a010&gt;
admin = &lt;requests.sessions.Session object at 0xfdf77e1eb490&gt;

    def test_payout_delete(self, admin):
        for pid in TestPayouts.ids:
            assert admin.delete(f"{API}/rentals/payouts/{pid}", timeout=30).status_code == 200
        st = admin.get(f"{API}/rentals/statement", params={"month": MONTH}, timeout=30).json()
        b = next(x for x in st["buildings"] if x["building"] == QA_BUILDING)
&gt;       assert b["paid"] == 0 and b["credits"] == 1200
E       assert (0.0 == 0 and 0.0 == 1200)

tests/test_iter6_rentals_rebuild.py:369: AssertionError</failure></testcase><testcase classname="tests.backend_test.TestSetupCRUD" name="test_flat_and_meter_crud" time="0.639" /><testcase classname="tests.backend_test.TestSetupCRUD" name="test_tank_crud" time="0.205" /><testcase classname="tests.test_iter7_carry_reference.TestCollectionReference" name="test_non_cash_without_reference_rejected" time="0.544" /><testcase classname="tests.test_iter7_carry_reference.TestCollectionReference" name="test_whitespace_reference_rejected" time="0.056" /><testcase classname="tests.test_iter7_carry_reference.TestCollectionReference" name="test_non_cash_with_reference_succeeds_and_is_listed" time="0.214" /><testcase classname="tests.backend_test.TestSetupCRUD" name="test_invalid_id_400" time="0.136" /><testcase classname="tests.test_iter7_carry_reference.TestCollectionReference" name="test_cash_without_reference_succeeds" time="0.408" /><testcase classname="tests.test_iter7_carry_reference.TestCollectionReference" name="test_update_payment_enforces_reference" time="0.383" /><testcase classname="tests.test_iter8_carry_fallback_reference.TestUpdatePaymentReference" name="test_non_cash_empty_reference_rejected[upi]" time="1.207" /><testcase classname="tests.test_iter8_carry_fallback_reference.TestUpdatePaymentReference" name="test_non_cash_empty_reference_rejected[bank]" time="0.319" /><testcase classname="tests.test_iter8_carry_fallback_reference.TestUpdatePayoutReference" name="test_non_cash_empty_reference_rejected[upi]" time="0.583" /><testcase classname="tests.test_iter8_carry_fallback_reference.TestUpdatePayoutReference" name="test_non_cash_empty_reference_rejected[bank]" time="0.174" /><testcase classname="tests.test_iter8_carry_fallback_reference.TestUpdatePaymentReference" name="test_whitespace_reference_rejected" time="0.326" /><testcase classname="tests.test_iter8_carry_fallback_reference.TestUpdatePayoutReference" name="test_non_cash_with_reference_accepted" time="0.184" /><testcase classname="tests.test_iter8_carry_fallback_reference.TestUpdatePayoutReference" name="test_cash_without_reference_accepted" time="0.162" /><testcase classname="tests.test_iter8_carry_fallback_reference.TestUpdatePaymentReference" name="test_non_cash_with_reference_accepted_and_persisted" time="0.367" /><testcase classname="tests.test_iter8_carry_fallback_reference.TestUpdatePayoutReference" name="test_credit_without_reference_accepted" time="0.294" /><testcase classname="tests.test_iter8_carry_fallback_reference.TestUpdatePaymentReference" name="test_cash_without_reference_accepted" time="0.361" /><testcase classname="tests.backend_test.TestUploads" name="test_image_upload_and_download" time="1.289" /><testcase classname="tests.backend_test.TestTipsInWaterCost" name="test_per_tanker_cost_includes_tips" time="1.407" /><testcase classname="tests.backend_test.TestTipsInWaterCost" name="test_statement_totals_and_no_double_count" time="0.515" /><testcase classname="tests.backend_test.TestUploads" name="test_video_upload_without_gps" time="0.252" /><testcase classname="tests.backend_test.TestUploads" name="test_reject_non_media" time="0.101" /><testcase classname="tests.backend_test.TestTipsInWaterCost" name="test_demo_property_expected_figures" time="0.386"><failure message="AssertionError: {'flat_count': 4, 'tanker_count': 0, 'metered_charges': 0.0, 'total_litres': 0.0, ...}&#10;assert 0.0 == 3950">self = &lt;backend_test.TestTipsInWaterCost object at 0xfdf77ec2a990&gt;
admin = &lt;requests.sessions.Session object at 0xfdf77e36dfd0&gt;

    def test_demo_property_expected_figures(self, admin):
        props = admin.get(f"{API}/properties", timeout=30).json()
        demo = [p for p in props if p["name"] == "Sunrise Residency"]
        assert demo, "demo property missing"
        pid = demo[0]["id"]
        month = admin.get(f"{API}/periods", params={"property_id": pid}, timeout=30).json()[0]["month"]
        t = admin.get(f"{API}/statement", params={"property_id": pid, "month": month},
                      timeout=30).json()["totals"]
&gt;       assert t["total_water_spend"] == 3950, t
E       AssertionError: {'flat_count': 4, 'tanker_count': 0, 'metered_charges': 0.0, 'total_litres': 0.0, ...}
E       assert 0.0 == 3950

tests/backend_test.py:453: AssertionError</failure></testcase><testcase classname="tests.backend_test.TestUploads" name="test_file_download_requires_real_auth" time="0.407" /><testcase classname="tests.backend_test.TestTipsInWaterCost" name="test_csv_labels_mention_tips_in_water" time="0.109" /><testcase classname="tests.test_auth_playbook" name="test_bcrypt_hash_format_in_db" time="0.134" /><testcase classname="tests.test_iter6_rentals_rebuild.TestBills" name="test_draft_prefilled_from_master" time="0.052"><failure message="assert 85000.0 == 42500">self = &lt;test_iter6_rentals_rebuild.TestBills object at 0xfdf77e22db10&gt;
admin = &lt;requests.sessions.Session object at 0xfdf77e1eb490&gt;
qa_unit = {'name': 'QA Prop 7ce365', 'kind': 'flat', 'address': '', 'ownership': 'own', ...}

    def test_draft_prefilled_from_master(self, admin, qa_unit):
        r = admin.get(f"{API}/rentals/bills", params={"month": MONTH}, timeout=30)
        assert r.status_code == 200
        row = next(b for b in r.json() if b["unit_id"] == qa_unit["id"])
        assert row["is_draft"] is True
        assert row["rent"] == 40000 and row["maintenance"] == 2500
&gt;       assert row["totals"]["total_to_collect"] == 42500
E       assert 85000.0 == 42500

tests/test_iter6_rentals_rebuild.py:173: AssertionError</failure></testcase><testcase classname="tests.test_iter6_rentals_rebuild.TestBills" name="test_upsert_with_adhoc_and_totals" time="0.106" /><testcase classname="tests.test_auth_playbook" name="test_login_sets_httponly_cookies" time="0.497" /><testcase classname="tests.test_iter6_rentals_rebuild.TestBills" name="test_bad_month" time="0.322" /><testcase classname="tests.test_iter6_rentals_rebuild.TestBills" name="test_bill_unknown_unit_404" time="0.050" /><testcase classname="tests.test_auth_playbook" name="test_brute_force_lockout_on_throwaway_account" time="1.268" /><testcase classname="tests.test_iter7_carry_reference.TestCarryForwardEndToEnd" name="test_partial_payment_carries_dues" time="0.689" /><testcase classname="tests.test_iter7_carry_reference.TestCarryForwardEndToEnd" name="test_overpayment_carries_negative_advance" time="0.426" /><testcase classname="tests.test_iter7_carry_reference.TestCarryForwardEndToEnd" name="test_statement_exposes_carry_forward" time="0.138" /><testcase classname="tests.test_auth_playbook" name="test_unauthenticated_access_blocked" time="0.158" /><testcase classname="tests.test_iter7_carry_reference.TestCarryForwardEndToEnd" name="test_carry_cleared_when_month_settled" time="0.679" /><testcase classname="tests.test_iter7_carry_reference.TestPayoutReference" name="test_non_cash_payout_without_reference_rejected" time="0.534" /><testcase classname="tests.test_iter7_carry_reference.TestPayoutReference" name="test_non_cash_payout_with_reference_succeeds" time="0.363" /><testcase classname="tests.test_iter8_carry_fallback_reference.TestRegression" name="test_bills_list_and_statement" time="0.558" /><testcase classname="tests.test_iter7_carry_reference.TestPayoutReference" name="test_cash_payout_without_reference_succeeds" time="0.126" /><testcase classname="tests.test_iter7_carry_reference.TestPayoutReference" name="test_credit_without_reference_succeeds" time="0.350" /><testcase classname="tests.test_iter8_carry_fallback_reference.TestRegression" name="test_receipt_pdf" time="0.256" /><testcase classname="tests.test_iter8_carry_fallback_reference.TestRegression" name="test_invalid_month_rejected" time="0.068" /><testcase classname="tests.test_iter8_carry_fallback_reference.TestRegression" name="test_requires_admin" time="0.380" /><testcase classname="tests.backend_test.TestRoleRestrictions" name="test_resident_statement_scoped" time="0.804" /><testcase classname="tests.test_iter9_report_formats.TestStatementFields" name="test_rows_carry_floor_status_paydate" time="0.811" /><testcase classname="tests.test_iter9_report_formats.TestStatementFields" name="test_meters_carry_flat_floor_owner_charge" time="0.000" /><testcase classname="tests.test_iter9_report_formats.TestStatementFields" name="test_totals_have_tanker_count_and_metered_charges" time="0.000" /><testcase classname="tests.test_iter9_report_formats.TestStatementFields" name="test_metered_charges_matches_meter_sum" time="0.000" /><testcase classname="tests.test_iter6_rentals_rebuild.TestCategories" name="test_defaults_seeded" time="0.416" /><testcase classname="tests.backend_test.TestRoleRestrictions" name="test_resident_write_forbidden" time="0.322" /><testcase classname="tests.test_iter6_rentals_rebuild.TestCategories" name="test_add_and_dedupe" time="0.364" /><testcase classname="tests.backend_test.TestRoleRestrictions" name="test_resident_mis_export_forbidden" time="0.098" /><testcase classname="tests.test_iter6_rentals_rebuild.TestCategories" name="test_blank_rejected" time="0.045" /><testcase classname="tests.test_iter6_rentals_rebuild.TestExports" name="test_csv" time="0.058" /><testcase classname="tests.test_iter6_rentals_rebuild.TestExports" name="test_pdf" time="0.066" /><testcase classname="tests.test_iter6_rentals_rebuild.TestExports" name="test_export_bad_month" time="0.275" /><testcase classname="tests.test_iter7_carry_reference.TestBillEditAndCarry" name="test_draft_uses_master_amounts_and_zero_carry" time="0.504"><failure message="assert 10500.0 == 0">self = &lt;test_iter7_carry_reference.TestBillEditAndCarry object at 0xfa9fa9673a50&gt;
admin = &lt;requests.sessions.Session object at 0xfa9fa8597a50&gt;
unit = '6a8b30b56c6ba4fb070e10aa'

    def test_draft_uses_master_amounts_and_zero_carry(self, admin, unit):
        b = bill_for(admin, M1, unit)
        assert b["is_draft"] is True
        assert b["rent"] == 10000
        assert b["maintenance"] == 500
&gt;       assert b["carry_forward"] == 0
E       assert 10500.0 == 0

tests/test_iter7_carry_reference.py:70: AssertionError</failure></testcase><testcase classname="tests.test_iter7_carry_reference.TestBillEditAndCarry" name="test_edit_and_persist_amounts_with_carry" time="0.310" /><testcase classname="tests.test_iter7_carry_reference.TestBillEditAndCarry" name="test_waive_carry_to_zero" time="0.201" /><testcase classname="tests.test_iter7_carry_reference.TestRegression" name="test_statement_and_export_and_receipt" time="1.146" /><testcase classname="tests.test_iter9_report_formats.TestRentalsExports" name="test_rentals_report_csv_serial" time="0.231" /><testcase classname="tests.test_iter9_report_formats.TestRentalsExports" name="test_rentals_report_pdf" time="0.124" /><testcase classname="tests.test_iter9_report_formats.TestRentalsExports" name="test_receipt_pdf_dmy_and_mode" time="0.233" /><testcase classname="tests.test_iter7_carry_reference.TestRegression" name="test_invalid_month_rejected" time="0.064" /><testcase classname="tests.test_iter7_carry_reference.TestRegression" name="test_bills_requires_admin" time="0.394" /><testcase classname="tests.test_media_notify.TestUploads" name="test_upload_without_gps" time="0.540" /><testcase classname="tests.test_media_notify.TestUploads" name="test_download_requires_auth" time="1.027" /><testcase classname="tests.test_media_notify.TestChargeMedia" name="test_adhoc_three_categories" time="1.908" /><testcase classname="tests.test_media_notify.TestUploads" name="test_reject_non_media" time="0.186" /><testcase classname="tests.backend_test.TestDemoSeed" name="test_seed_idempotent" time="0.250" /><testcase classname="tests.backend_test.TestDemoSeed" name="test_demo_property_shape" time="0.245" /><testcase classname="tests.test_media_notify.TestChargeMedia" name="test_recurring_bill_media" time="0.470" /><testcase classname="tests.backend_test.TestMISExport" name="test_csv" time="0.337" /><testcase classname="tests.backend_test.TestMISExport" name="test_pdf" time="0.071" /><testcase classname="tests.test_media_notify.TestChargeMedia" name="test_tips_rejected_as_charge" time="0.073" /><testcase classname="tests.test_iter4_rentals_annual.TestRentExports" name="test_csv_export" time="0.000"><skipped type="pytest.skip" message="rentals module rebuilt in iteration 6; see test_iter6_rentals_rebuild.py">/app/backend/tests/test_iter4_rentals_annual.py:432: rentals module rebuilt in iteration 6; see test_iter6_rentals_rebuild.py</skipped></testcase><testcase classname="tests.test_iter4_rentals_annual.TestRentExports" name="test_pdf_export" time="0.000"><skipped type="pytest.skip" message="rentals module rebuilt in iteration 6; see test_iter6_rentals_rebuild.py">/app/backend/tests/test_iter4_rentals_annual.py:444: rentals module rebuilt in iteration 6; see test_iter6_rentals_rebuild.py</skipped></testcase><testcase classname="tests.test_iter6_rentals_rebuild.TestStatuses" name="test_vacant_bills_zero" time="0.320" /><testcase classname="tests.backend_test.TestMonthResetIsolated" name="test_reset_locks_and_carries" time="0.804" /><testcase classname="tests.test_iter6_rentals_rebuild.TestStatuses" name="test_paid_status" time="0.108"><failure message="assert 42500.0 == 0">self = &lt;test_iter6_rentals_rebuild.TestStatuses object at 0xfdf77eca29d0&gt;
admin = &lt;requests.sessions.Session object at 0xfdf77e1eb490&gt;
qa_unit = {'name': 'QA Prop 7ce365', 'kind': 'flat', 'address': '', 'ownership': 'own', ...}

    def test_paid_status(self, admin, qa_unit):
        r = admin.post(f"{API}/rentals/payments", json={
            "unit_id": qa_unit["id"], "month": MONTH, "date": f"{MONTH}-07",
            "adhoc_paid": 1800, "mode": "cash"}, timeout=30)
        pid = r.json()["id"]
        st = admin.get(f"{API}/rentals/statement", params={"month": MONTH}, timeout=30).json()
        row = next(x for x in st["rows"] if x["unit_id"] == qa_unit["id"])
&gt;       assert row["balance"] == 0
E       assert 42500.0 == 0

tests/test_iter6_rentals_rebuild.py:410: AssertionError</failure></testcase><testcase classname="tests.test_iter6_rentals_rebuild.TestOverview" name="test_reconciles_with_statement" time="0.124" /><testcase classname="tests.test_iter6_rentals_rebuild.TestOverview" name="test_overview_bad_month" time="0.099" /><testcase classname="tests.backend_test.TestMonthResetIsolated" name="test_locked_writes_return_423" time="0.674" /><testcase classname="tests.test_iter8_carry_fallback_reference.TestCarryForwardSavedBill" name="test_partial_payment_positive_carry" time="0.891" /><testcase classname="tests.test_iter6_rentals_rebuild.TestDeposits" name="test_deposit_separate_from_bill" time="0.242"><failure message="assert 85000.0 == 44300">self = &lt;test_iter6_rentals_rebuild.TestDeposits object at 0xfa9fa96b51d0&gt;
admin = &lt;requests.sessions.Session object at 0xfa9fa8591e90&gt;
qa_unit = {'name': 'QA Prop 771d45', 'kind': 'flat', 'address': '', 'ownership': 'own', ...}

    def test_deposit_separate_from_bill(self, admin, qa_unit):
        r = admin.post(f"{API}/rentals/deposits", json={
            "unit_id": qa_unit["id"], "month": "2026-01", "kind": "deposit",
            "amount": 100000, "date": "2026-01-01", "mode": "bank", "notes": "QA deposit"}, timeout=30)
        assert r.status_code == 200
        d1 = r.json()["id"]
        r = admin.post(f"{API}/rentals/deposits", json={
            "unit_id": qa_unit["id"], "month": "2026-03", "kind": "deposit_deduction",
            "amount": 5000, "date": "2026-03-01", "notes": "QA damage"}, timeout=30)
        d2 = r.json()["id"]
    
        st = admin.get(f"{API}/rentals/statement", params={"month": MONTH}, timeout=30).json()
        row = next(x for x in st["rows"] if x["unit_id"] == qa_unit["id"])
        assert row["deposit_held"] == 95000  # accumulates across ALL months
        assert row["deposit_expected"] == 100000
        # deposits must NOT touch the monthly bill or collected
&gt;       assert row["total_to_collect"] == 44300
E       assert 85000.0 == 44300

tests/test_iter6_rentals_rebuild.py:302: AssertionError</failure></testcase><testcase classname="tests.test_iter8_carry_fallback_reference.TestCarryForwardSavedBill" name="test_overpayment_negative_carry_reduces_next_total" time="0.425" /><testcase classname="tests.test_iter6_rentals_rebuild.TestDeposits" name="test_bad_deposit_kind" time="0.090" /><testcase classname="tests.test_iter9_report_formats.TestMisPdf" name="test_pdf_downloads" time="0.130" /><testcase classname="tests.test_iter9_report_formats.TestMisPdf" name="test_pdf_text_has_sections" time="0.140" /><testcase classname="tests.test_iter9_report_formats.TestAnnualExport" name="test_annual_csv_has_serial" time="0.126" /><testcase classname="tests.test_iter9_report_formats.TestFlatFloor" name="test_flat_floor_persists" time="0.235" /><testcase classname="tests.test_iter9_report_formats.TestAnnualExport" name="test_annual_pdf" time="0.120" /><testcase classname="tests.test_iter9_report_formats.TestFlatFloor" name="test_create_flat_with_floor" time="0.152" /><testcase classname="tests.test_media_notify.TestFlatBuilding" name="test_create_flat_under_chosen_building" time="0.746" /><testcase classname="tests.test_media_notify.TestStatementNotify" name="test_rows_expose_phones_and_math" time="0.070"><failure message="assert 0.0 == 3950">self = &lt;test_media_notify.TestStatementNotify object at 0xfdf77ee6b210&gt;
client = &lt;requests.sessions.Session object at 0xfdf77e2e5510&gt;
demo = {'pid': '6a89cf3fef0513f1ab6b2a23', 'month': '2026-07'}

    def test_rows_expose_phones_and_math(self, client, demo):
        s = client.get(f"{API}/statement", params={"property_id": demo["pid"], "month": demo["month"]},
                       timeout=60)
        assert s.status_code == 200, s.text
        d = s.json()
        t = d["totals"]
&gt;       assert t["total_water_spend"] == 3950
E       assert 0.0 == 3950

tests/test_media_notify.py:243: AssertionError</failure></testcase><testcase classname="tests.test_media_notify.TestStatementNotify" name="test_no_sms_gateway_endpoints" time="0.256" /><testcase classname="tests.test_iter4_rentals_annual.TestLockedPeriodBlocksEdits" name="test_edit_locked_period_returns_423" time="0.000"><skipped type="pytest.skip" message="rentals module rebuilt in iteration 6; see test_iter6_rentals_rebuild.py">/app/backend/tests/test_iter4_rentals_annual.py:626: rentals module rebuilt in iteration 6; see test_iter6_rentals_rebuild.py</skipped></testcase><testcase classname="tests.test_iter6_rentals_rebuild" name="test_zz_cleanup" time="0.271" /><testcase classname="tests.test_media_notify.TestFlatBuilding" name="test_demo_flats_have_owner_phones" time="0.066" /><testcase classname="tests.test_iter9_report_formats.TestTankerTipsPayer" name="test_create_tanker_with_different_tips_payer" time="0.333" /><testcase classname="tests.backend_test.TestPasswordHash" name="test_bcrypt_hash_format" time="0.059"><failure message="RuntimeError: There is no current event loop in thread 'MainThread'.">self = &lt;backend_test.TestPasswordHash object at 0xfa9fa9a2d950&gt;

    def test_bcrypt_hash_format(self):
        import asyncio
        from motor.motor_asyncio import AsyncIOMotorClient
        env = dotenv_values("/app/backend/.env")
    
        async def go():
            cl = AsyncIOMotorClient(env["MONGO_URL"])
            u = await cl[env["DB_NAME"]].users.find_one({"email": _creds()["email"]})
            cl.close()
            return u
&gt;       u = asyncio.get_event_loop().run_until_complete(go())
            ^^^^^^^^^^^^^^^^^^^^^^^^

tests/backend_test.py:124: 
_ _ _ _ _ _ _ _ _ _ _ _ _ _ _ _ _ _ _ _ _ _ _ _ _ _ _ _ _ _ _ _ _ _ _ _ _ _ _ _ 

self = &lt;asyncio.unix_events._UnixDefaultEventLoopPolicy object at 0xfa9fa9592710&gt;

    def get_event_loop(self):
        """Get the event loop for the current context.
    
        Returns an instance of EventLoop or raises an exception.
        """
        if (self._local._loop is None and
                not self._local._set_called and
                threading.current_thread() is threading.main_thread()):
            self.set_event_loop(self.new_event_loop())
    
        if self._local._loop is None:
&gt;           raise RuntimeError('There is no current event loop in thread %r.'
                               % threading.current_thread().name)
E           RuntimeError: There is no current event loop in thread 'MainThread'.

/usr/local/lib/python3.11/asyncio/events.py:681: RuntimeError</failure></testcase><testcase classname="tests.test_media_notify.TestReadingMedia" name="test_media_attaches_to_correct_meter_only" time="1.084" /></testsuite></testsuites>