<?xml version="1.0" encoding="utf-8"?><testsuites name="pytest tests"><testsuite name="pytest" errors="0" failures="1" skipped="0" tests="52" time="11.200" timestamp="2026-08-23T02:24:48.038878+00:00" hostname="agent-env-75a625d5-b7c9-49d1-9bbf-b7c3255a55f6"><testcase classname="tests.backend_test.TestAuth" name="test_root" time="0.127" /><testcase classname="tests.backend_test.TestAuth" name="test_login_sets_httponly_cookie_and_token" time="0.488" /><testcase classname="tests.backend_test.TestWaterAndEngine" name="test_tanker_autocalc" time="1.042" /><testcase classname="tests.backend_test.TestAuth" name="test_me_with_bearer" time="0.429" /><testcase classname="tests.backend_test.TestAuth" name="test_me_without_auth_401" time="0.109" /><testcase classname="tests.backend_test.TestWaterAndEngine" name="test_readings_prefill_and_save" time="0.439" /><testcase classname="tests.backend_test.TestAuth" name="test_invalid_password_401" time="0.325" /><testcase classname="tests.backend_test.TestAuth" name="test_brute_force_lockout" time="0.848" /><testcase classname="tests.backend_test.TestWaterAndEngine" name="test_charges_and_defaults" time="0.320" /><testcase classname="tests.backend_test.TestWaterAndEngine" name="test_payment_received_and_payout" time="0.112" /><testcase classname="tests.backend_test.TestWaterAndEngine" name="test_statement_math" time="0.054" /><testcase classname="tests.backend_test.TestWaterAndEngine" name="test_meter_rollback_flag" time="0.154" /><testcase classname="tests.backend_test.TestWaterAndEngine" name="test_negative_reserve_flag" time="0.263" /><testcase classname="tests.backend_test.TestAuth" name="test_cors_credentials_not_wildcard" time="0.099"><failure message="AssertionError: wildcard origin with credentials breaks browser cookies&#10;assert '*' != '*'">E   AssertionError: wildcard origin with credentials breaks browser cookies
    assert '*' != '*'</failure></testcase><testcase classname="tests.backend_test.TestSetupCRUD" name="test_property_created_and_listed" time="0.112" /><testcase classname="tests.backend_test.TestSetupCRUD" name="test_defaults_update_persists" time="0.122" /><testcase classname="tests.backend_test.TestSetupCRUD" name="test_flat_and_meter_crud" time="0.406" /><testcase classname="tests.backend_test.TestTipsInWaterCost" name="test_per_tanker_cost_includes_tips" time="0.436" /><testcase classname="tests.backend_test.TestTipsInWaterCost" name="test_statement_totals_and_no_double_count" time="0.153" /><testcase classname="tests.backend_test.TestTipsInWaterCost" name="test_demo_property_expected_figures" time="0.153" /><testcase classname="tests.backend_test.TestSetupCRUD" name="test_tank_crud" time="0.194" /><testcase classname="tests.backend_test.TestTipsInWaterCost" name="test_csv_labels_mention_tips_in_water" time="0.120" /><testcase classname="tests.backend_test.TestUploads" name="test_image_upload_and_download" time="0.608" /><testcase classname="tests.backend_test.TestSetupCRUD" name="test_invalid_id_400" time="0.368" /><testcase classname="tests.test_auth_playbook" name="test_bcrypt_hash_format_in_db" time="0.099" /><testcase classname="tests.test_auth_playbook" name="test_login_sets_httponly_cookies" time="1.491" /><testcase classname="tests.backend_test.TestUploads" name="test_video_upload_without_gps" time="1.365" /><testcase classname="tests.test_auth_playbook" name="test_brute_force_lockout_on_throwaway_account" time="1.196" /><testcase classname="tests.backend_test.TestUploads" name="test_reject_non_media" time="0.049" /><testcase classname="tests.backend_test.TestUploads" name="test_file_download_requires_real_auth" time="0.356" /><testcase classname="tests.test_media_notify.TestUploads" name="test_upload_without_gps" time="0.580" /><testcase classname="tests.test_media_notify.TestUploads" name="test_download_requires_auth" time="0.610" /><testcase classname="tests.test_auth_playbook" name="test_unauthenticated_access_blocked" time="0.146" /><testcase classname="tests.test_media_notify.TestUploads" name="test_reject_non_media" time="0.224" /><testcase classname="tests.backend_test.TestRoleRestrictions" name="test_resident_statement_scoped" time="0.652" /><testcase classname="tests.backend_test.TestRoleRestrictions" name="test_resident_write_forbidden" time="0.813" /><testcase classname="tests.test_media_notify.TestChargeMedia" name="test_adhoc_three_categories" time="1.104" /><testcase classname="tests.backend_test.TestRoleRestrictions" name="test_resident_mis_export_forbidden" time="0.167" /><testcase classname="tests.test_media_notify.TestChargeMedia" name="test_recurring_bill_media" time="0.381" /><testcase classname="tests.backend_test.TestDemoSeed" name="test_seed_idempotent" time="0.126" /><testcase classname="tests.backend_test.TestDemoSeed" name="test_demo_property_shape" time="0.255" /><testcase classname="tests.test_media_notify.TestChargeMedia" name="test_tips_rejected_as_charge" time="0.048" /><testcase classname="tests.backend_test.TestMISExport" name="test_csv" time="0.102" /><testcase classname="tests.backend_test.TestMISExport" name="test_pdf" time="0.148" /><testcase classname="tests.test_media_notify.TestFlatBuilding" name="test_create_flat_under_chosen_building" time="0.576" /><testcase classname="tests.backend_test.TestMonthResetIsolated" name="test_reset_locks_and_carries" time="0.669" /><testcase classname="tests.backend_test.TestMonthResetIsolated" name="test_locked_writes_return_423" time="0.396" /><testcase classname="tests.test_media_notify.TestFlatBuilding" name="test_demo_flats_have_owner_phones" time="0.096" /><testcase classname="tests.backend_test.TestPasswordHash" name="test_bcrypt_hash_format" time="0.077" /><testcase classname="tests.test_media_notify.TestReadingMedia" name="test_media_attaches_to_correct_meter_only" time="1.026" /><testcase classname="tests.test_media_notify.TestStatementNotify" name="test_rows_expose_phones_and_math" time="0.810" /><testcase classname="tests.test_media_notify.TestStatementNotify" name="test_no_sms_gateway_endpoints" time="0.242" /></testsuite></testsuites>