<?xml version="1.0" encoding="utf-8"?><testsuites name="pytest tests"><testsuite name="pytest" errors="0" failures="8" skipped="1" tests="123" time="83.250" timestamp="2026-08-23T03:27:48.913457+00:00" hostname="agent-env-75a625d5-b7c9-49d1-9bbf-b7c3255a55f6"><testcase classname="tests.test_iter5_receipts_overview_vacancy.TestReceipts" name="test_receipt_pdf_per_kind[rent]" time="0.953" /><testcase classname="tests.test_iter5_receipts_overview_vacancy.TestOverview" name="test_overview_shape_and_cross_check" time="1.135" /><testcase classname="tests.test_iter5_receipts_overview_vacancy.TestReceipts" name="test_receipt_pdf_per_kind[deposit]" time="0.146" /><testcase classname="tests.test_iter5_receipts_overview_vacancy.TestReceipts" name="test_receipt_pdf_per_kind[deposit_refund]" time="0.111" /><testcase classname="tests.test_iter5_receipts_overview_vacancy.TestOverview" name="test_overview_month_validation[2026-13]" time="0.091" /><testcase classname="tests.test_iter5_receipts_overview_vacancy.TestReceipts" name="test_receipt_pdf_per_kind[deposit_deduction]" time="0.066" /><testcase classname="tests.test_iter5_receipts_overview_vacancy.TestOverview" name="test_overview_month_validation[202604]" time="0.053" /><testcase classname="tests.test_iter5_receipts_overview_vacancy.TestReceipts" name="test_rent_receipt_shows_rent_paid_and_balance" time="0.070" /><testcase classname="tests.test_iter5_receipts_overview_vacancy.TestOverview" name="test_overview_month_validation[abcd]" time="0.058" /><testcase classname="tests.test_iter5_receipts_overview_vacancy.TestOverview" name="test_overview_month_validation[2026-1]" time="0.052" /><testcase classname="tests.test_iter5_receipts_overview_vacancy.TestReceipts" name="test_rent_receipt_balance_nil_when_fully_paid" time="0.220" /><testcase classname="tests.test_iter5_receipts_overview_vacancy.TestOverview" name="test_overview_month_validation[]" time="0.052" /><testcase classname="tests.test_iter5_receipts_overview_vacancy.TestOverview" name="test_overview_missing_month" time="0.054" /><testcase classname="tests.test_iter5_receipts_overview_vacancy.TestReceipts" name="test_receipt_unknown_id_404" time="0.279" /><testcase classname="tests.test_iter5_receipts_overview_vacancy.TestReceipts" name="test_receipt_bad_id_400" time="0.099" /><testcase classname="tests.test_iter5_receipts_overview_vacancy.TestOverview" name="test_overview_resident_403" time="0.440" /><testcase classname="tests.test_iter5_receipts_overview_vacancy.TestOverview" name="test_overview_unauthenticated_401" time="0.364" /><testcase classname="tests.test_iter5_receipts_overview_vacancy.TestReceipts" name="test_receipt_resident_403" time="0.468" /><testcase classname="tests.test_iter4_rentals_annual.TestCollectionsAndStatus" name="test_unpaid_past_due_is_overdue" time="0.657" /><testcase classname="tests.test_iter4_rentals_annual.TestCollectionsAndStatus" name="test_partial_then_full_payment_marks_paid" time="0.274" /><testcase classname="tests.test_iter4_rentals_annual.TestAnnual" name="test_annual_totals_and_rows" time="0.655" /><testcase classname="tests.test_iter4_rentals_annual.TestAnnual" name="test_annual_rows_equal_sum_of_monthly_statements" time="0.145" /><testcase classname="tests.test_iter4_rentals_annual.TestAnnual" name="test_annual_empty_year" time="0.059" /><testcase classname="tests.test_iter4_rentals_annual.TestCollectionsAndStatus" name="test_overpayment_shows_advance_not_negative" time="0.451" /><testcase classname="tests.test_iter4_rentals_annual.TestAnnual" name="test_annual_bad_property_404" time="0.485" /><testcase classname="tests.test_iter4_rentals_annual.TestCollectionsAndStatus" name="test_deposit_refund_and_deduction_math" time="0.251" /><testcase classname="tests.test_iter4_rentals_annual.TestAnnual" name="test_annual_csv_export" time="0.057" /><testcase classname="tests.test_iter4_rentals_annual.TestAnnual" name="test_annual_pdf_export" time="0.059" /><testcase classname="tests.test_iter4_rentals_annual.TestCollectionsAndStatus" name="test_unknown_collection_kind_rejected" time="0.053" /><testcase classname="tests.test_iter4_rentals_annual.TestCollectionsAndStatus" name="test_vacant_status_when_lease_not_covering_month" time="0.312" /><testcase classname="tests.test_iter4_rentals_annual.TestAnnual" name="test_annual_export_resident_forbidden" time="0.471" /><testcase classname="tests.test_iter4_rentals_annual.TestCollectionsAndStatus" name="test_vacant_status_when_unit_status_vacant" time="0.102" /><testcase classname="tests.test_iter4_rentals_annual.TestAnnual" name="test_annual_resident_scoping" time="0.072" /><testcase classname="tests.test_iter4_rentals_annual.TestCollectionsAndStatus" name="test_lease_expiring_soon_flag" time="0.925"><failure message="TypeError: 'NoneType' object is not subscriptable">E   TypeError: 'NoneType' object is not subscriptable</failure></testcase><testcase classname="tests.backend_test.TestAuth" name="test_root" time="0.177" /><testcase classname="tests.backend_test.TestAuth" name="test_login_sets_httponly_cookie_and_token" time="0.367" /><testcase classname="tests.backend_test.TestAuth" name="test_me_with_bearer" time="0.393" /><testcase classname="tests.backend_test.TestAuth" name="test_me_without_auth_401" time="0.327" /><testcase classname="tests.backend_test.TestAuth" name="test_invalid_password_401" time="0.401" /><testcase classname="tests.backend_test.TestAuth" name="test_brute_force_lockout" time="0.811" /><testcase classname="tests.backend_test.TestWaterAndEngine" name="test_tanker_autocalc" time="0.976" /><testcase classname="tests.backend_test.TestWaterAndEngine" name="test_readings_prefill_and_save" time="0.290" /><testcase classname="tests.backend_test.TestWaterAndEngine" name="test_charges_and_defaults" time="0.262" /><testcase classname="tests.backend_test.TestWaterAndEngine" name="test_payment_received_and_payout" time="0.102" /><testcase classname="tests.backend_test.TestAuth" name="test_cors_credentials_not_wildcard" time="0.109"><failure message="AssertionError: wildcard origin with credentials breaks browser cookies&#10;assert '*' != '*'">E   AssertionError: wildcard origin with credentials breaks browser cookies
    assert '*' != '*'</failure></testcase><testcase classname="tests.backend_test.TestWaterAndEngine" name="test_statement_math" time="0.055" /><testcase classname="tests.backend_test.TestWaterAndEngine" name="test_meter_rollback_flag" time="0.415" /><testcase classname="tests.backend_test.TestWaterAndEngine" name="test_negative_reserve_flag" time="0.277" /><testcase classname="tests.test_iter4_rentals_annual.TestExpensesAndIsolation" name="test_expense_reduces_net_to_owner" time="0.763" /><testcase classname="tests.test_iter4_rentals_annual.TestExpensesAndIsolation" name="test_on_behalf_of_building_tally" time="0.289"><failure message="StopIteration">E   StopIteration</failure></testcase><testcase classname="tests.test_iter4_rentals_annual.TestExpensesAndIsolation" name="test_maintenance_statement_unaffected_by_rentals" time="0.066" /><testcase classname="tests.test_iter5_receipts_overview_vacancy.TestVacancy" name="test_vacant_since_persists" time="0.487" /><testcase classname="tests.test_iter4_rentals_annual.TestExpensesAndIsolation" name="test_bad_expense_category_rejected" time="0.051" /><testcase classname="tests.test_iter5_receipts_overview_vacancy.TestVacancy" name="test_rent_roll_vacancy_metrics" time="0.064" /><testcase classname="tests.test_iter5_receipts_overview_vacancy.TestVacancy" name="test_vacant_without_since_falls_back_to_lease_end" time="0.442" /><testcase classname="tests.test_iter4_rentals_annual.TestExpensesAndIsolation" name="test_resident_forbidden_on_all_rentals_endpoints" time="0.871" /><testcase classname="tests.test_iter5_receipts_overview_vacancy.TestVacancy" name="test_vacant_no_since_no_lease_end_zero" time="0.177" /><testcase classname="tests.test_iter5_receipts_overview_vacancy.TestVacancy" name="test_garbage_vacant_since_does_not_500" time="0.264" /><testcase classname="tests.test_iter4_rentals_annual.TestExpensesAndIsolation" name="test_rentals_require_auth" time="0.122" /><testcase classname="tests.test_iter5_receipts_overview_vacancy.TestVacancy" name="test_future_vacant_since_clamped_to_zero" time="0.201" /><testcase classname="tests.test_iter4_rentals_annual.TestExpensesAndIsolation" name="test_dashboard_has_no_rental_data" time="0.153"><skipped type="pytest.skip" message="no /api/mis endpoint">/app/backend/tests/test_iter4_rentals_annual.py:418: no /api/mis endpoint</skipped></testcase><testcase classname="tests.test_iter5_receipts_overview_vacancy.TestVacancy" name="test_export_includes_vacancy_summary" time="0.189" /><testcase classname="tests.backend_test.TestSetupCRUD" name="test_property_created_and_listed" time="0.258" /><testcase classname="tests.backend_test.TestSetupCRUD" name="test_defaults_update_persists" time="0.352" /><testcase classname="tests.test_iter4_rentals_annual.TestRentalSeededBaseline" name="test_demo_seed_idempotent" time="0.424" /><testcase classname="tests.backend_test.TestSetupCRUD" name="test_flat_and_meter_crud" time="0.457" /><testcase classname="tests.test_iter4_rentals_annual.TestRentalSeededBaseline" name="test_seeded_units_present" time="0.051" /><testcase classname="tests.test_iter4_rentals_annual.TestRentalSeededBaseline" name="test_rent_roll_baseline_math" time="0.049" /><testcase classname="tests.test_iter4_rentals_annual.TestRentalSeededBaseline" name="test_building_tally_present" time="0.100" /><testcase classname="tests.test_iter4_rentals_annual.TestRentalSeededBaseline" name="test_deposit_accumulates_across_months" time="0.104" /><testcase classname="tests.test_iter4_rentals_annual.TestUnitsCRUD" name="test_create_update_delete_unit" time="0.239" /><testcase classname="tests.backend_test.TestSetupCRUD" name="test_tank_crud" time="0.180" /><testcase classname="tests.test_iter4_rentals_annual.TestUnitsCRUD" name="test_invalid_kind_and_ownership_rejected" time="0.130" /><testcase classname="tests.backend_test.TestSetupCRUD" name="test_invalid_id_400" time="0.123" /><testcase classname="tests.test_iter4_rentals_annual.TestUnitsCRUD" name="test_update_unknown_unit_404" time="0.046" /><testcase classname="tests.test_iter4_rentals_annual.TestUnitsCRUD" name="test_invalid_objectid_400" time="0.087" /><testcase classname="tests.test_iter4_rentals_annual.TestUnitsCRUD" name="test_delete_unit_cascades_children" time="0.585" /><testcase classname="tests.test_iter4_rentals_annual.TestEntryEditing" name="test_update_tanker_recomputes" time="0.697" /><testcase classname="tests.test_iter4_rentals_annual.TestEntryEditing" name="test_update_tanker_404" time="0.047" /><testcase classname="tests.test_iter4_rentals_annual.TestEntryEditing" name="test_update_charge_preserves_category_and_media" time="0.447" /><testcase classname="tests.test_iter4_rentals_annual.TestEntryEditing" name="test_update_charge_bad_type_and_404" time="0.192" /><testcase classname="tests.test_iter5_receipts_overview_vacancy.TestRegression" name="test_statement_unaffected_by_rentals" time="1.163" /><testcase classname="tests.test_iter4_rentals_annual.TestEntryEditing" name="test_resident_cannot_edit_entries" time="0.540" /><testcase classname="tests.test_iter5_receipts_overview_vacancy.TestRegression" name="test_deposits_held_across_months" time="0.053" /><testcase classname="tests.test_iter5_receipts_overview_vacancy.TestRegression" name="test_rent_roll_status_logic" time="0.063" /><testcase classname="tests.test_iter5_receipts_overview_vacancy.TestRegression" name="test_annual_scoped_by_role" time="0.560" /><testcase classname="tests.backend_test.TestTipsInWaterCost" name="test_per_tanker_cost_includes_tips" time="0.662" /><testcase classname="tests.test_iter5_receipts_overview_vacancy.TestRegression" name="test_rentals_admin_only" time="0.319" /><testcase classname="tests.backend_test.TestTipsInWaterCost" name="test_statement_totals_and_no_double_count" time="0.166" /><testcase classname="tests.backend_test.TestTipsInWaterCost" name="test_demo_property_expected_figures" time="0.402" /><testcase classname="tests.backend_test.TestUploads" name="test_image_upload_and_download" time="0.608" /><testcase classname="tests.backend_test.TestTipsInWaterCost" name="test_csv_labels_mention_tips_in_water" time="0.265" /><testcase classname="tests.backend_test.TestUploads" name="test_video_upload_without_gps" time="0.289" /><testcase classname="tests.test_auth_playbook" name="test_bcrypt_hash_format_in_db" time="0.099" /><testcase classname="tests.test_auth_playbook" name="test_login_sets_httponly_cookies" time="2.172" /><testcase classname="tests.backend_test.TestUploads" name="test_reject_non_media" time="0.239" /><testcase classname="tests.backend_test.TestUploads" name="test_file_download_requires_real_auth" time="1.866" /><testcase classname="tests.test_auth_playbook" name="test_brute_force_lockout_on_throwaway_account" time="1.048" /><testcase classname="tests.backend_test.TestRoleRestrictions" name="test_resident_statement_scoped" time="0.527" /><testcase classname="tests.backend_test.TestRoleRestrictions" name="test_resident_write_forbidden" time="0.272" /><testcase classname="tests.backend_test.TestRoleRestrictions" name="test_resident_mis_export_forbidden" time="0.128" /><testcase classname="tests.test_auth_playbook" name="test_unauthenticated_access_blocked" time="0.111" /><testcase classname="tests.test_media_notify.TestUploads" name="test_upload_without_gps" time="0.872" /><testcase classname="tests.test_media_notify.TestChargeMedia" name="test_adhoc_three_categories" time="31.951"><failure message="requests.exceptions.ReadTimeout: HTTPSConnectionPool(host='water-split-hub.preview.emergentagent.com', port=443): Read timed out. (read timeout=30)">E   TimeoutError: The read operation timed out

The above exception was the direct cause of the following exception:
E   urllib3.exceptions.ReadTimeoutError: HTTPSConnectionPool(host='water-split-hub.preview.emergentagent.com', port=443): Read timed out. (read timeout=30)

During handling of the above exception, another exception occurred:
E   requests.exceptions.ReadTimeout: HTTPSConnectionPool(host='water-split-hub.preview.emergentagent.com', port=443): Read timed out. (read timeout=30)</failure></testcase><testcase classname="tests.test_media_notify.TestUploads" name="test_download_requires_auth" time="30.658"><failure message="requests.exceptions.ReadTimeout: HTTPSConnectionPool(host='water-split-hub.preview.emergentagent.com', port=443): Read timed out. (read timeout=30)">E   TimeoutError: The read operation timed out

The above exception was the direct cause of the following exception:
E   urllib3.exceptions.ReadTimeoutError: HTTPSConnectionPool(host='water-split-hub.preview.emergentagent.com', port=443): Read timed out. (read timeout=30)

During handling of the above exception, another exception occurred:
E   requests.exceptions.ReadTimeout: HTTPSConnectionPool(host='water-split-hub.preview.emergentagent.com', port=443): Read timed out. (read timeout=30)</failure></testcase><testcase classname="tests.test_media_notify.TestUploads" name="test_reject_non_media" time="30.032"><failure message="requests.exceptions.ReadTimeout: HTTPSConnectionPool(host='water-split-hub.preview.emergentagent.com', port=443): Read timed out. (read timeout=30)">E   TimeoutError: The read operation timed out

The above exception was the direct cause of the following exception:
E   urllib3.exceptions.ReadTimeoutError: HTTPSConnectionPool(host='water-split-hub.preview.emergentagent.com', port=443): Read timed out. (read timeout=30)

During handling of the above exception, another exception occurred:
E   requests.exceptions.ReadTimeout: HTTPSConnectionPool(host='water-split-hub.preview.emergentagent.com', port=443): Read timed out. (read timeout=30)</failure></testcase><testcase classname="tests.test_media_notify.TestChargeMedia" name="test_recurring_bill_media" time="30.533" /><testcase classname="tests.backend_test.TestDemoSeed" name="test_seed_idempotent" time="0.527" /><testcase classname="tests.backend_test.TestDemoSeed" name="test_demo_property_shape" time="0.232" /><testcase classname="tests.test_media_notify.TestChargeMedia" name="test_tips_rejected_as_charge" time="0.098" /><testcase classname="tests.backend_test.TestMISExport" name="test_csv" time="0.147" /><testcase classname="tests.backend_test.TestMonthResetIsolated" name="test_reset_locks_and_carries" time="0.556" /><testcase classname="tests.backend_test.TestMISExport" name="test_pdf" time="0.117" /><testcase classname="tests.test_media_notify.TestFlatBuilding" name="test_create_flat_under_chosen_building" time="0.688" /><testcase classname="tests.backend_test.TestMonthResetIsolated" name="test_locked_writes_return_423" time="0.392" /><testcase classname="tests.test_media_notify.TestFlatBuilding" name="test_demo_flats_have_owner_phones" time="0.241" /><testcase classname="tests.test_iter4_rentals_annual.TestRentExports" name="test_csv_export" time="0.448" /><testcase classname="tests.test_media_notify.TestStatementNotify" name="test_rows_expose_phones_and_math" time="0.062"><failure message="assert 8700.0 == 8600">E   assert 8700.0 == 8600</failure></testcase><testcase classname="tests.test_iter4_rentals_annual.TestRentExports" name="test_pdf_export" time="0.060" /><testcase classname="tests.test_media_notify.TestStatementNotify" name="test_no_sms_gateway_endpoints" time="0.245" /><testcase classname="tests.backend_test.TestPasswordHash" name="test_bcrypt_hash_format" time="0.001"><failure message="RuntimeError: There is no current event loop in thread 'MainThread'.">E   RuntimeError: There is no current event loop in thread 'MainThread'.</failure></testcase><testcase classname="tests.test_media_notify.TestReadingMedia" name="test_media_attaches_to_correct_meter_only" time="1.260" /><testcase classname="tests.test_iter4_rentals_annual.TestLockedPeriodBlocksEdits" name="test_edit_locked_period_returns_423" time="1.043" /></testsuite></testsuites>