<?xml version="1.0" encoding="utf-8"?><testsuites name="pytest tests"><testsuite name="pytest" errors="0" failures="20" skipped="72" tests="357" time="35.415" timestamp="2026-08-31T06:03:54.364500+00:00" hostname="agent-env-75a625d5-b7c9-49d1-9bbf-b7c3255a55f6"><testcase classname="tests.test_iter12_fixes.TestFormatValidation" name="test_mis_export_bad_format[bogus]" time="1.398" /><testcase classname="tests.test_iter12_fixes.TestFormatValidation" name="test_mis_export_bad_format[xls]" time="0.083" /><testcase classname="tests.test_iter12_fixes.TestFormatValidation" name="test_mis_export_bad_format[PDF]" time="0.045" /><testcase classname="tests.test_iter12_fixes.TestFormatValidation" name="test_mis_export_bad_format[]" time="0.082" /><testcase classname="tests.test_iter12_fixes.TestFormatValidation" name="test_mis_export_bad_format[html]" time="0.044" /><testcase classname="tests.test_iter11_xlsx_export.TestMisWorkbook" name="test_content_type_and_filename" time="1.617" /><testcase classname="tests.test_iter11_xlsx_export.TestMisWorkbook" name="test_exact_five_sheets" time="0.038" /><testcase classname="tests.test_iter12_fixes.TestFormatValidation" name="test_mis_export_good_format[csv-text/csv]" time="0.053" /><testcase classname="tests.test_iter11_xlsx_export.TestMisWorkbook" name="test_recon_headers_order" time="0.000" /><testcase classname="tests.test_iter11_xlsx_export.TestMisWorkbook" name="test_header_style_all_sheets" time="0.000" /><testcase classname="tests.test_iter11_xlsx_export.TestMisWorkbook" name="test_frozen_panes_and_widths" time="0.000" /><testcase classname="tests.test_iter12_fixes.TestFormatValidation" name="test_mis_export_good_format[pdf-application/pdf]" time="0.114" /><testcase classname="tests.test_iter11_xlsx_export.TestMisWorkbook" name="test_recon_values_match_statement" time="0.061" /><testcase classname="tests.test_iter11_xlsx_export.TestMisWorkbook" name="test_recon_total_row_shaded" time="0.000" /><testcase classname="tests.test_iter11_xlsx_export.TestMisWorkbook" name="test_balance_red_green" time="0.000" /><testcase classname="tests.test_iter11_xlsx_export.TestMisWorkbook" name="test_owner_colour_coding_and_key" time="0.001" /><testcase classname="tests.test_iter11_xlsx_export.TestMisWorkbook" name="test_summary_legend_block" time="0.000" /><testcase classname="tests.test_iter11_xlsx_export.TestMisWorkbook" name="test_original_owner_names_no_tenant_suffix" time="0.001" /><testcase classname="tests.test_iter11_xlsx_export.TestMisWorkbook" name="test_meter_sheet_colour_per_meter" time="0.001" /><testcase classname="tests.test_iter11_xlsx_export.TestMisWorkbook" name="test_meter_total_row" time="0.000" /><testcase classname="tests.test_iter11_xlsx_export.TestMisWorkbook" name="test_tanker_sheet" time="0.062" /><testcase classname="tests.test_iter11_xlsx_export.TestMisWorkbook" name="test_charges_sections" time="0.001" /><testcase classname="tests.test_iter11_xlsx_export.TestMisWorkbook" name="test_ledger_sheet" time="0.054" /><testcase classname="tests.test_iter12_fixes.TestFormatValidation" name="test_mis_export_good_format[xlsx-application/vnd.openxmlformats-officedocument.spreadsheetml.sheet]" time="0.121" /><testcase classname="tests.test_iter11_xlsx_export.TestMisWorkbook" name="test_ledger_colour_key_lists_only_owners" time="0.000" /><testcase classname="tests.test_iter11_xlsx_export.TestMisWorkbook" name="test_owner_tints_consistent_across_sheets" time="0.000" /><testcase classname="tests.test_iter12_fixes.TestFormatValidation" name="test_annual_export_bad_format[bogus]" time="0.236" /><testcase classname="tests.test_iter12_fixes.TestFormatValidation" name="test_annual_export_bad_format[xlsx]" time="0.042" /><testcase classname="tests.test_iter6_rentals_rebuild.TestAccessControl" name="test_resident_forbidden[get-/rentals/units-None]" time="0.393" /><testcase classname="tests.test_iter12_fixes.TestFormatValidation" name="test_annual_export_bad_format[xls]" time="0.044" /><testcase classname="tests.test_iter6_rentals_rebuild.TestAccessControl" name="test_resident_forbidden[get-/rentals/categories-None]" time="0.050" /><testcase classname="tests.test_iter12_fixes.TestFormatValidation" name="test_annual_export_good_format[csv-text/csv]" time="0.058" /><testcase classname="tests.test_iter6_rentals_rebuild.TestAccessControl" name="test_resident_forbidden[get-/rentals/bills-params2]" time="0.051" /><testcase classname="tests.test_iter12_fixes.TestFormatValidation" name="test_annual_export_good_format[pdf-application/pdf]" time="0.103" /><testcase classname="tests.test_iter6_rentals_rebuild.TestAccessControl" name="test_resident_forbidden[get-/rentals/statement-params3]" time="0.050" /><testcase classname="tests.test_iter6_rentals_rebuild.TestAccessControl" name="test_resident_forbidden[get-/rentals/rent-roll-params4]" time="0.057" /><testcase classname="tests.test_iter12_fixes.TestFormatValidation" name="test_rentals_export_bad_format[bogus]" time="0.085" /><testcase classname="tests.test_iter6_rentals_rebuild.TestAccessControl" name="test_resident_forbidden[get-/rentals/payments-None]" time="0.052" /><testcase classname="tests.test_iter6_rentals_rebuild.TestAccessControl" name="test_resident_forbidden[get-/rentals/deposits-None]" time="0.051" /><testcase classname="tests.test_iter12_fixes.TestFormatValidation" name="test_rentals_export_bad_format[xls]" time="0.045" /><testcase classname="tests.test_iter6_rentals_rebuild.TestAccessControl" name="test_resident_forbidden[get-/rentals/payouts-None]" time="0.052" /><testcase classname="tests.test_iter12_fixes.TestFormatValidation" name="test_rentals_export_bad_format[doc]" time="0.042" /><testcase classname="tests.test_iter12_fixes.TestFormatValidation" name="test_rentals_export_good_format[csv-text/csv]" time="0.089" /><testcase classname="tests.test_iter6_rentals_rebuild.TestAccessControl" name="test_resident_forbidden[get-/rentals/export-params8]" time="0.051" /><testcase classname="tests.test_iter6_rentals_rebuild.TestAccessControl" name="test_resident_forbidden[get-/rentals/lease-end-params9]" time="0.092" /><testcase classname="tests.test_iter12_fixes.TestFormatValidation" name="test_rentals_export_good_format[pdf-application/pdf]" time="0.058" /><testcase classname="tests.test_iter6_rentals_rebuild.TestAccessControl" name="test_resident_forbidden[get-/overview-params10]" time="0.085" /><testcase classname="tests.test_iter12_fixes.TestFormatValidation" name="test_rentals_export_good_format[xlsx-application/vnd.openxmlformats-officedocument.spreadsheetml.sheet]" time="0.084" /><testcase classname="tests.test_iter12_fixes.TestMonthValidation" name="test_mis_export_bad_month[bad]" time="0.081" /><testcase classname="tests.test_iter12_fixes.TestMonthValidation" name="test_mis_export_bad_month[2026-13]" time="0.254" /><testcase classname="tests.test_iter12_fixes.TestMonthValidation" name="test_mis_export_bad_month[2026-00]" time="0.082" /><testcase classname="tests.test_iter6_rentals_rebuild.TestAccessControl" name="test_resident_forbidden_writes" time="0.565" /><testcase classname="tests.test_iter12_fixes.TestMonthValidation" name="test_mis_export_bad_month[202608]" time="0.041" /><testcase classname="tests.test_iter12_fixes.TestMonthValidation" name="test_mis_export_bad_month[2026-8]" time="0.044" /><testcase classname="tests.test_iter12_fixes.TestMonthValidation" name="test_mis_export_bad_month[]" time="0.042" /><testcase classname="tests.test_iter12_fixes.TestMonthValidation" name="test_statement_bad_month[bad]" time="0.042" /><testcase classname="tests.test_iter6_rentals_rebuild.TestAccessControl" name="test_unauthenticated_401" time="0.145" /><testcase classname="tests.test_iter12_fixes.TestMonthValidation" name="test_statement_bad_month[2026-13]" time="0.042" /><testcase classname="tests.test_iter12_fixes.TestMonthValidation" name="test_statement_bad_month[2026-00]" time="0.045" /><testcase classname="tests.test_iter12_fixes.TestMonthValidation" name="test_statement_bad_month[2026-8]" time="0.085" /><testcase classname="tests.test_iter12_fixes.TestMonthValidation" name="test_reads_do_not_create_periods" time="1.413" /><testcase classname="tests.test_iter13_booking_dues_pack.TestReportPack" name="test_combined_pdf" time="0.583" /><testcase classname="tests.test_iter13_booking_dues_pack.TestReportPack" name="test_single_report_pdf[meters-as per meter readings-Water reconciliation]" time="0.061" /><testcase classname="tests.test_iter13_booking_dues_pack.TestReportPack" name="test_single_report_pdf[purchases-Total water purchases-Recurring entries]" time="0.061" /><testcase classname="tests.test_iter13_booking_dues_pack.TestReportPack" name="test_single_report_pdf[recurring-Recurring entries-Total water purchases]" time="0.061" /><testcase classname="tests.test_iter13_booking_dues_pack.TestReportPack" name="test_single_report_pdf[reconciliation-Water reconciliation-as per meter readings]" time="0.082" /><testcase classname="tests.test_iter13_booking_dues_pack.TestReportPack" name="test_png" time="0.734" /><testcase classname="tests.test_iter13_booking_dues_pack.TestReportPack" name="test_zip" time="0.685" /><testcase classname="tests.test_iter13_booking_dues_pack.TestReportPack" name="test_bad_params_400[params0]" time="0.045" /><testcase classname="tests.test_iter13_booking_dues_pack.TestReportPack" name="test_bad_params_400[params1]" time="0.085" /><testcase classname="tests.test_iter13_booking_dues_pack.TestReportPack" name="test_pdf_colours_navy_header_and_unique_rows" time="0.059" /><testcase classname="tests.test_iter13_booking_dues_pack.TestReportPack" name="test_nothing_clipped" time="0.072" /><testcase classname="tests.test_iter5_receipts_overview_vacancy.TestOverview" name="test_overview_shape_and_cross_check" time="0.000"><skipped type="pytest.skip" message="rentals module rebuilt in iteration 6; see test_iter6_rentals_rebuild.py">/app/backend/tests/test_iter5_receipts_overview_vacancy.py:187: rentals module rebuilt in iteration 6; see test_iter6_rentals_rebuild.py</skipped></testcase><testcase classname="tests.test_iter5_receipts_overview_vacancy.TestOverview" name="test_overview_month_validation[2026-13]" time="0.000"><skipped type="pytest.skip" message="rentals module rebuilt in iteration 6; see test_iter6_rentals_rebuild.py">/app/backend/tests/test_iter5_receipts_overview_vacancy.py:229: rentals module rebuilt in iteration 6; see test_iter6_rentals_rebuild.py</skipped></testcase><testcase classname="tests.test_iter5_receipts_overview_vacancy.TestOverview" name="test_overview_month_validation[202604]" time="0.000"><skipped type="pytest.skip" message="rentals module rebuilt in iteration 6; see test_iter6_rentals_rebuild.py">/app/backend/tests/test_iter5_receipts_overview_vacancy.py:229: rentals module rebuilt in iteration 6; see test_iter6_rentals_rebuild.py</skipped></testcase><testcase classname="tests.test_iter5_receipts_overview_vacancy.TestOverview" name="test_overview_month_validation[abcd]" time="0.000"><skipped type="pytest.skip" message="rentals module rebuilt in iteration 6; see test_iter6_rentals_rebuild.py">/app/backend/tests/test_iter5_receipts_overview_vacancy.py:229: rentals module rebuilt in iteration 6; see test_iter6_rentals_rebuild.py</skipped></testcase><testcase classname="tests.test_iter5_receipts_overview_vacancy.TestOverview" name="test_overview_month_validation[2026-1]" time="0.000"><skipped type="pytest.skip" message="rentals module rebuilt in iteration 6; see test_iter6_rentals_rebuild.py">/app/backend/tests/test_iter5_receipts_overview_vacancy.py:229: rentals module rebuilt in iteration 6; see test_iter6_rentals_rebuild.py</skipped></testcase><testcase classname="tests.test_iter5_receipts_overview_vacancy.TestOverview" name="test_overview_month_validation[]" time="0.000"><skipped type="pytest.skip" message="rentals module rebuilt in iteration 6; see test_iter6_rentals_rebuild.py">/app/backend/tests/test_iter5_receipts_overview_vacancy.py:229: rentals module rebuilt in iteration 6; see test_iter6_rentals_rebuild.py</skipped></testcase><testcase classname="tests.test_iter5_receipts_overview_vacancy.TestOverview" name="test_overview_missing_month" time="0.000"><skipped type="pytest.skip" message="rentals module rebuilt in iteration 6; see test_iter6_rentals_rebuild.py">/app/backend/tests/test_iter5_receipts_overview_vacancy.py:234: rentals module rebuilt in iteration 6; see test_iter6_rentals_rebuild.py</skipped></testcase><testcase classname="tests.test_iter5_receipts_overview_vacancy.TestOverview" name="test_overview_resident_403" time="0.000"><skipped type="pytest.skip" message="rentals module rebuilt in iteration 6; see test_iter6_rentals_rebuild.py">/app/backend/tests/test_iter5_receipts_overview_vacancy.py:238: rentals module rebuilt in iteration 6; see test_iter6_rentals_rebuild.py</skipped></testcase><testcase classname="tests.test_iter5_receipts_overview_vacancy.TestOverview" name="test_overview_unauthenticated_401" time="0.000"><skipped type="pytest.skip" message="rentals module rebuilt in iteration 6; see test_iter6_rentals_rebuild.py">/app/backend/tests/test_iter5_receipts_overview_vacancy.py:242: rentals module rebuilt in iteration 6; see test_iter6_rentals_rebuild.py</skipped></testcase><testcase classname="tests.test_iter10_recon_layout.TestReconCsv" name="test_section_title_present" time="0.472" /><testcase classname="tests.test_iter10_recon_layout.TestReconCsv" name="test_exact_16_headers_in_order" time="0.000" /><testcase classname="tests.test_iter10_recon_layout.TestReconCsv" name="test_data_rows_have_16_cells_and_serials" time="0.046" /><testcase classname="tests.test_iter10_recon_layout.TestReconCsv" name="test_total_row_and_per_head_line" time="0.000" /><testcase classname="tests.test_iter10_recon_layout.TestReconCsv" name="test_total_row_values_match_totals" time="0.000" /><testcase classname="tests.test_iter10_recon_layout.TestReconCsv" name="test_status_column_wording" time="0.000" /><testcase classname="tests.test_iter10_recon_layout.TestReconCsv" name="test_water_usage_section_has_combined" time="0.000" /><testcase classname="tests.test_iter10_recon_layout.TestReconCsv" name="test_no_iso_dates" time="0.000" /><testcase classname="tests.test_iter4_rentals_annual.TestCollectionsAndStatus" name="test_unpaid_past_due_is_overdue" time="0.000"><skipped type="pytest.skip" message="rentals module rebuilt in iteration 6; see test_iter6_rentals_rebuild.py">/app/backend/tests/test_iter4_rentals_annual.py:231: rentals module rebuilt in iteration 6; see test_iter6_rentals_rebuild.py</skipped></testcase><testcase classname="tests.test_iter4_rentals_annual.TestCollectionsAndStatus" name="test_partial_then_full_payment_marks_paid" time="0.000"><skipped type="pytest.skip" message="rentals module rebuilt in iteration 6; see test_iter6_rentals_rebuild.py">/app/backend/tests/test_iter4_rentals_annual.py:239: rentals module rebuilt in iteration 6; see test_iter6_rentals_rebuild.py</skipped></testcase><testcase classname="tests.test_iter4_rentals_annual.TestCollectionsAndStatus" name="test_overpayment_shows_advance_not_negative" time="0.000"><skipped type="pytest.skip" message="rentals module rebuilt in iteration 6; see test_iter6_rentals_rebuild.py">/app/backend/tests/test_iter4_rentals_annual.py:262: rentals module rebuilt in iteration 6; see test_iter6_rentals_rebuild.py</skipped></testcase><testcase classname="tests.test_iter4_rentals_annual.TestCollectionsAndStatus" name="test_deposit_refund_and_deduction_math" time="0.000"><skipped type="pytest.skip" message="rentals module rebuilt in iteration 6; see test_iter6_rentals_rebuild.py">/app/backend/tests/test_iter4_rentals_annual.py:277: rentals module rebuilt in iteration 6; see test_iter6_rentals_rebuild.py</skipped></testcase><testcase classname="tests.test_iter4_rentals_annual.TestCollectionsAndStatus" name="test_unknown_collection_kind_rejected" time="0.000"><skipped type="pytest.skip" message="rentals module rebuilt in iteration 6; see test_iter6_rentals_rebuild.py">/app/backend/tests/test_iter4_rentals_annual.py:294: rentals module rebuilt in iteration 6; see test_iter6_rentals_rebuild.py</skipped></testcase><testcase classname="tests.test_iter4_rentals_annual.TestCollectionsAndStatus" name="test_vacant_status_when_lease_not_covering_month" time="0.000"><skipped type="pytest.skip" message="rentals module rebuilt in iteration 6; see test_iter6_rentals_rebuild.py">/app/backend/tests/test_iter4_rentals_annual.py:300: rentals module rebuilt in iteration 6; see test_iter6_rentals_rebuild.py</skipped></testcase><testcase classname="tests.test_iter4_rentals_annual.TestCollectionsAndStatus" name="test_vacant_status_when_unit_status_vacant" time="0.000"><skipped type="pytest.skip" message="rentals module rebuilt in iteration 6; see test_iter6_rentals_rebuild.py">/app/backend/tests/test_iter4_rentals_annual.py:309: rentals module rebuilt in iteration 6; see test_iter6_rentals_rebuild.py</skipped></testcase><testcase classname="tests.test_iter4_rentals_annual.TestCollectionsAndStatus" name="test_lease_expiring_soon_flag" time="0.000"><skipped type="pytest.skip" message="rentals module rebuilt in iteration 6; see test_iter6_rentals_rebuild.py">/app/backend/tests/test_iter4_rentals_annual.py:318: rentals module rebuilt in iteration 6; see test_iter6_rentals_rebuild.py</skipped></testcase><testcase classname="tests.test_iter4_rentals_annual.TestAnnual" name="test_annual_totals_and_rows" time="0.000"><skipped type="pytest.skip" message="rentals module rebuilt in iteration 6; see test_iter6_rentals_rebuild.py">/app/backend/tests/test_iter4_rentals_annual.py:455: rentals module rebuilt in iteration 6; see test_iter6_rentals_rebuild.py</skipped></testcase><testcase classname="tests.test_iter4_rentals_annual.TestAnnual" name="test_annual_rows_equal_sum_of_monthly_statements" time="0.000"><skipped type="pytest.skip" message="rentals module rebuilt in iteration 6; see test_iter6_rentals_rebuild.py">/app/backend/tests/test_iter4_rentals_annual.py:471: rentals module rebuilt in iteration 6; see test_iter6_rentals_rebuild.py</skipped></testcase><testcase classname="tests.test_iter4_rentals_annual.TestAnnual" name="test_annual_empty_year" time="0.000"><skipped type="pytest.skip" message="rentals module rebuilt in iteration 6; see test_iter6_rentals_rebuild.py">/app/backend/tests/test_iter4_rentals_annual.py:490: rentals module rebuilt in iteration 6; see test_iter6_rentals_rebuild.py</skipped></testcase><testcase classname="tests.test_iter4_rentals_annual.TestAnnual" name="test_annual_bad_property_404" time="0.000"><skipped type="pytest.skip" message="rentals module rebuilt in iteration 6; see test_iter6_rentals_rebuild.py">/app/backend/tests/test_iter4_rentals_annual.py:496: rentals module rebuilt in iteration 6; see test_iter6_rentals_rebuild.py</skipped></testcase><testcase classname="tests.test_iter4_rentals_annual.TestAnnual" name="test_annual_csv_export" time="0.000"><skipped type="pytest.skip" message="rentals module rebuilt in iteration 6; see test_iter6_rentals_rebuild.py">/app/backend/tests/test_iter4_rentals_annual.py:501: rentals module rebuilt in iteration 6; see test_iter6_rentals_rebuild.py</skipped></testcase><testcase classname="tests.test_iter4_rentals_annual.TestAnnual" name="test_annual_pdf_export" time="0.000"><skipped type="pytest.skip" message="rentals module rebuilt in iteration 6; see test_iter6_rentals_rebuild.py">/app/backend/tests/test_iter4_rentals_annual.py:510: rentals module rebuilt in iteration 6; see test_iter6_rentals_rebuild.py</skipped></testcase><testcase classname="tests.test_iter4_rentals_annual.TestAnnual" name="test_annual_export_resident_forbidden" time="0.000"><skipped type="pytest.skip" message="rentals module rebuilt in iteration 6; see test_iter6_rentals_rebuild.py">/app/backend/tests/test_iter4_rentals_annual.py:517: rentals module rebuilt in iteration 6; see test_iter6_rentals_rebuild.py</skipped></testcase><testcase classname="tests.test_iter4_rentals_annual.TestAnnual" name="test_annual_resident_scoping" time="0.000"><skipped type="pytest.skip" message="rentals module rebuilt in iteration 6; see test_iter6_rentals_rebuild.py">/app/backend/tests/test_iter4_rentals_annual.py:522: rentals module rebuilt in iteration 6; see test_iter6_rentals_rebuild.py</skipped></testcase><testcase classname="tests.backend_test.TestAuth" name="test_root" time="0.123" /><testcase classname="tests.test_iter12_fixes.TestMonthValidation" name="test_writes_still_create_and_lock_periods" time="2.146" /><testcase classname="tests.backend_test.TestAuth" name="test_login_sets_httponly_cookie_and_token" time="0.369" /><testcase classname="tests.test_iter5_receipts_overview_vacancy.TestReceipts" name="test_receipt_pdf_per_kind[rent]" time="0.000"><skipped type="pytest.skip" message="rentals module rebuilt in iteration 6; see test_iter6_rentals_rebuild.py">/app/backend/tests/test_iter5_receipts_overview_vacancy.py:135: rentals module rebuilt in iteration 6; see test_iter6_rentals_rebuild.py</skipped></testcase><testcase classname="tests.test_iter5_receipts_overview_vacancy.TestReceipts" name="test_receipt_pdf_per_kind[deposit]" time="0.000"><skipped type="pytest.skip" message="rentals module rebuilt in iteration 6; see test_iter6_rentals_rebuild.py">/app/backend/tests/test_iter5_receipts_overview_vacancy.py:135: rentals module rebuilt in iteration 6; see test_iter6_rentals_rebuild.py</skipped></testcase><testcase classname="tests.test_iter5_receipts_overview_vacancy.TestReceipts" name="test_receipt_pdf_per_kind[deposit_refund]" time="0.000"><skipped type="pytest.skip" message="rentals module rebuilt in iteration 6; see test_iter6_rentals_rebuild.py">/app/backend/tests/test_iter5_receipts_overview_vacancy.py:135: rentals module rebuilt in iteration 6; see test_iter6_rentals_rebuild.py</skipped></testcase><testcase classname="tests.test_iter5_receipts_overview_vacancy.TestReceipts" name="test_receipt_pdf_per_kind[deposit_deduction]" time="0.000"><skipped type="pytest.skip" message="rentals module rebuilt in iteration 6; see test_iter6_rentals_rebuild.py">/app/backend/tests/test_iter5_receipts_overview_vacancy.py:135: rentals module rebuilt in iteration 6; see test_iter6_rentals_rebuild.py</skipped></testcase><testcase classname="tests.test_iter5_receipts_overview_vacancy.TestReceipts" name="test_rent_receipt_shows_rent_paid_and_balance" time="0.000"><skipped type="pytest.skip" message="rentals module rebuilt in iteration 6; see test_iter6_rentals_rebuild.py">/app/backend/tests/test_iter5_receipts_overview_vacancy.py:151: rentals module rebuilt in iteration 6; see test_iter6_rentals_rebuild.py</skipped></testcase><testcase classname="tests.test_iter5_receipts_overview_vacancy.TestReceipts" name="test_rent_receipt_balance_nil_when_fully_paid" time="0.000"><skipped type="pytest.skip" message="rentals module rebuilt in iteration 6; see test_iter6_rentals_rebuild.py">/app/backend/tests/test_iter5_receipts_overview_vacancy.py:158: rentals module rebuilt in iteration 6; see test_iter6_rentals_rebuild.py</skipped></testcase><testcase classname="tests.test_iter5_receipts_overview_vacancy.TestReceipts" name="test_receipt_unknown_id_404" time="0.000"><skipped type="pytest.skip" message="rentals module rebuilt in iteration 6; see test_iter6_rentals_rebuild.py">/app/backend/tests/test_iter5_receipts_overview_vacancy.py:171: rentals module rebuilt in iteration 6; see test_iter6_rentals_rebuild.py</skipped></testcase><testcase classname="tests.test_iter5_receipts_overview_vacancy.TestReceipts" name="test_receipt_bad_id_400" time="0.000"><skipped type="pytest.skip" message="rentals module rebuilt in iteration 6; see test_iter6_rentals_rebuild.py">/app/backend/tests/test_iter5_receipts_overview_vacancy.py:175: rentals module rebuilt in iteration 6; see test_iter6_rentals_rebuild.py</skipped></testcase><testcase classname="tests.test_iter5_receipts_overview_vacancy.TestReceipts" name="test_receipt_resident_403" time="0.000"><skipped type="pytest.skip" message="rentals module rebuilt in iteration 6; see test_iter6_rentals_rebuild.py">/app/backend/tests/test_iter5_receipts_overview_vacancy.py:179: rentals module rebuilt in iteration 6; see test_iter6_rentals_rebuild.py</skipped></testcase><testcase classname="tests.backend_test.TestAuth" name="test_me_with_bearer" time="0.596" /><testcase classname="tests.backend_test.TestAuth" name="test_me_without_auth_401" time="0.162" /><testcase classname="tests.backend_test.TestWaterAndEngine" name="test_tanker_autocalc" time="0.807" /><testcase classname="tests.backend_test.TestAuth" name="test_invalid_password_401" time="0.327" /><testcase classname="tests.backend_test.TestAuth" name="test_brute_force_lockout" time="0.897" /><testcase classname="tests.backend_test.TestWaterAndEngine" name="test_readings_prefill_and_save" time="0.481" /><testcase classname="tests.backend_test.TestWaterAndEngine" name="test_charges_and_defaults" time="0.225" /><testcase classname="tests.backend_test.TestWaterAndEngine" name="test_payment_received_and_payout" time="0.102" /><testcase classname="tests.backend_test.TestWaterAndEngine" name="test_statement_math" time="0.067" /><testcase classname="tests.backend_test.TestWaterAndEngine" name="test_meter_rollback_flag" time="0.182" /><testcase classname="tests.backend_test.TestWaterAndEngine" name="test_negative_reserve_flag" time="0.264" /><testcase classname="tests.backend_test.TestAuth" name="test_cors_credentials_not_wildcard" time="0.127"><skipped type="pytest.skip" message="edge proxy overrides CORS headers on the public URL; app config verified from env">/app/backend/tests/backend_test.py:108: edge proxy overrides CORS headers on the public URL; app config verified from env</skipped></testcase><testcase classname="tests.test_iter4_rentals_annual.TestExpensesAndIsolation" name="test_expense_reduces_net_to_owner" time="0.000"><skipped type="pytest.skip" message="rentals module rebuilt in iteration 6; see test_iter6_rentals_rebuild.py">/app/backend/tests/test_iter4_rentals_annual.py:345: rentals module rebuilt in iteration 6; see test_iter6_rentals_rebuild.py</skipped></testcase><testcase classname="tests.test_iter4_rentals_annual.TestExpensesAndIsolation" name="test_on_behalf_of_building_tally" time="0.000"><skipped type="pytest.skip" message="rentals module rebuilt in iteration 6; see test_iter6_rentals_rebuild.py">/app/backend/tests/test_iter4_rentals_annual.py:367: rentals module rebuilt in iteration 6; see test_iter6_rentals_rebuild.py</skipped></testcase><testcase classname="tests.test_iter4_rentals_annual.TestExpensesAndIsolation" name="test_maintenance_statement_unaffected_by_rentals" time="0.000"><skipped type="pytest.skip" message="rentals module rebuilt in iteration 6; see test_iter6_rentals_rebuild.py">/app/backend/tests/test_iter4_rentals_annual.py:386: rentals module rebuilt in iteration 6; see test_iter6_rentals_rebuild.py</skipped></testcase><testcase classname="tests.test_iter4_rentals_annual.TestExpensesAndIsolation" name="test_bad_expense_category_rejected" time="0.000"><skipped type="pytest.skip" message="rentals module rebuilt in iteration 6; see test_iter6_rentals_rebuild.py">/app/backend/tests/test_iter4_rentals_annual.py:400: rentals module rebuilt in iteration 6; see test_iter6_rentals_rebuild.py</skipped></testcase><testcase classname="tests.test_iter4_rentals_annual.TestExpensesAndIsolation" name="test_resident_forbidden_on_all_rentals_endpoints" time="0.000"><skipped type="pytest.skip" message="rentals module rebuilt in iteration 6; see test_iter6_rentals_rebuild.py">/app/backend/tests/test_iter4_rentals_annual.py:406: rentals module rebuilt in iteration 6; see test_iter6_rentals_rebuild.py</skipped></testcase><testcase classname="tests.test_iter4_rentals_annual.TestExpensesAndIsolation" name="test_rentals_require_auth" time="0.000"><skipped type="pytest.skip" message="rentals module rebuilt in iteration 6; see test_iter6_rentals_rebuild.py">/app/backend/tests/test_iter4_rentals_annual.py:417: rentals module rebuilt in iteration 6; see test_iter6_rentals_rebuild.py</skipped></testcase><testcase classname="tests.test_iter4_rentals_annual.TestExpensesAndIsolation" name="test_dashboard_has_no_rental_data" time="0.000"><skipped type="pytest.skip" message="rentals module rebuilt in iteration 6; see test_iter6_rentals_rebuild.py">/app/backend/tests/test_iter4_rentals_annual.py:421: rentals module rebuilt in iteration 6; see test_iter6_rentals_rebuild.py</skipped></testcase><testcase classname="tests.test_iter5_receipts_overview_vacancy.TestVacancy" name="test_vacant_since_persists" time="0.000"><skipped type="pytest.skip" message="rentals module rebuilt in iteration 6; see test_iter6_rentals_rebuild.py">/app/backend/tests/test_iter5_receipts_overview_vacancy.py:249: rentals module rebuilt in iteration 6; see test_iter6_rentals_rebuild.py</skipped></testcase><testcase classname="tests.test_iter5_receipts_overview_vacancy.TestVacancy" name="test_rent_roll_vacancy_metrics" time="0.000"><skipped type="pytest.skip" message="rentals module rebuilt in iteration 6; see test_iter6_rentals_rebuild.py">/app/backend/tests/test_iter5_receipts_overview_vacancy.py:256: rentals module rebuilt in iteration 6; see test_iter6_rentals_rebuild.py</skipped></testcase><testcase classname="tests.test_iter5_receipts_overview_vacancy.TestVacancy" name="test_vacant_without_since_falls_back_to_lease_end" time="0.000"><skipped type="pytest.skip" message="rentals module rebuilt in iteration 6; see test_iter6_rentals_rebuild.py">/app/backend/tests/test_iter5_receipts_overview_vacancy.py:270: rentals module rebuilt in iteration 6; see test_iter6_rentals_rebuild.py</skipped></testcase><testcase classname="tests.test_iter5_receipts_overview_vacancy.TestVacancy" name="test_vacant_no_since_no_lease_end_zero" time="0.000"><skipped type="pytest.skip" message="rentals module rebuilt in iteration 6; see test_iter6_rentals_rebuild.py">/app/backend/tests/test_iter5_receipts_overview_vacancy.py:286: rentals module rebuilt in iteration 6; see test_iter6_rentals_rebuild.py</skipped></testcase><testcase classname="tests.test_iter5_receipts_overview_vacancy.TestVacancy" name="test_garbage_vacant_since_does_not_500" time="0.000"><skipped type="pytest.skip" message="rentals module rebuilt in iteration 6; see test_iter6_rentals_rebuild.py">/app/backend/tests/test_iter5_receipts_overview_vacancy.py:300: rentals module rebuilt in iteration 6; see test_iter6_rentals_rebuild.py</skipped></testcase><testcase classname="tests.test_iter5_receipts_overview_vacancy.TestVacancy" name="test_future_vacant_since_clamped_to_zero" time="0.000"><skipped type="pytest.skip" message="rentals module rebuilt in iteration 6; see test_iter6_rentals_rebuild.py">/app/backend/tests/test_iter5_receipts_overview_vacancy.py:316: rentals module rebuilt in iteration 6; see test_iter6_rentals_rebuild.py</skipped></testcase><testcase classname="tests.test_iter5_receipts_overview_vacancy.TestVacancy" name="test_export_includes_vacancy_summary" time="0.000"><skipped type="pytest.skip" message="rentals module rebuilt in iteration 6; see test_iter6_rentals_rebuild.py">/app/backend/tests/test_iter5_receipts_overview_vacancy.py:328: rentals module rebuilt in iteration 6; see test_iter6_rentals_rebuild.py</skipped></testcase><testcase classname="tests.test_iter8_carry_fallback_reference.TestCarryForwardFallback" name="test_active_unit_no_prev_bill_uses_master" time="0.728" /><testcase classname="tests.test_iter13_booking_dues_pack.TestMisRegression" name="test_export_ok[csv]" time="0.611" /><testcase classname="tests.test_iter13_booking_dues_pack.TestMisRegression" name="test_export_ok[pdf]" time="0.069" /><testcase classname="tests.test_iter13_booking_dues_pack.TestMisRegression" name="test_export_ok[xlsx]" time="0.128" /><testcase classname="tests.test_iter8_carry_fallback_reference.TestCarryForwardFallback" name="test_fallback_nets_off_payments_recorded_in_prev_month" time="0.432" /><testcase classname="tests.test_iter13_booking_dues_pack.TestMisRegression" name="test_csv_renamed_and_new_columns" time="0.058" /><testcase classname="tests.test_iter13_booking_dues_pack.TestMisRegression" name="test_pdf_renamed_columns" time="0.073" /><testcase classname="tests.test_iter13_booking_dues_pack.TestMisRegression" name="test_xlsx_tanker_and_recon_columns" time="0.187" /><testcase classname="tests.test_iter13_booking_dues_pack.TestMisRegression" name="test_annual_export" time="0.104" /><testcase classname="tests.test_iter8_carry_fallback_reference.TestCarryForwardFallback" name="test_fully_paid_prev_month_no_carry" time="0.370" /><testcase classname="tests.test_iter8_carry_fallback_reference.TestCarryForwardFallback" name="test_lease_starting_this_month_gives_zero_carry" time="0.159" /><testcase classname="tests.test_iter11_xlsx_export.TestRentalsWorkbook" name="test_media_type_and_sheets" time="0.463" /><testcase classname="tests.test_iter11_xlsx_export.TestRentalsWorkbook" name="test_headers_styled" time="0.000" /><testcase classname="tests.test_iter11_xlsx_export.TestRentalsWorkbook" name="test_rent_roll_values_and_tints" time="0.060"><failure message="AssertionError: assert 'afdsfdasfdasfdas' == 'TEST_I8 79f968 c70b'&#10;  &#10;  - TEST_I8 79f968 c70b&#10;  + afdsfdasfdasfdas">E   AssertionError: assert 'afdsfdasfdasfdas' == 'TEST_I8 79f968 c70b'
      
      - TEST_I8 79f968 c70b
      + afdsfdasfdasfdas</failure></testcase><testcase classname="tests.test_iter11_xlsx_export.TestRentalsWorkbook" name="test_collections_modes_and_reference" time="0.091" /><testcase classname="tests.test_iter8_carry_fallback_reference.TestCarryForwardFallback" name="test_vacant_unit_gives_zero_carry" time="0.145" /><testcase classname="tests.test_iter11_xlsx_export.TestRentalsWorkbook" name="test_payouts_and_settlement_and_deposits" time="0.001"><failure message="AssertionError: assert 'Unassigned' == 'TEST_Bldg 79f968'&#10;  &#10;  - TEST_Bldg 79f968&#10;  + Unassigned">E   AssertionError: assert 'Unassigned' == 'TEST_Bldg 79f968'
      
      - TEST_Bldg 79f968
      + Unassigned</failure></testcase><testcase classname="tests.test_iter11_xlsx_export.TestRentalsWorkbook" name="test_property_tints_consistent_across_sheets" time="0.000" /><testcase classname="tests.test_iter11_xlsx_export.TestExportRegression" name="test_mis_csv_pdf" time="0.121" /><testcase classname="tests.test_iter8_carry_fallback_reference.TestCarryForwardFallback" name="test_lease_ended_before_prev_month_gives_zero_carry" time="0.154" /><testcase classname="tests.test_iter11_xlsx_export.TestExportRegression" name="test_annual_exports" time="0.170" /><testcase classname="tests.test_iter8_carry_fallback_reference.TestCarryForwardFallback" name="test_unit_without_lease_start_created_now_has_no_bogus_dues" time="0.149"><failure message="AssertionError: unit with no lease_start shows bogus carry_forward 10500.0&#10;assert 10500.0 == 0">E   AssertionError: unit with no lease_start shows bogus carry_forward 10500.0
    assert 10500.0 == 0</failure></testcase><testcase classname="tests.test_iter11_xlsx_export.TestExportRegression" name="test_rentals_csv_pdf" time="0.162" /><testcase classname="tests.test_iter11_xlsx_export.TestExportRegression" name="test_unknown_format_silently_returns_pdf" time="0.050" /><testcase classname="tests.test_iter11_xlsx_export.TestExportRegression" name="test_xlsx_requires_auth" time="0.117" /><testcase classname="tests.test_iter12_fixes.TestPalettes" name="test_sheets_unchanged" time="0.148" /><testcase classname="tests.test_iter12_fixes.TestPalettes" name="test_ledger_colour_key_lists_only_owners" time="0.041" /><testcase classname="tests.test_iter12_fixes.TestPalettes" name="test_recon_owner_tints_unique" time="0.000" /><testcase classname="tests.test_iter12_fixes.TestPalettes" name="test_fronted_by_key_lists_flats[Tanker Purchases]" time="0.000" /><testcase classname="tests.test_iter12_fixes.TestPalettes" name="test_fronted_by_key_lists_flats[Charges]" time="0.000" /><testcase classname="tests.test_iter12_fixes.TestPalettes" name="test_owner_and_payer_palettes_are_independent" time="0.000" /><testcase classname="tests.test_iter11_xlsx_export.TestExportRegression" name="test_invalid_property_id" time="0.263" /><testcase classname="tests.test_iter6_rentals_rebuild.TestPropertyMaster" name="test_lease_end_autocompute_on_create" time="0.000" /><testcase classname="tests.test_iter6_rentals_rebuild.TestPropertyMaster" name="test_lease_end_helper" time="0.076" /><testcase classname="tests.test_iter6_rentals_rebuild.TestCollections" name="test_statement_before_collection" time="0.412"><failure message="assert 85000.0 == 44300">E   assert 85000.0 == 44300</failure></testcase><testcase classname="tests.test_iter6_rentals_rebuild.TestPropertyMaster" name="test_lease_end_helper_bad_input" time="0.088" /><testcase classname="tests.test_iter6_rentals_rebuild.TestCollections" name="test_record_split_payment" time="0.140"><failure message="assert 42500.0 == 1800">E   assert 42500.0 == 1800</failure></testcase><testcase classname="tests.test_iter6_rentals_rebuild.TestPropertyMaster" name="test_manual_end_date_without_months" time="0.095" /><testcase classname="tests.test_iter6_rentals_rebuild.TestCollections" name="test_receipt_pdf" time="0.091" /><testcase classname="tests.test_iter6_rentals_rebuild.TestPropertyMaster" name="test_unknown_unit_404" time="0.046" /><testcase classname="tests.test_iter6_rentals_rebuild.TestPropertyMaster" name="test_bad_kind_and_ownership" time="0.132" /><testcase classname="tests.test_iter6_rentals_rebuild.TestCollections" name="test_receipt_unknown_404" time="0.044" /><testcase classname="tests.test_iter6_rentals_rebuild.TestCollections" name="test_delete_payment_reverses" time="0.139"><failure message="assert 85000.0 == 44300">E   assert 85000.0 == 44300</failure></testcase><testcase classname="tests.test_iter6_rentals_rebuild.TestCollections" name="test_cleanup_payment" time="0.000" /><testcase classname="tests.backend_test.TestSetupCRUD" name="test_property_created_and_listed" time="0.345" /><testcase classname="tests.backend_test.TestSetupCRUD" name="test_defaults_update_persists" time="0.127" /><testcase classname="tests.backend_test.TestSetupCRUD" name="test_flat_and_meter_crud" time="0.473" /><testcase classname="tests.test_iter9_report_formats.TestMisCsv" name="test_owner_table_headers" time="0.554" /><testcase classname="tests.test_iter9_report_formats.TestMisCsv" name="test_has_payment_status_and_date_cols" time="0.000" /><testcase classname="tests.test_iter9_report_formats.TestMisCsv" name="test_water_usage_section_present" time="0.000" /><testcase classname="tests.test_iter9_report_formats.TestMisCsv" name="test_total_expense_per_head" time="0.000" /><testcase classname="tests.test_iter9_report_formats.TestMisCsv" name="test_all_dates_are_dmy" time="0.000" /><testcase classname="tests.test_iter9_report_formats.TestMisCsv" name="test_serials_sequential" time="0.000" /><testcase classname="tests.test_iter4_rentals_annual.TestRentalSeededBaseline" name="test_demo_seed_idempotent" time="0.000"><skipped type="pytest.skip" message="rentals module rebuilt in iteration 6; see test_iter6_rentals_rebuild.py">/app/backend/tests/test_iter4_rentals_annual.py:99: rentals module rebuilt in iteration 6; see test_iter6_rentals_rebuild.py</skipped></testcase><testcase classname="tests.test_iter4_rentals_annual.TestRentalSeededBaseline" name="test_seeded_units_present" time="0.000"><skipped type="pytest.skip" message="rentals module rebuilt in iteration 6; see test_iter6_rentals_rebuild.py">/app/backend/tests/test_iter4_rentals_annual.py:104: rentals module rebuilt in iteration 6; see test_iter6_rentals_rebuild.py</skipped></testcase><testcase classname="tests.test_iter4_rentals_annual.TestRentalSeededBaseline" name="test_rent_roll_baseline_math" time="0.000"><skipped type="pytest.skip" message="rentals module rebuilt in iteration 6; see test_iter6_rentals_rebuild.py">/app/backend/tests/test_iter4_rentals_annual.py:115: rentals module rebuilt in iteration 6; see test_iter6_rentals_rebuild.py</skipped></testcase><testcase classname="tests.test_iter4_rentals_annual.TestRentalSeededBaseline" name="test_building_tally_present" time="0.000"><skipped type="pytest.skip" message="rentals module rebuilt in iteration 6; see test_iter6_rentals_rebuild.py">/app/backend/tests/test_iter4_rentals_annual.py:136: rentals module rebuilt in iteration 6; see test_iter6_rentals_rebuild.py</skipped></testcase><testcase classname="tests.test_iter4_rentals_annual.TestRentalSeededBaseline" name="test_deposit_accumulates_across_months" time="0.000"><skipped type="pytest.skip" message="rentals module rebuilt in iteration 6; see test_iter6_rentals_rebuild.py">/app/backend/tests/test_iter4_rentals_annual.py:146: rentals module rebuilt in iteration 6; see test_iter6_rentals_rebuild.py</skipped></testcase><testcase classname="tests.test_iter4_rentals_annual.TestUnitsCRUD" name="test_create_update_delete_unit" time="0.000"><skipped type="pytest.skip" message="rentals module rebuilt in iteration 6; see test_iter6_rentals_rebuild.py">/app/backend/tests/test_iter4_rentals_annual.py:158: rentals module rebuilt in iteration 6; see test_iter6_rentals_rebuild.py</skipped></testcase><testcase classname="tests.test_iter4_rentals_annual.TestUnitsCRUD" name="test_invalid_kind_and_ownership_rejected" time="0.000"><skipped type="pytest.skip" message="rentals module rebuilt in iteration 6; see test_iter6_rentals_rebuild.py">/app/backend/tests/test_iter4_rentals_annual.py:185: rentals module rebuilt in iteration 6; see test_iter6_rentals_rebuild.py</skipped></testcase><testcase classname="tests.test_iter4_rentals_annual.TestUnitsCRUD" name="test_update_unknown_unit_404" time="0.000"><skipped type="pytest.skip" message="rentals module rebuilt in iteration 6; see test_iter6_rentals_rebuild.py">/app/backend/tests/test_iter4_rentals_annual.py:191: rentals module rebuilt in iteration 6; see test_iter6_rentals_rebuild.py</skipped></testcase><testcase classname="tests.test_iter4_rentals_annual.TestUnitsCRUD" name="test_invalid_objectid_400" time="0.000"><skipped type="pytest.skip" message="rentals module rebuilt in iteration 6; see test_iter6_rentals_rebuild.py">/app/backend/tests/test_iter4_rentals_annual.py:196: rentals module rebuilt in iteration 6; see test_iter6_rentals_rebuild.py</skipped></testcase><testcase classname="tests.test_iter4_rentals_annual.TestUnitsCRUD" name="test_delete_unit_cascades_children" time="0.000"><skipped type="pytest.skip" message="rentals module rebuilt in iteration 6; see test_iter6_rentals_rebuild.py">/app/backend/tests/test_iter4_rentals_annual.py:200: rentals module rebuilt in iteration 6; see test_iter6_rentals_rebuild.py</skipped></testcase><testcase classname="tests.test_iter4_rentals_annual.TestEntryEditing" name="test_update_tanker_recomputes" time="0.000"><skipped type="pytest.skip" message="rentals module rebuilt in iteration 6; see test_iter6_rentals_rebuild.py">/app/backend/tests/test_iter4_rentals_annual.py:545: rentals module rebuilt in iteration 6; see test_iter6_rentals_rebuild.py</skipped></testcase><testcase classname="tests.test_iter4_rentals_annual.TestEntryEditing" name="test_update_tanker_404" time="0.000"><skipped type="pytest.skip" message="rentals module rebuilt in iteration 6; see test_iter6_rentals_rebuild.py">/app/backend/tests/test_iter4_rentals_annual.py:569: rentals module rebuilt in iteration 6; see test_iter6_rentals_rebuild.py</skipped></testcase><testcase classname="tests.test_iter4_rentals_annual.TestEntryEditing" name="test_update_charge_preserves_category_and_media" time="0.000"><skipped type="pytest.skip" message="rentals module rebuilt in iteration 6; see test_iter6_rentals_rebuild.py">/app/backend/tests/test_iter4_rentals_annual.py:575: rentals module rebuilt in iteration 6; see test_iter6_rentals_rebuild.py</skipped></testcase><testcase classname="tests.test_iter4_rentals_annual.TestEntryEditing" name="test_update_charge_bad_type_and_404" time="0.000"><skipped type="pytest.skip" message="rentals module rebuilt in iteration 6; see test_iter6_rentals_rebuild.py">/app/backend/tests/test_iter4_rentals_annual.py:599: rentals module rebuilt in iteration 6; see test_iter6_rentals_rebuild.py</skipped></testcase><testcase classname="tests.test_iter4_rentals_annual.TestEntryEditing" name="test_resident_cannot_edit_entries" time="0.000"><skipped type="pytest.skip" message="rentals module rebuilt in iteration 6; see test_iter6_rentals_rebuild.py">/app/backend/tests/test_iter4_rentals_annual.py:614: rentals module rebuilt in iteration 6; see test_iter6_rentals_rebuild.py</skipped></testcase><testcase classname="tests.test_iter5_receipts_overview_vacancy.TestRegression" name="test_statement_unaffected_by_rentals" time="0.000"><skipped type="pytest.skip" message="rentals module rebuilt in iteration 6; see test_iter6_rentals_rebuild.py">/app/backend/tests/test_iter5_receipts_overview_vacancy.py:344: rentals module rebuilt in iteration 6; see test_iter6_rentals_rebuild.py</skipped></testcase><testcase classname="tests.test_iter5_receipts_overview_vacancy.TestRegression" name="test_deposits_held_across_months" time="0.000"><skipped type="pytest.skip" message="rentals module rebuilt in iteration 6; see test_iter6_rentals_rebuild.py">/app/backend/tests/test_iter5_receipts_overview_vacancy.py:353: rentals module rebuilt in iteration 6; see test_iter6_rentals_rebuild.py</skipped></testcase><testcase classname="tests.test_iter5_receipts_overview_vacancy.TestRegression" name="test_rent_roll_status_logic" time="0.000"><skipped type="pytest.skip" message="rentals module rebuilt in iteration 6; see test_iter6_rentals_rebuild.py">/app/backend/tests/test_iter5_receipts_overview_vacancy.py:361: rentals module rebuilt in iteration 6; see test_iter6_rentals_rebuild.py</skipped></testcase><testcase classname="tests.test_iter5_receipts_overview_vacancy.TestRegression" name="test_annual_scoped_by_role" time="0.000"><skipped type="pytest.skip" message="rentals module rebuilt in iteration 6; see test_iter6_rentals_rebuild.py">/app/backend/tests/test_iter5_receipts_overview_vacancy.py:370: rentals module rebuilt in iteration 6; see test_iter6_rentals_rebuild.py</skipped></testcase><testcase classname="tests.test_iter5_receipts_overview_vacancy.TestRegression" name="test_rentals_admin_only" time="0.000"><skipped type="pytest.skip" message="rentals module rebuilt in iteration 6; see test_iter6_rentals_rebuild.py">/app/backend/tests/test_iter5_receipts_overview_vacancy.py:382: rentals module rebuilt in iteration 6; see test_iter6_rentals_rebuild.py</skipped></testcase><testcase classname="tests.test_iter6_rentals_rebuild.TestPayouts" name="test_building_payable_and_credits" time="0.058"><failure message="assert 2500.0 == 5500">E   assert 2500.0 == 5500</failure></testcase><testcase classname="tests.test_iter6_rentals_rebuild.TestPayouts" name="test_payout_and_credit_payout" time="0.188"><failure message="assert 2500.0 == 5500">E   assert 2500.0 == 5500</failure></testcase><testcase classname="tests.test_iter6_rentals_rebuild.TestPayouts" name="test_arithmetic_chain_matches_spec" time="0.054"><failure message="assert (85000.0, 0.0...00.0, 42500.0) == (44300, 42500, 1800, 1800)&#10;  &#10;  At index 0 diff: 85000.0 != 44300&#10;  Use -v to get more diff">E   assert (85000.0, 0.0...00.0, 42500.0) == (44300, 42500, 1800, 1800)
      
      At index 0 diff: 85000.0 != 44300
      Use -v to get more diff</failure></testcase><testcase classname="tests.test_iter6_rentals_rebuild.TestPayouts" name="test_payout_bad_month" time="0.045" /><testcase classname="tests.test_iter6_rentals_rebuild.TestPayouts" name="test_payout_delete" time="0.149"><failure message="assert (0.0 == 0 and 0.0 == 1200)">E   assert (0.0 == 0 and 0.0 == 1200)</failure></testcase><testcase classname="tests.backend_test.TestSetupCRUD" name="test_tank_crud" time="0.385" /><testcase classname="tests.backend_test.TestSetupCRUD" name="test_invalid_id_400" time="0.086" /><testcase classname="tests.test_iter7_carry_reference.TestCollectionReference" name="test_non_cash_without_reference_rejected" time="0.758" /><testcase classname="tests.test_iter7_carry_reference.TestCollectionReference" name="test_whitespace_reference_rejected" time="0.051" /><testcase classname="tests.test_iter7_carry_reference.TestCollectionReference" name="test_non_cash_with_reference_succeeds_and_is_listed" time="0.198" /><testcase classname="tests.test_iter8_carry_fallback_reference.TestUpdatePaymentReference" name="test_non_cash_empty_reference_rejected[upi]" time="0.683" /><testcase classname="tests.test_iter7_carry_reference.TestCollectionReference" name="test_cash_without_reference_succeeds" time="0.147" /><testcase classname="tests.test_iter7_carry_reference.TestCollectionReference" name="test_update_payment_enforces_reference" time="0.255" /><testcase classname="tests.test_iter8_carry_fallback_reference.TestUpdatePaymentReference" name="test_non_cash_empty_reference_rejected[bank]" time="0.232" /><testcase classname="tests.test_iter8_carry_fallback_reference.TestUpdatePaymentReference" name="test_whitespace_reference_rejected" time="0.400" /><testcase classname="tests.test_iter8_carry_fallback_reference.TestUpdatePaymentReference" name="test_non_cash_with_reference_accepted_and_persisted" time="0.227" /><testcase classname="tests.test_iter8_carry_fallback_reference.TestUpdatePayoutReference" name="test_non_cash_empty_reference_rejected[upi]" time="0.508" /><testcase classname="tests.test_iter8_carry_fallback_reference.TestUpdatePayoutReference" name="test_non_cash_empty_reference_rejected[bank]" time="0.176" /><testcase classname="tests.test_iter8_carry_fallback_reference.TestUpdatePaymentReference" name="test_cash_without_reference_accepted" time="0.228" /><testcase classname="tests.test_iter8_carry_fallback_reference.TestUpdatePayoutReference" name="test_non_cash_with_reference_accepted" time="0.218" /><testcase classname="tests.test_iter8_carry_fallback_reference.TestUpdatePayoutReference" name="test_cash_without_reference_accepted" time="0.137" /><testcase classname="tests.backend_test.TestTipsInWaterCost" name="test_per_tanker_cost_includes_tips" time="0.393" /><testcase classname="tests.test_iter8_carry_fallback_reference.TestUpdatePayoutReference" name="test_credit_without_reference_accepted" time="0.281" /><testcase classname="tests.backend_test.TestTipsInWaterCost" name="test_statement_totals_and_no_double_count" time="0.179" /><testcase classname="tests.backend_test.TestUploads" name="test_image_upload_and_download" time="0.439" /><testcase classname="tests.backend_test.TestTipsInWaterCost" name="test_demo_property_expected_figures" time="0.415"><failure message="AssertionError: {'flat_count': 4, 'tanker_count': 0, 'metered_charges': 0.0, 'total_litres': 0.0, ...}&#10;assert 0.0 == 3950">E   AssertionError: {'flat_count': 4, 'tanker_count': 0, 'metered_charges': 0.0, 'total_litres': 0.0, ...}
    assert 0.0 == 3950</failure></testcase><testcase classname="tests.backend_test.TestUploads" name="test_video_upload_without_gps" time="0.172" /><testcase classname="tests.backend_test.TestTipsInWaterCost" name="test_csv_labels_mention_tips_in_water" time="0.216" /><testcase classname="tests.backend_test.TestUploads" name="test_reject_non_media" time="0.086" /><testcase classname="tests.test_auth_playbook" name="test_bcrypt_hash_format_in_db" time="0.112" /><testcase classname="tests.backend_test.TestUploads" name="test_file_download_requires_real_auth" time="0.475" /><testcase classname="tests.test_auth_playbook" name="test_login_sets_httponly_cookies" time="0.548" /><testcase classname="tests.test_iter10_recon_layout.TestReconPdf" name="test_is_pdf" time="0.061" /><testcase classname="tests.test_iter10_recon_layout.TestReconPdf" name="test_both_sections_and_headers" time="0.080" /><testcase classname="tests.test_iter10_recon_layout.TestReconPdf" name="test_total_row_and_legend" time="0.000" /><testcase classname="tests.test_iter10_recon_layout.TestReconPdf" name="test_no_iso_dates" time="0.000" /><testcase classname="tests.test_auth_playbook" name="test_brute_force_lockout_on_throwaway_account" time="0.927" /><testcase classname="tests.test_auth_playbook" name="test_unauthenticated_access_blocked" time="0.113" /><testcase classname="tests.test_iter12_fixes.TestChargesSheet" name="test_charges_frozen_panes" time="0.000" /><testcase classname="tests.test_iter12_fixes.TestChargesSheet" name="test_all_sheets_frozen" time="0.000" /><testcase classname="tests.test_iter12_fixes.TestChargesSheet" name="test_charges_sections_and_totals" time="0.000" /><testcase classname="tests.test_iter12_fixes.TestChargesSheet" name="test_navy_headers_everywhere" time="0.000" /><testcase classname="tests.test_iter6_rentals_rebuild.TestBills" name="test_draft_prefilled_from_master" time="0.052"><failure message="assert 85000.0 == 42500">E   assert 85000.0 == 42500</failure></testcase><testcase classname="tests.test_iter6_rentals_rebuild.TestBills" name="test_upsert_with_adhoc_and_totals" time="0.098" /><testcase classname="tests.test_iter6_rentals_rebuild.TestBills" name="test_bad_month" time="0.128" /><testcase classname="tests.test_iter6_rentals_rebuild.TestBills" name="test_bill_unknown_unit_404" time="0.086" /><testcase classname="tests.test_iter12_fixes.TestManyOwners" name="test_twelve_owners_all_distinct_tints" time="1.529" /><testcase classname="tests.test_iter12_fixes.TestManyOwners" name="test_row_fills_match_owner_key" time="0.000" /><testcase classname="tests.test_iter12_fixes.TestManyOwners" name="test_same_label_meters_get_different_tints" time="0.000" /><testcase classname="tests.test_iter12_fixes.TestManyOwners" name="test_meter_colour_key_shows_label_verbatim" time="0.246" /><testcase classname="tests.test_iter7_carry_reference.TestCarryForwardEndToEnd" name="test_partial_payment_carries_dues" time="0.905" /><testcase classname="tests.test_iter7_carry_reference.TestPayoutReference" name="test_non_cash_payout_without_reference_rejected" time="0.440" /><testcase classname="tests.test_iter7_carry_reference.TestPayoutReference" name="test_non_cash_payout_with_reference_succeeds" time="0.229" /><testcase classname="tests.test_iter7_carry_reference.TestCarryForwardEndToEnd" name="test_overpayment_carries_negative_advance" time="0.397" /><testcase classname="tests.test_iter7_carry_reference.TestPayoutReference" name="test_cash_payout_without_reference_succeeds" time="0.103" /><testcase classname="tests.test_iter7_carry_reference.TestPayoutReference" name="test_credit_without_reference_succeeds" time="0.195" /><testcase classname="tests.test_iter7_carry_reference.TestCarryForwardEndToEnd" name="test_statement_exposes_carry_forward" time="0.169" /><testcase classname="tests.test_iter7_carry_reference.TestCarryForwardEndToEnd" name="test_carry_cleared_when_month_settled" time="0.562" /><testcase classname="tests.test_iter8_carry_fallback_reference.TestRegression" name="test_bills_list_and_statement" time="0.506" /><testcase classname="tests.test_iter8_carry_fallback_reference.TestRegression" name="test_receipt_pdf" time="0.255" /><testcase classname="tests.test_iter8_carry_fallback_reference.TestRegression" name="test_invalid_month_rejected" time="0.053" /><testcase classname="tests.test_iter8_carry_fallback_reference.TestRegression" name="test_requires_admin" time="0.297" /><testcase classname="tests.test_iter9_report_formats.TestStatementFields" name="test_rows_carry_floor_status_paydate" time="0.497" /><testcase classname="tests.test_iter9_report_formats.TestStatementFields" name="test_meters_carry_flat_floor_owner_charge" time="0.000" /><testcase classname="tests.test_iter9_report_formats.TestStatementFields" name="test_totals_have_tanker_count_and_metered_charges" time="0.000" /><testcase classname="tests.test_iter9_report_formats.TestStatementFields" name="test_metered_charges_matches_meter_sum" time="0.000" /><testcase classname="tests.backend_test.TestRoleRestrictions" name="test_resident_statement_scoped" time="0.692" /><testcase classname="tests.backend_test.TestRoleRestrictions" name="test_resident_write_forbidden" time="0.685" /><testcase classname="tests.test_iter10_recon_layout.TestColumnMath" name="test_row_arithmetic" time="0.629" /><testcase classname="tests.test_iter10_recon_layout.TestColumnMath" name="test_metered_cost_matches_consumption_times_rate" time="0.000" /><testcase classname="tests.test_iter10_recon_layout.TestColumnMath" name="test_totals_line_up_with_column_sums" time="0.000" /><testcase classname="tests.backend_test.TestRoleRestrictions" name="test_resident_mis_export_forbidden" time="0.223" /><testcase classname="tests.test_iter11_xlsx_export.TestVerbatimRename" name="test_owner_rename_reflected" time="0.399" /><testcase classname="tests.test_iter12_fixes.TestMonthClose" name="test_payment_direction_is_constrained" time="1.111" /><testcase classname="tests.test_iter12_fixes.TestMonthClose" name="test_close_month_carries_forward" time="0.535" /><testcase classname="tests.test_iter11_xlsx_export.TestVerbatimRename" name="test_meter_rename_not_supported_by_api" time="0.054" /><testcase classname="tests.test_iter11_xlsx_export.TestVerbatimRename" name="test_new_meter_label_verbatim" time="0.369" /><testcase classname="tests.test_iter12_fixes.TestMonthClose" name="test_double_reset_rejected" time="0.096" /><testcase classname="tests.test_iter13_booking_dues_pack.TestOrdering" name="test_flats_sorted_floor_then_flat" time="0.663" /><testcase classname="tests.test_iter13_booking_dues_pack.TestTankerDates" name="test_post_delivery_before_booking_rejected" time="0.670" /><testcase classname="tests.test_iter13_booking_dues_pack.TestTankerDates" name="test_post_and_put_booking_delivery_ok_and_put_validation" time="0.385" /><testcase classname="tests.test_iter13_booking_dues_pack.TestOrdering" name="test_statement_rows_and_meters_sorted" time="0.053" /><testcase classname="tests.test_iter13_booking_dues_pack.TestOrdering" name="test_statement_row_has_paid_by" time="0.000" /><testcase classname="tests.test_iter13_booking_dues_pack.TestTankerDates" name="test_delivery_month_drives_filing_and_reserve" time="0.411" /><testcase classname="tests.test_iter13_colours" name="test_reconciliation_unique_colour_per_owner" time="0.590" /><testcase classname="tests.test_iter13_colours" name="test_meters_unique_colour_per_meter" time="0.104" /><testcase classname="tests.test_iter13_colours" name="test_owner_colour_stable_between_single_and_combined_pdf" time="0.193" /><testcase classname="tests.test_iter6_rentals_rebuild.TestCategories" name="test_defaults_seeded" time="0.053" /><testcase classname="tests.test_iter6_rentals_rebuild.TestCategories" name="test_add_and_dedupe" time="0.263" /><testcase classname="tests.test_iter6_rentals_rebuild.TestExports" name="test_csv" time="0.057" /><testcase classname="tests.test_iter6_rentals_rebuild.TestExports" name="test_pdf" time="0.063" /><testcase classname="tests.test_iter6_rentals_rebuild.TestExports" name="test_export_bad_month" time="0.047" /><testcase classname="tests.test_iter6_rentals_rebuild.TestCategories" name="test_blank_rejected" time="0.055" /><testcase classname="tests.test_iter7_carry_reference.TestRegression" name="test_statement_and_export_and_receipt" time="0.989" /><testcase classname="tests.test_iter7_carry_reference.TestBillEditAndCarry" name="test_draft_uses_master_amounts_and_zero_carry" time="0.595"><failure message="assert 10500.0 == 0">E   assert 10500.0 == 0</failure></testcase><testcase classname="tests.test_iter7_carry_reference.TestBillEditAndCarry" name="test_edit_and_persist_amounts_with_carry" time="0.118" /><testcase classname="tests.test_iter7_carry_reference.TestBillEditAndCarry" name="test_waive_carry_to_zero" time="0.226" /><testcase classname="tests.test_iter7_carry_reference.TestRegression" name="test_invalid_month_rejected" time="0.045" /><testcase classname="tests.test_iter7_carry_reference.TestRegression" name="test_bills_requires_admin" time="0.201" /><testcase classname="tests.test_iter9_report_formats.TestRentalsExports" name="test_rentals_report_csv_serial" time="0.108" /><testcase classname="tests.test_iter9_report_formats.TestRentalsExports" name="test_rentals_report_pdf" time="0.061" /><testcase classname="tests.test_iter9_report_formats.TestRentalsExports" name="test_receipt_pdf_dmy_and_mode" time="0.142" /><testcase classname="tests.test_media_notify.TestUploads" name="test_upload_without_gps" time="0.747" /><testcase classname="tests.test_media_notify.TestUploads" name="test_download_requires_auth" time="0.775" /><testcase classname="tests.test_media_notify.TestChargeMedia" name="test_adhoc_three_categories" time="1.705" /><testcase classname="tests.test_media_notify.TestUploads" name="test_reject_non_media" time="0.117" /><testcase classname="tests.backend_test.TestDemoSeed" name="test_seed_idempotent" time="0.043" /><testcase classname="tests.backend_test.TestDemoSeed" name="test_demo_property_shape" time="0.311" /><testcase classname="tests.test_media_notify.TestChargeMedia" name="test_recurring_bill_media" time="0.375" /><testcase classname="tests.backend_test.TestMISExport" name="test_csv" time="0.098"><failure message="AssertionError: assert ('Flat' in 'SocietyHub MIS — TEST_Tower_909cd8 — March 2026\r\n\r\nWater purchased (L),0.0,Water spend (lorry+tips),0.0,Avg cost/...etered consumption,0.0,Total non-metered cost,0.0,Per house share,0.0\r\n\r\nTOTAL OWES,0.0,TOTAL OWED,0.0,NET,0.0\r\n' and 'Net' in 'SocietyHub MIS — TEST_Tower_909cd8 — March 2026\r\n\r\nWater purchased (L),0.0,Water spend (lorry+tips),0.0,Avg cost/...etered consumption,0.0,Total non-metered cost,0.0,Per house share,0.0\r\n\r\nTOTAL OWES,0.0,TOTAL OWED,0.0,NET,0.0\r\n')">E   AssertionError: assert ('Flat' in 'SocietyHub MIS — TEST_Tower_909cd8 — March 2026\r\n\r\nWater purchased (L),0.0,Water spend (lorry+tips),0.0,Avg cost/...etered consumption,0.0,Total non-metered cost,0.0,Per house share,0.0\r\n\r\nTOTAL OWES,0.0,TOTAL OWED,0.0,NET,0.0\r\n' and 'Net' in 'SocietyHub MIS — TEST_Tower_909cd8 — March 2026\r\n\r\nWater purchased (L),0.0,Water spend (lorry+tips),0.0,Avg cost/...etered consumption,0.0,Total non-metered cost,0.0,Per house share,0.0\r\n\r\nTOTAL OWES,0.0,TOTAL OWED,0.0,NET,0.0\r\n')</failure></testcase><testcase classname="tests.backend_test.TestMISExport" name="test_pdf" time="0.155" /><testcase classname="tests.test_media_notify.TestChargeMedia" name="test_tips_rejected_as_charge" time="0.050" /><testcase classname="tests.test_iter13_booking_dues_pack.TestOpeningDues" name="test_flat_opening_dues_flow_to_statement" time="0.661" /><testcase classname="tests.backend_test.TestMonthResetIsolated" name="test_reset_locks_and_carries" time="0.809" /><testcase classname="tests.test_iter13_booking_dues_pack.TestOpeningDues" name="test_reset_does_not_double_count_opening_dues" time="0.439" /><testcase classname="tests.backend_test.TestMonthResetIsolated" name="test_locked_writes_return_423" time="0.363" /><testcase classname="tests.test_iter4_rentals_annual.TestRentExports" name="test_csv_export" time="0.000"><skipped type="pytest.skip" message="rentals module rebuilt in iteration 6; see test_iter6_rentals_rebuild.py">/app/backend/tests/test_iter4_rentals_annual.py:432: rentals module rebuilt in iteration 6; see test_iter6_rentals_rebuild.py</skipped></testcase><testcase classname="tests.test_iter4_rentals_annual.TestRentExports" name="test_pdf_export" time="0.000"><skipped type="pytest.skip" message="rentals module rebuilt in iteration 6; see test_iter6_rentals_rebuild.py">/app/backend/tests/test_iter4_rentals_annual.py:444: rentals module rebuilt in iteration 6; see test_iter6_rentals_rebuild.py</skipped></testcase><testcase classname="tests.test_iter6_rentals_rebuild.TestStatuses" name="test_vacant_bills_zero" time="0.385"><failure message="assert 85000.0 == 44300">E   assert 85000.0 == 44300</failure></testcase><testcase classname="tests.test_iter6_rentals_rebuild.TestDeposits" name="test_deposit_separate_from_bill" time="0.183"><failure message="assert 0.0 == 42500">E   assert 0.0 == 42500</failure></testcase><testcase classname="tests.test_iter6_rentals_rebuild.TestDeposits" name="test_bad_deposit_kind" time="0.091" /><testcase classname="tests.test_iter6_rentals_rebuild.TestStatuses" name="test_paid_status" time="0.316"><failure message="assert 83200.0 == 0">E   assert 83200.0 == 0</failure></testcase><testcase classname="tests.test_iter6_rentals_rebuild.TestOverview" name="test_reconciles_with_statement" time="0.134"><failure message="AssertionError: assert 6 == 5&#10; +  where 6 = len([{'unit_id': '6a9519573a567c0d73126cf9', 'name': 'QA Prop cf7edd', 'kind': 'flat', 'ownership': 'own', ...}, {'unit_id...ip': 'own', ...}, {'unit_id': '6a8a67b0258daee645c70161', 'name': 'srinithi', 'kind': 'flat', 'ownership': 'own', ...}])&#10; +  and   5 = len([{'unit_id': '6a9519573a567c0d73126cf9', 'name': 'QA Prop cf7edd', 'kind': 'flat', 'ownership': 'own', ...}, {'unit_id...ip': 'own', ...}, {'unit_id': '6a8a67b0258daee645c70161', 'name': 'srinithi', 'kind': 'flat', 'ownership': 'own', ...}])">E   AssertionError: assert 6 == 5
     +  where 6 = len([{'unit_id': '6a9519573a567c0d73126cf9', 'name': 'QA Prop cf7edd', 'kind': 'flat', 'ownership': 'own', ...}, {'unit_id...ip': 'own', ...}, {'unit_id': '6a8a67b0258daee645c70161', 'name': 'srinithi', 'kind': 'flat', 'ownership': 'own', ...}])
     +  and   5 = len([{'unit_id': '6a9519573a567c0d73126cf9', 'name': 'QA Prop cf7edd', 'kind': 'flat', 'ownership': 'own', ...}, {'unit_id...ip': 'own', ...}, {'unit_id': '6a8a67b0258daee645c70161', 'name': 'srinithi', 'kind': 'flat', 'ownership': 'own', ...}])</failure></testcase><testcase classname="tests.test_iter8_carry_fallback_reference.TestCarryForwardSavedBill" name="test_partial_payment_positive_carry" time="0.829" /><testcase classname="tests.test_iter6_rentals_rebuild.TestOverview" name="test_overview_bad_month" time="0.047" /><testcase classname="tests.test_iter9_report_formats.TestMisPdf" name="test_pdf_downloads" time="0.122" /><testcase classname="tests.test_iter9_report_formats.TestMisPdf" name="test_pdf_text_has_sections" time="0.106" /><testcase classname="tests.test_iter9_report_formats.TestAnnualExport" name="test_annual_csv_has_serial" time="0.080" /><testcase classname="tests.test_iter8_carry_fallback_reference.TestCarryForwardSavedBill" name="test_overpayment_negative_carry_reduces_next_total" time="0.560" /><testcase classname="tests.test_iter9_report_formats.TestAnnualExport" name="test_annual_pdf" time="0.122" /><testcase classname="tests.test_media_notify.TestFlatBuilding" name="test_create_flat_under_chosen_building" time="0.672" /><testcase classname="tests.test_iter9_report_formats.TestFlatFloor" name="test_flat_floor_persists" time="0.322" /><testcase classname="tests.test_media_notify.TestFlatBuilding" name="test_demo_flats_have_owner_phones" time="0.053" /><testcase classname="tests.test_media_notify.TestStatementNotify" name="test_rows_expose_phones_and_math" time="0.062"><failure message="assert 0.0 == 3950">E   assert 0.0 == 3950</failure></testcase><testcase classname="tests.test_iter9_report_formats.TestFlatFloor" name="test_create_flat_with_floor" time="0.101" /><testcase classname="tests.test_media_notify.TestStatementNotify" name="test_no_sms_gateway_endpoints" time="0.259" /><testcase classname="tests.backend_test.TestPasswordHash" name="test_bcrypt_hash_format" time="0.002"><failure message="RuntimeError: There is no current event loop in thread 'MainThread'.">E   RuntimeError: There is no current event loop in thread 'MainThread'.</failure></testcase><testcase classname="tests.test_iter6_rentals_rebuild" name="test_zz_cleanup" time="0.191" /><testcase classname="tests.test_media_notify.TestReadingMedia" name="test_media_attaches_to_correct_meter_only" time="0.828" /><testcase classname="tests.test_iter4_rentals_annual.TestLockedPeriodBlocksEdits" name="test_edit_locked_period_returns_423" time="0.000"><skipped type="pytest.skip" message="rentals module rebuilt in iteration 6; see test_iter6_rentals_rebuild.py">/app/backend/tests/test_iter4_rentals_annual.py:626: rentals module rebuilt in iteration 6; see test_iter6_rentals_rebuild.py</skipped></testcase><testcase classname="tests.test_iter9_report_formats.TestTankerTipsPayer" name="test_create_tanker_with_different_tips_payer" time="0.927" /></testsuite></testsuites>