<?xml version="1.0" encoding="utf-8"?><testsuites name="pytest tests"><testsuite name="pytest" errors="0" failures="1" skipped="72" tests="189" time="20.906" timestamp="2026-08-23T06:35:47.567922+00:00" hostname="agent-env-75a625d5-b7c9-49d1-9bbf-b7c3255a55f6"><testcase classname="tests.backend_test.TestAuth" name="test_root" time="0.121" /><testcase classname="tests.backend_test.TestAuth" name="test_login_sets_httponly_cookie_and_token" time="0.330" /><testcase classname="tests.backend_test.TestAuth" name="test_me_with_bearer" time="0.368" /><testcase classname="tests.backend_test.TestAuth" name="test_me_without_auth_401" time="0.103" /><testcase classname="tests.backend_test.TestAuth" name="test_invalid_password_401" time="0.325" /><testcase classname="tests.backend_test.TestAuth" name="test_brute_force_lockout" time="0.751" /><testcase classname="tests.backend_test.TestAuth" name="test_cors_credentials_not_wildcard" time="0.094"><skipped type="pytest.skip" message="edge proxy overrides CORS headers on the public URL; app config verified from env">/app/backend/tests/backend_test.py:108: edge proxy overrides CORS headers on the public URL; app config verified from env</skipped></testcase><testcase classname="tests.backend_test.TestPasswordHash" name="test_bcrypt_hash_format" time="0.068" /><testcase classname="tests.backend_test.TestDemoSeed" name="test_seed_idempotent" time="0.060" /><testcase classname="tests.backend_test.TestDemoSeed" name="test_demo_property_shape" time="0.201" /><testcase classname="tests.backend_test.TestSetupCRUD" name="test_property_created_and_listed" time="0.098" /><testcase classname="tests.backend_test.TestSetupCRUD" name="test_defaults_update_persists" time="0.094" /><testcase classname="tests.backend_test.TestSetupCRUD" name="test_flat_and_meter_crud" time="0.323" /><testcase classname="tests.backend_test.TestSetupCRUD" name="test_tank_crud" time="0.142" /><testcase classname="tests.backend_test.TestSetupCRUD" name="test_invalid_id_400" time="0.048" /><testcase classname="tests.backend_test.TestWaterAndEngine" name="test_tanker_autocalc" time="0.238" /><testcase classname="tests.backend_test.TestWaterAndEngine" name="test_readings_prefill_and_save" time="0.233" /><testcase classname="tests.backend_test.TestWaterAndEngine" name="test_charges_and_defaults" time="0.248" /><testcase classname="tests.backend_test.TestWaterAndEngine" name="test_payment_received_and_payout" time="0.097" /><testcase classname="tests.backend_test.TestWaterAndEngine" name="test_statement_math" time="0.051" /><testcase classname="tests.backend_test.TestWaterAndEngine" name="test_meter_rollback_flag" time="0.159" /><testcase classname="tests.backend_test.TestWaterAndEngine" name="test_negative_reserve_flag" time="0.143" /><testcase classname="tests.backend_test.TestTipsInWaterCost" name="test_per_tanker_cost_includes_tips" time="0.353" /><testcase classname="tests.backend_test.TestTipsInWaterCost" name="test_statement_totals_and_no_double_count" time="0.148" /><testcase classname="tests.backend_test.TestTipsInWaterCost" name="test_demo_property_expected_figures" time="0.144" /><testcase classname="tests.backend_test.TestTipsInWaterCost" name="test_csv_labels_mention_tips_in_water" time="0.097" /><testcase classname="tests.backend_test.TestMISExport" name="test_csv" time="0.049" /><testcase classname="tests.backend_test.TestMISExport" name="test_pdf" time="0.113" /><testcase classname="tests.backend_test.TestUploads" name="test_image_upload_and_download" time="0.436" /><testcase classname="tests.backend_test.TestUploads" name="test_video_upload_without_gps" time="0.248" /><testcase classname="tests.backend_test.TestUploads" name="test_reject_non_media" time="0.046" /><testcase classname="tests.backend_test.TestUploads" name="test_file_download_requires_real_auth" time="0.388" /><testcase classname="tests.backend_test.TestRoleRestrictions" name="test_resident_statement_scoped" time="0.464" /><testcase classname="tests.backend_test.TestRoleRestrictions" name="test_resident_write_forbidden" time="0.331" /><testcase classname="tests.backend_test.TestRoleRestrictions" name="test_resident_mis_export_forbidden" time="0.096" /><testcase classname="tests.backend_test.TestMonthResetIsolated" name="test_reset_locks_and_carries" time="0.563" /><testcase classname="tests.backend_test.TestMonthResetIsolated" name="test_locked_writes_return_423" time="0.322" /><testcase classname="tests.test_auth_playbook" name="test_bcrypt_hash_format_in_db" time="0.005" /><testcase classname="tests.test_auth_playbook" name="test_login_sets_httponly_cookies" time="0.427" /><testcase classname="tests.test_auth_playbook" name="test_brute_force_lockout_on_throwaway_account" time="0.572" /><testcase classname="tests.test_auth_playbook" name="test_unauthenticated_access_blocked" time="0.096" /><testcase classname="tests.test_iter4_rentals_annual.TestRentalSeededBaseline" name="test_demo_seed_idempotent" time="0.000"><skipped type="pytest.skip" message="rentals module rebuilt in iteration 6; see test_iter6_rentals_rebuild.py">/app/backend/tests/test_iter4_rentals_annual.py:99: rentals module rebuilt in iteration 6; see test_iter6_rentals_rebuild.py</skipped></testcase><testcase classname="tests.test_iter4_rentals_annual.TestRentalSeededBaseline" name="test_seeded_units_present" time="0.000"><skipped type="pytest.skip" message="rentals module rebuilt in iteration 6; see test_iter6_rentals_rebuild.py">/app/backend/tests/test_iter4_rentals_annual.py:104: rentals module rebuilt in iteration 6; see test_iter6_rentals_rebuild.py</skipped></testcase><testcase classname="tests.test_iter4_rentals_annual.TestRentalSeededBaseline" name="test_rent_roll_baseline_math" time="0.000"><skipped type="pytest.skip" message="rentals module rebuilt in iteration 6; see test_iter6_rentals_rebuild.py">/app/backend/tests/test_iter4_rentals_annual.py:115: rentals module rebuilt in iteration 6; see test_iter6_rentals_rebuild.py</skipped></testcase><testcase classname="tests.test_iter4_rentals_annual.TestRentalSeededBaseline" name="test_building_tally_present" time="0.000"><skipped type="pytest.skip" message="rentals module rebuilt in iteration 6; see test_iter6_rentals_rebuild.py">/app/backend/tests/test_iter4_rentals_annual.py:136: rentals module rebuilt in iteration 6; see test_iter6_rentals_rebuild.py</skipped></testcase><testcase classname="tests.test_iter4_rentals_annual.TestRentalSeededBaseline" name="test_deposit_accumulates_across_months" time="0.000"><skipped type="pytest.skip" message="rentals module rebuilt in iteration 6; see test_iter6_rentals_rebuild.py">/app/backend/tests/test_iter4_rentals_annual.py:146: rentals module rebuilt in iteration 6; see test_iter6_rentals_rebuild.py</skipped></testcase><testcase classname="tests.test_iter4_rentals_annual.TestUnitsCRUD" name="test_create_update_delete_unit" time="0.000"><skipped type="pytest.skip" message="rentals module rebuilt in iteration 6; see test_iter6_rentals_rebuild.py">/app/backend/tests/test_iter4_rentals_annual.py:158: rentals module rebuilt in iteration 6; see test_iter6_rentals_rebuild.py</skipped></testcase><testcase classname="tests.test_iter4_rentals_annual.TestUnitsCRUD" name="test_invalid_kind_and_ownership_rejected" time="0.000"><skipped type="pytest.skip" message="rentals module rebuilt in iteration 6; see test_iter6_rentals_rebuild.py">/app/backend/tests/test_iter4_rentals_annual.py:185: rentals module rebuilt in iteration 6; see test_iter6_rentals_rebuild.py</skipped></testcase><testcase classname="tests.test_iter4_rentals_annual.TestUnitsCRUD" name="test_update_unknown_unit_404" time="0.000"><skipped type="pytest.skip" message="rentals module rebuilt in iteration 6; see test_iter6_rentals_rebuild.py">/app/backend/tests/test_iter4_rentals_annual.py:191: rentals module rebuilt in iteration 6; see test_iter6_rentals_rebuild.py</skipped></testcase><testcase classname="tests.test_iter4_rentals_annual.TestUnitsCRUD" name="test_invalid_objectid_400" time="0.000"><skipped type="pytest.skip" message="rentals module rebuilt in iteration 6; see test_iter6_rentals_rebuild.py">/app/backend/tests/test_iter4_rentals_annual.py:196: rentals module rebuilt in iteration 6; see test_iter6_rentals_rebuild.py</skipped></testcase><testcase classname="tests.test_iter4_rentals_annual.TestUnitsCRUD" name="test_delete_unit_cascades_children" time="0.000"><skipped type="pytest.skip" message="rentals module rebuilt in iteration 6; see test_iter6_rentals_rebuild.py">/app/backend/tests/test_iter4_rentals_annual.py:200: rentals module rebuilt in iteration 6; see test_iter6_rentals_rebuild.py</skipped></testcase><testcase classname="tests.test_iter4_rentals_annual.TestCollectionsAndStatus" name="test_unpaid_past_due_is_overdue" time="0.000"><skipped type="pytest.skip" message="rentals module rebuilt in iteration 6; see test_iter6_rentals_rebuild.py">/app/backend/tests/test_iter4_rentals_annual.py:231: rentals module rebuilt in iteration 6; see test_iter6_rentals_rebuild.py</skipped></testcase><testcase classname="tests.test_iter4_rentals_annual.TestCollectionsAndStatus" name="test_partial_then_full_payment_marks_paid" time="0.000"><skipped type="pytest.skip" message="rentals module rebuilt in iteration 6; see test_iter6_rentals_rebuild.py">/app/backend/tests/test_iter4_rentals_annual.py:239: rentals module rebuilt in iteration 6; see test_iter6_rentals_rebuild.py</skipped></testcase><testcase classname="tests.test_iter4_rentals_annual.TestCollectionsAndStatus" name="test_overpayment_shows_advance_not_negative" time="0.000"><skipped type="pytest.skip" message="rentals module rebuilt in iteration 6; see test_iter6_rentals_rebuild.py">/app/backend/tests/test_iter4_rentals_annual.py:262: rentals module rebuilt in iteration 6; see test_iter6_rentals_rebuild.py</skipped></testcase><testcase classname="tests.test_iter4_rentals_annual.TestCollectionsAndStatus" name="test_deposit_refund_and_deduction_math" time="0.000"><skipped type="pytest.skip" message="rentals module rebuilt in iteration 6; see test_iter6_rentals_rebuild.py">/app/backend/tests/test_iter4_rentals_annual.py:277: rentals module rebuilt in iteration 6; see test_iter6_rentals_rebuild.py</skipped></testcase><testcase classname="tests.test_iter4_rentals_annual.TestCollectionsAndStatus" name="test_unknown_collection_kind_rejected" time="0.000"><skipped type="pytest.skip" message="rentals module rebuilt in iteration 6; see test_iter6_rentals_rebuild.py">/app/backend/tests/test_iter4_rentals_annual.py:294: rentals module rebuilt in iteration 6; see test_iter6_rentals_rebuild.py</skipped></testcase><testcase classname="tests.test_iter4_rentals_annual.TestCollectionsAndStatus" name="test_vacant_status_when_lease_not_covering_month" time="0.000"><skipped type="pytest.skip" message="rentals module rebuilt in iteration 6; see test_iter6_rentals_rebuild.py">/app/backend/tests/test_iter4_rentals_annual.py:300: rentals module rebuilt in iteration 6; see test_iter6_rentals_rebuild.py</skipped></testcase><testcase classname="tests.test_iter4_rentals_annual.TestCollectionsAndStatus" name="test_vacant_status_when_unit_status_vacant" time="0.000"><skipped type="pytest.skip" message="rentals module rebuilt in iteration 6; see test_iter6_rentals_rebuild.py">/app/backend/tests/test_iter4_rentals_annual.py:309: rentals module rebuilt in iteration 6; see test_iter6_rentals_rebuild.py</skipped></testcase><testcase classname="tests.test_iter4_rentals_annual.TestCollectionsAndStatus" name="test_lease_expiring_soon_flag" time="0.000"><skipped type="pytest.skip" message="rentals module rebuilt in iteration 6; see test_iter6_rentals_rebuild.py">/app/backend/tests/test_iter4_rentals_annual.py:318: rentals module rebuilt in iteration 6; see test_iter6_rentals_rebuild.py</skipped></testcase><testcase classname="tests.test_iter4_rentals_annual.TestExpensesAndIsolation" name="test_expense_reduces_net_to_owner" time="0.000"><skipped type="pytest.skip" message="rentals module rebuilt in iteration 6; see test_iter6_rentals_rebuild.py">/app/backend/tests/test_iter4_rentals_annual.py:345: rentals module rebuilt in iteration 6; see test_iter6_rentals_rebuild.py</skipped></testcase><testcase classname="tests.test_iter4_rentals_annual.TestExpensesAndIsolation" name="test_on_behalf_of_building_tally" time="0.000"><skipped type="pytest.skip" message="rentals module rebuilt in iteration 6; see test_iter6_rentals_rebuild.py">/app/backend/tests/test_iter4_rentals_annual.py:367: rentals module rebuilt in iteration 6; see test_iter6_rentals_rebuild.py</skipped></testcase><testcase classname="tests.test_iter4_rentals_annual.TestExpensesAndIsolation" name="test_maintenance_statement_unaffected_by_rentals" time="0.000"><skipped type="pytest.skip" message="rentals module rebuilt in iteration 6; see test_iter6_rentals_rebuild.py">/app/backend/tests/test_iter4_rentals_annual.py:386: rentals module rebuilt in iteration 6; see test_iter6_rentals_rebuild.py</skipped></testcase><testcase classname="tests.test_iter4_rentals_annual.TestExpensesAndIsolation" name="test_bad_expense_category_rejected" time="0.000"><skipped type="pytest.skip" message="rentals module rebuilt in iteration 6; see test_iter6_rentals_rebuild.py">/app/backend/tests/test_iter4_rentals_annual.py:400: rentals module rebuilt in iteration 6; see test_iter6_rentals_rebuild.py</skipped></testcase><testcase classname="tests.test_iter4_rentals_annual.TestExpensesAndIsolation" name="test_resident_forbidden_on_all_rentals_endpoints" time="0.000"><skipped type="pytest.skip" message="rentals module rebuilt in iteration 6; see test_iter6_rentals_rebuild.py">/app/backend/tests/test_iter4_rentals_annual.py:406: rentals module rebuilt in iteration 6; see test_iter6_rentals_rebuild.py</skipped></testcase><testcase classname="tests.test_iter4_rentals_annual.TestExpensesAndIsolation" name="test_rentals_require_auth" time="0.000"><skipped type="pytest.skip" message="rentals module rebuilt in iteration 6; see test_iter6_rentals_rebuild.py">/app/backend/tests/test_iter4_rentals_annual.py:417: rentals module rebuilt in iteration 6; see test_iter6_rentals_rebuild.py</skipped></testcase><testcase classname="tests.test_iter4_rentals_annual.TestExpensesAndIsolation" name="test_dashboard_has_no_rental_data" time="0.000"><skipped type="pytest.skip" message="rentals module rebuilt in iteration 6; see test_iter6_rentals_rebuild.py">/app/backend/tests/test_iter4_rentals_annual.py:421: rentals module rebuilt in iteration 6; see test_iter6_rentals_rebuild.py</skipped></testcase><testcase classname="tests.test_iter4_rentals_annual.TestRentExports" name="test_csv_export" time="0.000"><skipped type="pytest.skip" message="rentals module rebuilt in iteration 6; see test_iter6_rentals_rebuild.py">/app/backend/tests/test_iter4_rentals_annual.py:432: rentals module rebuilt in iteration 6; see test_iter6_rentals_rebuild.py</skipped></testcase><testcase classname="tests.test_iter4_rentals_annual.TestRentExports" name="test_pdf_export" time="0.000"><skipped type="pytest.skip" message="rentals module rebuilt in iteration 6; see test_iter6_rentals_rebuild.py">/app/backend/tests/test_iter4_rentals_annual.py:444: rentals module rebuilt in iteration 6; see test_iter6_rentals_rebuild.py</skipped></testcase><testcase classname="tests.test_iter4_rentals_annual.TestAnnual" name="test_annual_totals_and_rows" time="0.000"><skipped type="pytest.skip" message="rentals module rebuilt in iteration 6; see test_iter6_rentals_rebuild.py">/app/backend/tests/test_iter4_rentals_annual.py:455: rentals module rebuilt in iteration 6; see test_iter6_rentals_rebuild.py</skipped></testcase><testcase classname="tests.test_iter4_rentals_annual.TestAnnual" name="test_annual_rows_equal_sum_of_monthly_statements" time="0.000"><skipped type="pytest.skip" message="rentals module rebuilt in iteration 6; see test_iter6_rentals_rebuild.py">/app/backend/tests/test_iter4_rentals_annual.py:471: rentals module rebuilt in iteration 6; see test_iter6_rentals_rebuild.py</skipped></testcase><testcase classname="tests.test_iter4_rentals_annual.TestAnnual" name="test_annual_empty_year" time="0.000"><skipped type="pytest.skip" message="rentals module rebuilt in iteration 6; see test_iter6_rentals_rebuild.py">/app/backend/tests/test_iter4_rentals_annual.py:490: rentals module rebuilt in iteration 6; see test_iter6_rentals_rebuild.py</skipped></testcase><testcase classname="tests.test_iter4_rentals_annual.TestAnnual" name="test_annual_bad_property_404" time="0.000"><skipped type="pytest.skip" message="rentals module rebuilt in iteration 6; see test_iter6_rentals_rebuild.py">/app/backend/tests/test_iter4_rentals_annual.py:496: rentals module rebuilt in iteration 6; see test_iter6_rentals_rebuild.py</skipped></testcase><testcase classname="tests.test_iter4_rentals_annual.TestAnnual" name="test_annual_csv_export" time="0.000"><skipped type="pytest.skip" message="rentals module rebuilt in iteration 6; see test_iter6_rentals_rebuild.py">/app/backend/tests/test_iter4_rentals_annual.py:501: rentals module rebuilt in iteration 6; see test_iter6_rentals_rebuild.py</skipped></testcase><testcase classname="tests.test_iter4_rentals_annual.TestAnnual" name="test_annual_pdf_export" time="0.000"><skipped type="pytest.skip" message="rentals module rebuilt in iteration 6; see test_iter6_rentals_rebuild.py">/app/backend/tests/test_iter4_rentals_annual.py:510: rentals module rebuilt in iteration 6; see test_iter6_rentals_rebuild.py</skipped></testcase><testcase classname="tests.test_iter4_rentals_annual.TestAnnual" name="test_annual_export_resident_forbidden" time="0.000"><skipped type="pytest.skip" message="rentals module rebuilt in iteration 6; see test_iter6_rentals_rebuild.py">/app/backend/tests/test_iter4_rentals_annual.py:517: rentals module rebuilt in iteration 6; see test_iter6_rentals_rebuild.py</skipped></testcase><testcase classname="tests.test_iter4_rentals_annual.TestAnnual" name="test_annual_resident_scoping" time="0.000"><skipped type="pytest.skip" message="rentals module rebuilt in iteration 6; see test_iter6_rentals_rebuild.py">/app/backend/tests/test_iter4_rentals_annual.py:522: rentals module rebuilt in iteration 6; see test_iter6_rentals_rebuild.py</skipped></testcase><testcase classname="tests.test_iter4_rentals_annual.TestEntryEditing" name="test_update_tanker_recomputes" time="0.000"><skipped type="pytest.skip" message="rentals module rebuilt in iteration 6; see test_iter6_rentals_rebuild.py">/app/backend/tests/test_iter4_rentals_annual.py:545: rentals module rebuilt in iteration 6; see test_iter6_rentals_rebuild.py</skipped></testcase><testcase classname="tests.test_iter4_rentals_annual.TestEntryEditing" name="test_update_tanker_404" time="0.000"><skipped type="pytest.skip" message="rentals module rebuilt in iteration 6; see test_iter6_rentals_rebuild.py">/app/backend/tests/test_iter4_rentals_annual.py:569: rentals module rebuilt in iteration 6; see test_iter6_rentals_rebuild.py</skipped></testcase><testcase classname="tests.test_iter4_rentals_annual.TestEntryEditing" name="test_update_charge_preserves_category_and_media" time="0.000"><skipped type="pytest.skip" message="rentals module rebuilt in iteration 6; see test_iter6_rentals_rebuild.py">/app/backend/tests/test_iter4_rentals_annual.py:575: rentals module rebuilt in iteration 6; see test_iter6_rentals_rebuild.py</skipped></testcase><testcase classname="tests.test_iter4_rentals_annual.TestEntryEditing" name="test_update_charge_bad_type_and_404" time="0.000"><skipped type="pytest.skip" message="rentals module rebuilt in iteration 6; see test_iter6_rentals_rebuild.py">/app/backend/tests/test_iter4_rentals_annual.py:599: rentals module rebuilt in iteration 6; see test_iter6_rentals_rebuild.py</skipped></testcase><testcase classname="tests.test_iter4_rentals_annual.TestEntryEditing" name="test_resident_cannot_edit_entries" time="0.000"><skipped type="pytest.skip" message="rentals module rebuilt in iteration 6; see test_iter6_rentals_rebuild.py">/app/backend/tests/test_iter4_rentals_annual.py:614: rentals module rebuilt in iteration 6; see test_iter6_rentals_rebuild.py</skipped></testcase><testcase classname="tests.test_iter4_rentals_annual.TestLockedPeriodBlocksEdits" name="test_edit_locked_period_returns_423" time="0.000"><skipped type="pytest.skip" message="rentals module rebuilt in iteration 6; see test_iter6_rentals_rebuild.py">/app/backend/tests/test_iter4_rentals_annual.py:626: rentals module rebuilt in iteration 6; see test_iter6_rentals_rebuild.py</skipped></testcase><testcase classname="tests.test_iter5_receipts_overview_vacancy.TestReceipts" name="test_receipt_pdf_per_kind[rent]" time="0.000"><skipped type="pytest.skip" message="rentals module rebuilt in iteration 6; see test_iter6_rentals_rebuild.py">/app/backend/tests/test_iter5_receipts_overview_vacancy.py:135: rentals module rebuilt in iteration 6; see test_iter6_rentals_rebuild.py</skipped></testcase><testcase classname="tests.test_iter5_receipts_overview_vacancy.TestReceipts" name="test_receipt_pdf_per_kind[deposit]" time="0.000"><skipped type="pytest.skip" message="rentals module rebuilt in iteration 6; see test_iter6_rentals_rebuild.py">/app/backend/tests/test_iter5_receipts_overview_vacancy.py:135: rentals module rebuilt in iteration 6; see test_iter6_rentals_rebuild.py</skipped></testcase><testcase classname="tests.test_iter5_receipts_overview_vacancy.TestReceipts" name="test_receipt_pdf_per_kind[deposit_refund]" time="0.000"><skipped type="pytest.skip" message="rentals module rebuilt in iteration 6; see test_iter6_rentals_rebuild.py">/app/backend/tests/test_iter5_receipts_overview_vacancy.py:135: rentals module rebuilt in iteration 6; see test_iter6_rentals_rebuild.py</skipped></testcase><testcase classname="tests.test_iter5_receipts_overview_vacancy.TestReceipts" name="test_receipt_pdf_per_kind[deposit_deduction]" time="0.000"><skipped type="pytest.skip" message="rentals module rebuilt in iteration 6; see test_iter6_rentals_rebuild.py">/app/backend/tests/test_iter5_receipts_overview_vacancy.py:135: rentals module rebuilt in iteration 6; see test_iter6_rentals_rebuild.py</skipped></testcase><testcase classname="tests.test_iter5_receipts_overview_vacancy.TestReceipts" name="test_rent_receipt_shows_rent_paid_and_balance" time="0.000"><skipped type="pytest.skip" message="rentals module rebuilt in iteration 6; see test_iter6_rentals_rebuild.py">/app/backend/tests/test_iter5_receipts_overview_vacancy.py:151: rentals module rebuilt in iteration 6; see test_iter6_rentals_rebuild.py</skipped></testcase><testcase classname="tests.test_iter5_receipts_overview_vacancy.TestReceipts" name="test_rent_receipt_balance_nil_when_fully_paid" time="0.000"><skipped type="pytest.skip" message="rentals module rebuilt in iteration 6; see test_iter6_rentals_rebuild.py">/app/backend/tests/test_iter5_receipts_overview_vacancy.py:158: rentals module rebuilt in iteration 6; see test_iter6_rentals_rebuild.py</skipped></testcase><testcase classname="tests.test_iter5_receipts_overview_vacancy.TestReceipts" name="test_receipt_unknown_id_404" time="0.000"><skipped type="pytest.skip" message="rentals module rebuilt in iteration 6; see test_iter6_rentals_rebuild.py">/app/backend/tests/test_iter5_receipts_overview_vacancy.py:171: rentals module rebuilt in iteration 6; see test_iter6_rentals_rebuild.py</skipped></testcase><testcase classname="tests.test_iter5_receipts_overview_vacancy.TestReceipts" name="test_receipt_bad_id_400" time="0.000"><skipped type="pytest.skip" message="rentals module rebuilt in iteration 6; see test_iter6_rentals_rebuild.py">/app/backend/tests/test_iter5_receipts_overview_vacancy.py:175: rentals module rebuilt in iteration 6; see test_iter6_rentals_rebuild.py</skipped></testcase><testcase classname="tests.test_iter5_receipts_overview_vacancy.TestReceipts" name="test_receipt_resident_403" time="0.000"><skipped type="pytest.skip" message="rentals module rebuilt in iteration 6; see test_iter6_rentals_rebuild.py">/app/backend/tests/test_iter5_receipts_overview_vacancy.py:179: rentals module rebuilt in iteration 6; see test_iter6_rentals_rebuild.py</skipped></testcase><testcase classname="tests.test_iter5_receipts_overview_vacancy.TestOverview" name="test_overview_shape_and_cross_check" time="0.000"><skipped type="pytest.skip" message="rentals module rebuilt in iteration 6; see test_iter6_rentals_rebuild.py">/app/backend/tests/test_iter5_receipts_overview_vacancy.py:187: rentals module rebuilt in iteration 6; see test_iter6_rentals_rebuild.py</skipped></testcase><testcase classname="tests.test_iter5_receipts_overview_vacancy.TestOverview" name="test_overview_month_validation[2026-13]" time="0.000"><skipped type="pytest.skip" message="rentals module rebuilt in iteration 6; see test_iter6_rentals_rebuild.py">/app/backend/tests/test_iter5_receipts_overview_vacancy.py:229: rentals module rebuilt in iteration 6; see test_iter6_rentals_rebuild.py</skipped></testcase><testcase classname="tests.test_iter5_receipts_overview_vacancy.TestOverview" name="test_overview_month_validation[202604]" time="0.000"><skipped type="pytest.skip" message="rentals module rebuilt in iteration 6; see test_iter6_rentals_rebuild.py">/app/backend/tests/test_iter5_receipts_overview_vacancy.py:229: rentals module rebuilt in iteration 6; see test_iter6_rentals_rebuild.py</skipped></testcase><testcase classname="tests.test_iter5_receipts_overview_vacancy.TestOverview" name="test_overview_month_validation[abcd]" time="0.000"><skipped type="pytest.skip" message="rentals module rebuilt in iteration 6; see test_iter6_rentals_rebuild.py">/app/backend/tests/test_iter5_receipts_overview_vacancy.py:229: rentals module rebuilt in iteration 6; see test_iter6_rentals_rebuild.py</skipped></testcase><testcase classname="tests.test_iter5_receipts_overview_vacancy.TestOverview" name="test_overview_month_validation[2026-1]" time="0.000"><skipped type="pytest.skip" message="rentals module rebuilt in iteration 6; see test_iter6_rentals_rebuild.py">/app/backend/tests/test_iter5_receipts_overview_vacancy.py:229: rentals module rebuilt in iteration 6; see test_iter6_rentals_rebuild.py</skipped></testcase><testcase classname="tests.test_iter5_receipts_overview_vacancy.TestOverview" name="test_overview_month_validation[]" time="0.000"><skipped type="pytest.skip" message="rentals module rebuilt in iteration 6; see test_iter6_rentals_rebuild.py">/app/backend/tests/test_iter5_receipts_overview_vacancy.py:229: rentals module rebuilt in iteration 6; see test_iter6_rentals_rebuild.py</skipped></testcase><testcase classname="tests.test_iter5_receipts_overview_vacancy.TestOverview" name="test_overview_missing_month" time="0.000"><skipped type="pytest.skip" message="rentals module rebuilt in iteration 6; see test_iter6_rentals_rebuild.py">/app/backend/tests/test_iter5_receipts_overview_vacancy.py:234: rentals module rebuilt in iteration 6; see test_iter6_rentals_rebuild.py</skipped></testcase><testcase classname="tests.test_iter5_receipts_overview_vacancy.TestOverview" name="test_overview_resident_403" time="0.000"><skipped type="pytest.skip" message="rentals module rebuilt in iteration 6; see test_iter6_rentals_rebuild.py">/app/backend/tests/test_iter5_receipts_overview_vacancy.py:238: rentals module rebuilt in iteration 6; see test_iter6_rentals_rebuild.py</skipped></testcase><testcase classname="tests.test_iter5_receipts_overview_vacancy.TestOverview" name="test_overview_unauthenticated_401" time="0.000"><skipped type="pytest.skip" message="rentals module rebuilt in iteration 6; see test_iter6_rentals_rebuild.py">/app/backend/tests/test_iter5_receipts_overview_vacancy.py:242: rentals module rebuilt in iteration 6; see test_iter6_rentals_rebuild.py</skipped></testcase><testcase classname="tests.test_iter5_receipts_overview_vacancy.TestVacancy" name="test_vacant_since_persists" time="0.000"><skipped type="pytest.skip" message="rentals module rebuilt in iteration 6; see test_iter6_rentals_rebuild.py">/app/backend/tests/test_iter5_receipts_overview_vacancy.py:249: rentals module rebuilt in iteration 6; see test_iter6_rentals_rebuild.py</skipped></testcase><testcase classname="tests.test_iter5_receipts_overview_vacancy.TestVacancy" name="test_rent_roll_vacancy_metrics" time="0.000"><skipped type="pytest.skip" message="rentals module rebuilt in iteration 6; see test_iter6_rentals_rebuild.py">/app/backend/tests/test_iter5_receipts_overview_vacancy.py:256: rentals module rebuilt in iteration 6; see test_iter6_rentals_rebuild.py</skipped></testcase><testcase classname="tests.test_iter5_receipts_overview_vacancy.TestVacancy" name="test_vacant_without_since_falls_back_to_lease_end" time="0.000"><skipped type="pytest.skip" message="rentals module rebuilt in iteration 6; see test_iter6_rentals_rebuild.py">/app/backend/tests/test_iter5_receipts_overview_vacancy.py:270: rentals module rebuilt in iteration 6; see test_iter6_rentals_rebuild.py</skipped></testcase><testcase classname="tests.test_iter5_receipts_overview_vacancy.TestVacancy" name="test_vacant_no_since_no_lease_end_zero" time="0.000"><skipped type="pytest.skip" message="rentals module rebuilt in iteration 6; see test_iter6_rentals_rebuild.py">/app/backend/tests/test_iter5_receipts_overview_vacancy.py:286: rentals module rebuilt in iteration 6; see test_iter6_rentals_rebuild.py</skipped></testcase><testcase classname="tests.test_iter5_receipts_overview_vacancy.TestVacancy" name="test_garbage_vacant_since_does_not_500" time="0.000"><skipped type="pytest.skip" message="rentals module rebuilt in iteration 6; see test_iter6_rentals_rebuild.py">/app/backend/tests/test_iter5_receipts_overview_vacancy.py:300: rentals module rebuilt in iteration 6; see test_iter6_rentals_rebuild.py</skipped></testcase><testcase classname="tests.test_iter5_receipts_overview_vacancy.TestVacancy" name="test_future_vacant_since_clamped_to_zero" time="0.000"><skipped type="pytest.skip" message="rentals module rebuilt in iteration 6; see test_iter6_rentals_rebuild.py">/app/backend/tests/test_iter5_receipts_overview_vacancy.py:316: rentals module rebuilt in iteration 6; see test_iter6_rentals_rebuild.py</skipped></testcase><testcase classname="tests.test_iter5_receipts_overview_vacancy.TestVacancy" name="test_export_includes_vacancy_summary" time="0.000"><skipped type="pytest.skip" message="rentals module rebuilt in iteration 6; see test_iter6_rentals_rebuild.py">/app/backend/tests/test_iter5_receipts_overview_vacancy.py:328: rentals module rebuilt in iteration 6; see test_iter6_rentals_rebuild.py</skipped></testcase><testcase classname="tests.test_iter5_receipts_overview_vacancy.TestRegression" name="test_statement_unaffected_by_rentals" time="0.000"><skipped type="pytest.skip" message="rentals module rebuilt in iteration 6; see test_iter6_rentals_rebuild.py">/app/backend/tests/test_iter5_receipts_overview_vacancy.py:344: rentals module rebuilt in iteration 6; see test_iter6_rentals_rebuild.py</skipped></testcase><testcase classname="tests.test_iter5_receipts_overview_vacancy.TestRegression" name="test_deposits_held_across_months" time="0.000"><skipped type="pytest.skip" message="rentals module rebuilt in iteration 6; see test_iter6_rentals_rebuild.py">/app/backend/tests/test_iter5_receipts_overview_vacancy.py:353: rentals module rebuilt in iteration 6; see test_iter6_rentals_rebuild.py</skipped></testcase><testcase classname="tests.test_iter5_receipts_overview_vacancy.TestRegression" name="test_rent_roll_status_logic" time="0.000"><skipped type="pytest.skip" message="rentals module rebuilt in iteration 6; see test_iter6_rentals_rebuild.py">/app/backend/tests/test_iter5_receipts_overview_vacancy.py:361: rentals module rebuilt in iteration 6; see test_iter6_rentals_rebuild.py</skipped></testcase><testcase classname="tests.test_iter5_receipts_overview_vacancy.TestRegression" name="test_annual_scoped_by_role" time="0.000"><skipped type="pytest.skip" message="rentals module rebuilt in iteration 6; see test_iter6_rentals_rebuild.py">/app/backend/tests/test_iter5_receipts_overview_vacancy.py:370: rentals module rebuilt in iteration 6; see test_iter6_rentals_rebuild.py</skipped></testcase><testcase classname="tests.test_iter5_receipts_overview_vacancy.TestRegression" name="test_rentals_admin_only" time="0.000"><skipped type="pytest.skip" message="rentals module rebuilt in iteration 6; see test_iter6_rentals_rebuild.py">/app/backend/tests/test_iter5_receipts_overview_vacancy.py:382: rentals module rebuilt in iteration 6; see test_iter6_rentals_rebuild.py</skipped></testcase><testcase classname="tests.test_iter6_rentals_rebuild.TestPropertyMaster" name="test_lease_end_autocompute_on_create" time="0.362" /><testcase classname="tests.test_iter6_rentals_rebuild.TestPropertyMaster" name="test_lease_end_helper" time="0.082" /><testcase classname="tests.test_iter6_rentals_rebuild.TestPropertyMaster" name="test_lease_end_helper_bad_input" time="0.080" /><testcase classname="tests.test_iter6_rentals_rebuild.TestPropertyMaster" name="test_manual_end_date_without_months" time="0.089" /><testcase classname="tests.test_iter6_rentals_rebuild.TestPropertyMaster" name="test_unknown_unit_404" time="0.043" /><testcase classname="tests.test_iter6_rentals_rebuild.TestPropertyMaster" name="test_bad_kind_and_ownership" time="0.086" /><testcase classname="tests.test_iter6_rentals_rebuild.TestCategories" name="test_defaults_seeded" time="0.043" /><testcase classname="tests.test_iter6_rentals_rebuild.TestCategories" name="test_add_and_dedupe" time="0.207" /><testcase classname="tests.test_iter6_rentals_rebuild.TestCategories" name="test_blank_rejected" time="0.040" /><testcase classname="tests.test_iter6_rentals_rebuild.TestBills" name="test_draft_prefilled_from_master" time="0.048" /><testcase classname="tests.test_iter6_rentals_rebuild.TestBills" name="test_upsert_with_adhoc_and_totals" time="0.084" /><testcase classname="tests.test_iter6_rentals_rebuild.TestBills" name="test_bad_month" time="0.082" /><testcase classname="tests.test_iter6_rentals_rebuild.TestBills" name="test_bill_unknown_unit_404" time="0.082" /><testcase classname="tests.test_iter6_rentals_rebuild.TestCollections" name="test_statement_before_collection" time="0.047" /><testcase classname="tests.test_iter6_rentals_rebuild.TestCollections" name="test_record_split_payment" time="0.089" /><testcase classname="tests.test_iter6_rentals_rebuild.TestCollections" name="test_receipt_pdf" time="0.048" /><testcase classname="tests.test_iter6_rentals_rebuild.TestCollections" name="test_receipt_unknown_404" time="0.083" /><testcase classname="tests.test_iter6_rentals_rebuild.TestCollections" name="test_delete_payment_reverses" time="0.135" /><testcase classname="tests.test_iter6_rentals_rebuild.TestCollections" name="test_cleanup_payment" time="0.000" /><testcase classname="tests.test_iter6_rentals_rebuild.TestDeposits" name="test_deposit_separate_from_bill" time="0.255" /><testcase classname="tests.test_iter6_rentals_rebuild.TestDeposits" name="test_bad_deposit_kind" time="0.080" /><testcase classname="tests.test_iter6_rentals_rebuild.TestPayouts" name="test_building_payable_and_credits" time="0.044" /><testcase classname="tests.test_iter6_rentals_rebuild.TestPayouts" name="test_payout_and_credit_payout" time="0.171" /><testcase classname="tests.test_iter6_rentals_rebuild.TestPayouts" name="test_arithmetic_chain_matches_spec" time="0.046" /><testcase classname="tests.test_iter6_rentals_rebuild.TestPayouts" name="test_payout_bad_month" time="0.040" /><testcase classname="tests.test_iter6_rentals_rebuild.TestPayouts" name="test_payout_delete" time="0.134" /><testcase classname="tests.test_iter6_rentals_rebuild.TestStatuses" name="test_vacant_bills_zero" time="0.348" /><testcase classname="tests.test_iter6_rentals_rebuild.TestStatuses" name="test_paid_status" time="0.128" /><testcase classname="tests.test_iter6_rentals_rebuild.TestExports" name="test_csv" time="0.043" /><testcase classname="tests.test_iter6_rentals_rebuild.TestExports" name="test_pdf" time="0.059" /><testcase classname="tests.test_iter6_rentals_rebuild.TestExports" name="test_export_bad_month" time="0.083" /><testcase classname="tests.test_iter6_rentals_rebuild.TestOverview" name="test_reconciles_with_statement" time="0.093" /><testcase classname="tests.test_iter6_rentals_rebuild.TestOverview" name="test_overview_bad_month" time="0.043" /><testcase classname="tests.test_iter6_rentals_rebuild.TestAccessControl" name="test_resident_forbidden[get-/rentals/units-None]" time="0.395" /><testcase classname="tests.test_iter6_rentals_rebuild.TestAccessControl" name="test_resident_forbidden[get-/rentals/categories-None]" time="0.045" /><testcase classname="tests.test_iter6_rentals_rebuild.TestAccessControl" name="test_resident_forbidden[get-/rentals/bills-params2]" time="0.048" /><testcase classname="tests.test_iter6_rentals_rebuild.TestAccessControl" name="test_resident_forbidden[get-/rentals/statement-params3]" time="0.046" /><testcase classname="tests.test_iter6_rentals_rebuild.TestAccessControl" name="test_resident_forbidden[get-/rentals/rent-roll-params4]" time="0.045" /><testcase classname="tests.test_iter6_rentals_rebuild.TestAccessControl" name="test_resident_forbidden[get-/rentals/payments-None]" time="0.044" /><testcase classname="tests.test_iter6_rentals_rebuild.TestAccessControl" name="test_resident_forbidden[get-/rentals/deposits-None]" time="0.044" /><testcase classname="tests.test_iter6_rentals_rebuild.TestAccessControl" name="test_resident_forbidden[get-/rentals/payouts-None]" time="0.045" /><testcase classname="tests.test_iter6_rentals_rebuild.TestAccessControl" name="test_resident_forbidden[get-/rentals/export-params8]" time="0.045" /><testcase classname="tests.test_iter6_rentals_rebuild.TestAccessControl" name="test_resident_forbidden[get-/rentals/lease-end-params9]" time="0.059" /><testcase classname="tests.test_iter6_rentals_rebuild.TestAccessControl" name="test_resident_forbidden[get-/overview-params10]" time="0.064" /><testcase classname="tests.test_iter6_rentals_rebuild.TestAccessControl" name="test_resident_forbidden_writes" time="0.089" /><testcase classname="tests.test_iter6_rentals_rebuild.TestAccessControl" name="test_unauthenticated_401" time="0.097" /><testcase classname="tests.test_iter6_rentals_rebuild" name="test_zz_cleanup" time="0.245" /><testcase classname="tests.test_iter7_carry_reference.TestBillEditAndCarry" name="test_draft_uses_master_amounts_and_zero_carry" time="0.423" /><testcase classname="tests.test_iter7_carry_reference.TestBillEditAndCarry" name="test_edit_and_persist_amounts_with_carry" time="0.096" /><testcase classname="tests.test_iter7_carry_reference.TestBillEditAndCarry" name="test_waive_carry_to_zero" time="0.096" /><testcase classname="tests.test_iter7_carry_reference.TestCarryForwardEndToEnd" name="test_partial_payment_carries_dues" time="0.185" /><testcase classname="tests.test_iter7_carry_reference.TestCarryForwardEndToEnd" name="test_overpayment_carries_negative_advance" time="0.231" /><testcase classname="tests.test_iter7_carry_reference.TestCarryForwardEndToEnd" name="test_statement_exposes_carry_forward" time="0.094" /><testcase classname="tests.test_iter7_carry_reference.TestCarryForwardEndToEnd" name="test_carry_cleared_when_month_settled" time="0.239" /><testcase classname="tests.test_iter7_carry_reference.TestCollectionReference" name="test_non_cash_without_reference_rejected" time="0.091" /><testcase classname="tests.test_iter7_carry_reference.TestCollectionReference" name="test_whitespace_reference_rejected" time="0.047" /><testcase classname="tests.test_iter7_carry_reference.TestCollectionReference" name="test_non_cash_with_reference_succeeds_and_is_listed" time="0.136" /><testcase classname="tests.test_iter7_carry_reference.TestCollectionReference" name="test_cash_without_reference_succeeds" time="0.089" /><testcase classname="tests.test_iter7_carry_reference.TestCollectionReference" name="test_update_payment_enforces_reference" time="0.135"><failure message="AssertionError: PUT /payments allowed a non-cash payment without a reference (got 200)&#10;assert 200 == 400&#10; +  where 200 = &lt;Response [200]&gt;.status_code">E   AssertionError: PUT /payments allowed a non-cash payment without a reference (got 200)
    assert 200 == 400
     +  where 200 = &lt;Response [200]&gt;.status_code</failure></testcase><testcase classname="tests.test_iter7_carry_reference.TestPayoutReference" name="test_non_cash_payout_without_reference_rejected" time="0.044" /><testcase classname="tests.test_iter7_carry_reference.TestPayoutReference" name="test_non_cash_payout_with_reference_succeeds" time="0.136" /><testcase classname="tests.test_iter7_carry_reference.TestPayoutReference" name="test_cash_payout_without_reference_succeeds" time="0.089" /><testcase classname="tests.test_iter7_carry_reference.TestPayoutReference" name="test_credit_without_reference_succeeds" time="0.091" /><testcase classname="tests.test_iter7_carry_reference.TestRegression" name="test_statement_and_export_and_receipt" time="0.315" /><testcase classname="tests.test_iter7_carry_reference.TestRegression" name="test_invalid_month_rejected" time="0.049" /><testcase classname="tests.test_iter7_carry_reference.TestRegression" name="test_bills_requires_admin" time="0.176" /><testcase classname="tests.test_media_notify.TestUploads" name="test_upload_without_gps" time="0.490" /><testcase classname="tests.test_media_notify.TestUploads" name="test_download_requires_auth" time="0.616" /><testcase classname="tests.test_media_notify.TestUploads" name="test_reject_non_media" time="0.043" /><testcase classname="tests.test_media_notify.TestFlatBuilding" name="test_create_flat_under_chosen_building" time="0.680" /><testcase classname="tests.test_media_notify.TestFlatBuilding" name="test_demo_flats_have_owner_phones" time="0.042" /><testcase classname="tests.test_media_notify.TestReadingMedia" name="test_media_attaches_to_correct_meter_only" time="0.772" /><testcase classname="tests.test_media_notify.TestChargeMedia" name="test_adhoc_three_categories" time="0.658" /><testcase classname="tests.test_media_notify.TestChargeMedia" name="test_recurring_bill_media" time="0.447" /><testcase classname="tests.test_media_notify.TestChargeMedia" name="test_tips_rejected_as_charge" time="0.080" /><testcase classname="tests.test_media_notify.TestStatementNotify" name="test_rows_expose_phones_and_math" time="0.044" /><testcase classname="tests.test_media_notify.TestStatementNotify" name="test_no_sms_gateway_endpoints" time="0.260" /></testsuite></testsuites>