<?xml version="1.0" encoding="utf-8"?><testsuites name="pytest tests"><testsuite name="pytest" errors="0" failures="0" skipped="0" tests="48" time="6.428" timestamp="2026-08-31T04:09:48.181254+00:00" hostname="agent-env-75a625d5-b7c9-49d1-9bbf-b7c3255a55f6"><testcase classname="tests.test_iter12_fixes.TestPalettes" name="test_sheets_unchanged" time="0.625" /><testcase classname="tests.test_iter12_fixes.TestPalettes" name="test_ledger_colour_key_lists_only_owners" time="0.076" /><testcase classname="tests.test_iter12_fixes.TestPalettes" name="test_recon_owner_tints_unique" time="0.000" /><testcase classname="tests.test_iter12_fixes.TestPalettes" name="test_fronted_by_key_lists_flats[Tanker Purchases]" time="0.000" /><testcase classname="tests.test_iter12_fixes.TestPalettes" name="test_fronted_by_key_lists_flats[Charges]" time="0.000" /><testcase classname="tests.test_iter12_fixes.TestPalettes" name="test_owner_and_payer_palettes_are_independent" time="0.000" /><testcase classname="tests.test_iter12_fixes.TestManyOwners" name="test_twelve_owners_all_distinct_tints" time="1.136" /><testcase classname="tests.test_iter12_fixes.TestManyOwners" name="test_row_fills_match_owner_key" time="0.000" /><testcase classname="tests.test_iter12_fixes.TestManyOwners" name="test_same_label_meters_get_different_tints" time="0.000" /><testcase classname="tests.test_iter12_fixes.TestManyOwners" name="test_meter_colour_key_shows_label_verbatim" time="0.000" /><testcase classname="tests.test_iter12_fixes.TestFormatValidation" name="test_mis_export_bad_format[bogus]" time="0.059" /><testcase classname="tests.test_iter12_fixes.TestFormatValidation" name="test_mis_export_bad_format[xls]" time="0.060" /><testcase classname="tests.test_iter12_fixes.TestFormatValidation" name="test_mis_export_bad_format[PDF]" time="0.075" /><testcase classname="tests.test_iter12_fixes.TestFormatValidation" name="test_mis_export_bad_format[]" time="0.062" /><testcase classname="tests.test_iter12_fixes.TestFormatValidation" name="test_mis_export_bad_format[html]" time="0.068" /><testcase classname="tests.test_iter12_fixes.TestFormatValidation" name="test_mis_export_good_format[csv-text/csv]" time="0.070" /><testcase classname="tests.test_iter12_fixes.TestFormatValidation" name="test_mis_export_good_format[pdf-application/pdf]" time="0.072" /><testcase classname="tests.test_iter12_fixes.TestFormatValidation" name="test_mis_export_good_format[xlsx-application/vnd.openxmlformats-officedocument.spreadsheetml.sheet]" time="0.126" /><testcase classname="tests.test_iter12_fixes.TestFormatValidation" name="test_annual_export_bad_format[bogus]" time="0.056" /><testcase classname="tests.test_iter12_fixes.TestFormatValidation" name="test_annual_export_bad_format[xlsx]" time="0.061" /><testcase classname="tests.test_iter12_fixes.TestFormatValidation" name="test_annual_export_bad_format[xls]" time="0.072" /><testcase classname="tests.test_iter12_fixes.TestFormatValidation" name="test_annual_export_good_format[csv-text/csv]" time="0.076" /><testcase classname="tests.test_iter12_fixes.TestFormatValidation" name="test_annual_export_good_format[pdf-application/pdf]" time="0.073" /><testcase classname="tests.test_iter12_fixes.TestFormatValidation" name="test_rentals_export_bad_format[bogus]" time="0.060" /><testcase classname="tests.test_iter12_fixes.TestFormatValidation" name="test_rentals_export_bad_format[xls]" time="0.061" /><testcase classname="tests.test_iter12_fixes.TestFormatValidation" name="test_rentals_export_bad_format[doc]" time="0.059" /><testcase classname="tests.test_iter12_fixes.TestFormatValidation" name="test_rentals_export_good_format[csv-text/csv]" time="0.069" /><testcase classname="tests.test_iter12_fixes.TestFormatValidation" name="test_rentals_export_good_format[pdf-application/pdf]" time="0.074" /><testcase classname="tests.test_iter12_fixes.TestFormatValidation" name="test_rentals_export_good_format[xlsx-application/vnd.openxmlformats-officedocument.spreadsheetml.sheet]" time="0.094" /><testcase classname="tests.test_iter12_fixes.TestMonthValidation" name="test_mis_export_bad_month[bad]" time="0.060" /><testcase classname="tests.test_iter12_fixes.TestMonthValidation" name="test_mis_export_bad_month[2026-13]" time="0.057" /><testcase classname="tests.test_iter12_fixes.TestMonthValidation" name="test_mis_export_bad_month[2026-00]" time="0.058" /><testcase classname="tests.test_iter12_fixes.TestMonthValidation" name="test_mis_export_bad_month[202608]" time="0.062" /><testcase classname="tests.test_iter12_fixes.TestMonthValidation" name="test_mis_export_bad_month[2026-8]" time="0.063" /><testcase classname="tests.test_iter12_fixes.TestMonthValidation" name="test_mis_export_bad_month[]" time="0.056" /><testcase classname="tests.test_iter12_fixes.TestMonthValidation" name="test_statement_bad_month[bad]" time="0.067" /><testcase classname="tests.test_iter12_fixes.TestMonthValidation" name="test_statement_bad_month[2026-13]" time="0.057" /><testcase classname="tests.test_iter12_fixes.TestMonthValidation" name="test_statement_bad_month[2026-00]" time="0.058" /><testcase classname="tests.test_iter12_fixes.TestMonthValidation" name="test_statement_bad_month[2026-8]" time="0.063" /><testcase classname="tests.test_iter12_fixes.TestMonthValidation" name="test_reads_do_not_create_periods" time="0.860" /><testcase classname="tests.test_iter12_fixes.TestMonthValidation" name="test_writes_still_create_and_lock_periods" time="0.251" /><testcase classname="tests.test_iter12_fixes.TestChargesSheet" name="test_charges_frozen_panes" time="0.000" /><testcase classname="tests.test_iter12_fixes.TestChargesSheet" name="test_all_sheets_frozen" time="0.000" /><testcase classname="tests.test_iter12_fixes.TestChargesSheet" name="test_charges_sections_and_totals" time="0.000" /><testcase classname="tests.test_iter12_fixes.TestChargesSheet" name="test_navy_headers_everywhere" time="0.000" /><testcase classname="tests.test_iter12_fixes.TestMonthClose" name="test_payment_direction_is_constrained" time="0.611" /><testcase classname="tests.test_iter12_fixes.TestMonthClose" name="test_close_month_carries_forward" time="0.473" /><testcase classname="tests.test_iter12_fixes.TestMonthClose" name="test_double_reset_rejected" time="0.193" /></testsuite></testsuites>