<?xml version="1.0" encoding="utf-8"?><testsuites name="pytest tests"><testsuite name="pytest" errors="0" failures="0" skipped="0" tests="11" time="5.009" timestamp="2026-08-23T02:12:43.542685+00:00" hostname="agent-env-75a625d5-b7c9-49d1-9bbf-b7c3255a55f6"><testcase classname="tests.test_media_notify.TestUploads" name="test_upload_without_gps" time="1.398" /><testcase classname="tests.test_media_notify.TestUploads" name="test_download_requires_auth" time="0.975" /><testcase classname="tests.test_media_notify.TestChargeMedia" name="test_adhoc_three_categories" time="2.915" /><testcase classname="tests.test_media_notify.TestUploads" name="test_reject_non_media" time="0.300" /><testcase classname="tests.test_media_notify.TestFlatBuilding" name="test_create_flat_under_chosen_building" time="0.732" /><testcase classname="tests.test_media_notify.TestChargeMedia" name="test_recurring_bill_media" time="0.386" /><testcase classname="tests.test_media_notify.TestChargeMedia" name="test_tips_rejected_as_charge" time="0.102" /><testcase classname="tests.test_media_notify.TestReadingMedia" name="test_media_attaches_to_correct_meter_only" time="0.990" /><testcase classname="tests.test_media_notify.TestFlatBuilding" name="test_demo_flats_have_owner_phones" time="0.052" /><testcase classname="tests.test_media_notify.TestStatementNotify" name="test_rows_expose_phones_and_math" time="0.063" /><testcase classname="tests.test_media_notify.TestStatementNotify" name="test_no_sms_gateway_endpoints" time="0.430" /></testsuite></testsuites>