<?xml version="1.0" encoding="utf-8"?><testsuites name="pytest tests"><testsuite name="pytest" errors="0" failures="0" skipped="0" tests="30" time="4.519" timestamp="2026-08-23T03:27:38.557105+00:00" hostname="agent-env-75a625d5-b7c9-49d1-9bbf-b7c3255a55f6"><testcase classname="tests.test_iter5_receipts_overview_vacancy.TestOverview" name="test_overview_shape_and_cross_check" time="1.216" /><testcase classname="tests.test_iter5_receipts_overview_vacancy.TestReceipts" name="test_receipt_pdf_per_kind[rent]" time="1.130" /><testcase classname="tests.test_iter5_receipts_overview_vacancy.TestReceipts" name="test_receipt_pdf_per_kind[deposit]" time="0.098" /><testcase classname="tests.test_iter5_receipts_overview_vacancy.TestOverview" name="test_overview_month_validation[2026-13]" time="0.055" /><testcase classname="tests.test_iter5_receipts_overview_vacancy.TestReceipts" name="test_receipt_pdf_per_kind[deposit_refund]" time="0.105" /><testcase classname="tests.test_iter5_receipts_overview_vacancy.TestOverview" name="test_overview_month_validation[202604]" time="0.098" /><testcase classname="tests.test_iter5_receipts_overview_vacancy.TestReceipts" name="test_receipt_pdf_per_kind[deposit_deduction]" time="0.099" /><testcase classname="tests.test_iter5_receipts_overview_vacancy.TestOverview" name="test_overview_month_validation[abcd]" time="0.055" /><testcase classname="tests.test_iter5_receipts_overview_vacancy.TestOverview" name="test_overview_month_validation[2026-1]" time="0.095" /><testcase classname="tests.test_iter5_receipts_overview_vacancy.TestReceipts" name="test_rent_receipt_shows_rent_paid_and_balance" time="0.103" /><testcase classname="tests.test_iter5_receipts_overview_vacancy.TestOverview" name="test_overview_month_validation[]" time="0.054" /><testcase classname="tests.test_iter5_receipts_overview_vacancy.TestReceipts" name="test_rent_receipt_balance_nil_when_fully_paid" time="0.413" /><testcase classname="tests.test_iter5_receipts_overview_vacancy.TestOverview" name="test_overview_missing_month" time="0.050" /><testcase classname="tests.test_iter5_receipts_overview_vacancy.TestOverview" name="test_overview_resident_403" time="0.368" /><testcase classname="tests.test_iter5_receipts_overview_vacancy.TestReceipts" name="test_receipt_unknown_id_404" time="0.100" /><testcase classname="tests.test_iter5_receipts_overview_vacancy.TestOverview" name="test_overview_unauthenticated_401" time="0.167" /><testcase classname="tests.test_iter5_receipts_overview_vacancy.TestReceipts" name="test_receipt_bad_id_400" time="0.048" /><testcase classname="tests.test_iter5_receipts_overview_vacancy.TestVacancy" name="test_vacant_since_persists" time="0.607" /><testcase classname="tests.test_iter5_receipts_overview_vacancy.TestReceipts" name="test_receipt_resident_403" time="0.667" /><testcase classname="tests.test_iter5_receipts_overview_vacancy.TestRegression" name="test_statement_unaffected_by_rentals" time="0.247" /><testcase classname="tests.test_iter5_receipts_overview_vacancy.TestVacancy" name="test_rent_roll_vacancy_metrics" time="0.065" /><testcase classname="tests.test_iter5_receipts_overview_vacancy.TestVacancy" name="test_vacant_without_since_falls_back_to_lease_end" time="0.212" /><testcase classname="tests.test_iter5_receipts_overview_vacancy.TestRegression" name="test_deposits_held_across_months" time="0.094" /><testcase classname="tests.test_iter5_receipts_overview_vacancy.TestVacancy" name="test_vacant_no_since_no_lease_end_zero" time="0.209" /><testcase classname="tests.test_iter5_receipts_overview_vacancy.TestRegression" name="test_rent_roll_status_logic" time="0.113" /><testcase classname="tests.test_iter5_receipts_overview_vacancy.TestRegression" name="test_annual_scoped_by_role" time="0.289" /><testcase classname="tests.test_iter5_receipts_overview_vacancy.TestVacancy" name="test_garbage_vacant_since_does_not_500" time="0.222" /><testcase classname="tests.test_iter5_receipts_overview_vacancy.TestVacancy" name="test_future_vacant_since_clamped_to_zero" time="0.164" /><testcase classname="tests.test_iter5_receipts_overview_vacancy.TestRegression" name="test_rentals_admin_only" time="0.336" /><testcase classname="tests.test_iter5_receipts_overview_vacancy.TestVacancy" name="test_export_includes_vacancy_summary" time="0.276" /></testsuite></testsuites>