<?xml version="1.0" encoding="utf-8"?><testsuites name="pytest tests"><testsuite name="pytest" errors="0" failures="0" skipped="0" tests="15" time="1.482" timestamp="2026-08-31T03:00:09.073914+00:00" hostname="agent-env-75a625d5-b7c9-49d1-9bbf-b7c3255a55f6"><testcase classname="tests.test_iter10_recon_layout.TestReconPdf" name="test_is_pdf" time="0.808" /><testcase classname="tests.test_iter10_recon_layout.TestReconPdf" name="test_both_sections_and_headers" time="0.069" /><testcase classname="tests.test_iter10_recon_layout.TestReconPdf" name="test_total_row_and_legend" time="0.000" /><testcase classname="tests.test_iter10_recon_layout.TestReconPdf" name="test_no_iso_dates" time="0.000" /><testcase classname="tests.test_iter10_recon_layout.TestReconCsv" name="test_section_title_present" time="0.893" /><testcase classname="tests.test_iter10_recon_layout.TestReconCsv" name="test_exact_15_headers_in_order" time="0.000" /><testcase classname="tests.test_iter10_recon_layout.TestColumnMath" name="test_row_arithmetic" time="0.072" /><testcase classname="tests.test_iter10_recon_layout.TestColumnMath" name="test_metered_cost_matches_consumption_times_rate" time="0.000" /><testcase classname="tests.test_iter10_recon_layout.TestColumnMath" name="test_totals_line_up_with_column_sums" time="0.000" /><testcase classname="tests.test_iter10_recon_layout.TestReconCsv" name="test_data_rows_have_15_cells_and_serials" time="0.065" /><testcase classname="tests.test_iter10_recon_layout.TestReconCsv" name="test_total_row_and_per_head_line" time="0.000" /><testcase classname="tests.test_iter10_recon_layout.TestReconCsv" name="test_total_row_values_match_totals" time="0.000" /><testcase classname="tests.test_iter10_recon_layout.TestReconCsv" name="test_status_column_wording" time="0.000" /><testcase classname="tests.test_iter10_recon_layout.TestReconCsv" name="test_water_usage_section_has_combined" time="0.000" /><testcase classname="tests.test_iter10_recon_layout.TestReconCsv" name="test_no_iso_dates" time="0.000" /></testsuite></testsuites>