<?xml version="1.0" encoding="utf-8"?><testsuites name="pytest tests"><testsuite name="pytest" errors="0" failures="1" skipped="1" tests="41" time="5.069" timestamp="2026-08-23T02:56:45.586957+00:00" hostname="agent-env-75a625d5-b7c9-49d1-9bbf-b7c3255a55f6"><testcase classname="tests.test_iter4_rentals_annual.TestAnnual" name="test_annual_totals_and_rows" time="0.727" /><testcase classname="tests.test_iter4_rentals_annual.TestCollectionsAndStatus" name="test_unpaid_past_due_is_overdue" time="0.765" /><testcase classname="tests.test_iter4_rentals_annual.TestAnnual" name="test_annual_rows_equal_sum_of_monthly_statements" time="0.106" /><testcase classname="tests.test_iter4_rentals_annual.TestCollectionsAndStatus" name="test_partial_then_full_payment_marks_paid" time="0.288" /><testcase classname="tests.test_iter4_rentals_annual.TestAnnual" name="test_annual_empty_year" time="0.093" /><testcase classname="tests.test_iter4_rentals_annual.TestAnnual" name="test_annual_bad_property_404" time="0.058" /><testcase classname="tests.test_iter4_rentals_annual.TestAnnual" name="test_annual_csv_export" time="0.067" /><testcase classname="tests.test_iter4_rentals_annual.TestAnnual" name="test_annual_pdf_export" time="0.118" /><testcase classname="tests.test_iter4_rentals_annual.TestCollectionsAndStatus" name="test_overpayment_shows_advance_not_negative" time="0.452" /><testcase classname="tests.test_iter4_rentals_annual.TestAnnual" name="test_annual_export_resident_forbidden" time="0.377" /><testcase classname="tests.test_iter4_rentals_annual.TestCollectionsAndStatus" name="test_deposit_refund_and_deduction_math" time="0.258" /><testcase classname="tests.test_iter4_rentals_annual.TestAnnual" name="test_annual_resident_scoping" time="0.050"><failure message="AssertionError: resident sees all flats in annual statement: ['101', '102', '201', '202']&#10;assert 4 &lt;= 1&#10; +  where 4 = len(['101', '102', '201', '202'])">E   AssertionError: resident sees all flats in annual statement: ['101', '102', '201', '202']
    assert 4 &lt;= 1
     +  where 4 = len(['101', '102', '201', '202'])</failure></testcase><testcase classname="tests.test_iter4_rentals_annual.TestExpensesAndIsolation" name="test_expense_reduces_net_to_owner" time="0.314" /><testcase classname="tests.test_iter4_rentals_annual.TestCollectionsAndStatus" name="test_unknown_collection_kind_rejected" time="0.049" /><testcase classname="tests.test_iter4_rentals_annual.TestCollectionsAndStatus" name="test_vacant_status_when_lease_not_covering_month" time="0.111" /><testcase classname="tests.test_iter4_rentals_annual.TestExpensesAndIsolation" name="test_on_behalf_of_building_tally" time="0.174" /><testcase classname="tests.test_iter4_rentals_annual.TestCollectionsAndStatus" name="test_vacant_status_when_unit_status_vacant" time="0.117" /><testcase classname="tests.test_iter4_rentals_annual.TestCollectionsAndStatus" name="test_lease_expiring_soon_flag" time="0.114" /><testcase classname="tests.test_iter4_rentals_annual.TestExpensesAndIsolation" name="test_maintenance_statement_unaffected_by_rentals" time="0.065" /><testcase classname="tests.test_iter4_rentals_annual.TestExpensesAndIsolation" name="test_bad_expense_category_rejected" time="0.057" /><testcase classname="tests.test_iter4_rentals_annual.TestRentalSeededBaseline" name="test_demo_seed_idempotent" time="0.101" /><testcase classname="tests.test_iter4_rentals_annual.TestExpensesAndIsolation" name="test_resident_forbidden_on_all_rentals_endpoints" time="0.350" /><testcase classname="tests.test_iter4_rentals_annual.TestRentalSeededBaseline" name="test_seeded_units_present" time="0.084" /><testcase classname="tests.test_iter4_rentals_annual.TestRentalSeededBaseline" name="test_rent_roll_baseline_math" time="0.065" /><testcase classname="tests.test_iter4_rentals_annual.TestRentalSeededBaseline" name="test_building_tally_present" time="0.112" /><testcase classname="tests.test_iter4_rentals_annual.TestRentalSeededBaseline" name="test_deposit_accumulates_across_months" time="0.117" /><testcase classname="tests.test_iter4_rentals_annual.TestExpensesAndIsolation" name="test_rentals_require_auth" time="0.101" /><testcase classname="tests.test_iter4_rentals_annual.TestUnitsCRUD" name="test_create_update_delete_unit" time="0.260" /><testcase classname="tests.test_iter4_rentals_annual.TestExpensesAndIsolation" name="test_dashboard_has_no_rental_data" time="0.046"><skipped type="pytest.skip" message="no /api/mis endpoint">/app/backend/tests/test_iter4_rentals_annual.py:418: no /api/mis endpoint</skipped></testcase><testcase classname="tests.test_iter4_rentals_annual.TestEntryEditing" name="test_update_tanker_recomputes" time="0.292" /><testcase classname="tests.test_iter4_rentals_annual.TestUnitsCRUD" name="test_invalid_kind_and_ownership_rejected" time="0.121" /><testcase classname="tests.test_iter4_rentals_annual.TestEntryEditing" name="test_update_tanker_404" time="0.091" /><testcase classname="tests.test_iter4_rentals_annual.TestUnitsCRUD" name="test_update_unknown_unit_404" time="0.057" /><testcase classname="tests.test_iter4_rentals_annual.TestUnitsCRUD" name="test_invalid_objectid_400" time="0.056" /><testcase classname="tests.test_iter4_rentals_annual.TestEntryEditing" name="test_update_charge_preserves_category_and_media" time="0.268" /><testcase classname="tests.test_iter4_rentals_annual.TestUnitsCRUD" name="test_delete_unit_cascades_children" time="0.402" /><testcase classname="tests.test_iter4_rentals_annual.TestEntryEditing" name="test_update_charge_bad_type_and_404" time="0.206" /><testcase classname="tests.test_iter4_rentals_annual.TestRentExports" name="test_csv_export" time="0.057" /><testcase classname="tests.test_iter4_rentals_annual.TestEntryEditing" name="test_resident_cannot_edit_entries" time="0.225" /><testcase classname="tests.test_iter4_rentals_annual.TestRentExports" name="test_pdf_export" time="0.657" /><testcase classname="tests.test_iter4_rentals_annual.TestLockedPeriodBlocksEdits" name="test_edit_locked_period_returns_423" time="0.659" /></testsuite></testsuites>