<?xml version="1.0" encoding="utf-8"?><testsuites name="pytest tests"><testsuite name="pytest" errors="0" failures="1" skipped="0" tests="37" time="7.142" timestamp="2026-08-22T16:58:12.152329+00:00" hostname="agent-env-75a625d5-b7c9-49d1-9bbf-b7c3255a55f6"><testcase classname="tests.backend_test.TestAuth" name="test_root" time="0.144" /><testcase classname="tests.backend_test.TestAuth" name="test_login_sets_httponly_cookie_and_token" time="0.487" /><testcase classname="tests.backend_test.TestAuth" name="test_me_with_bearer" time="0.376" /><testcase classname="tests.backend_test.TestAuth" name="test_me_without_auth_401" time="0.109" /><testcase classname="tests.backend_test.TestWaterAndEngine" name="test_tanker_autocalc" time="1.175" /><testcase classname="tests.backend_test.TestAuth" name="test_invalid_password_401" time="0.349" /><testcase classname="tests.backend_test.TestAuth" name="test_brute_force_lockout" time="0.870" /><testcase classname="tests.backend_test.TestWaterAndEngine" name="test_readings_prefill_and_save" time="0.529" /><testcase classname="tests.backend_test.TestWaterAndEngine" name="test_charges_and_defaults" time="0.281" /><testcase classname="tests.backend_test.TestWaterAndEngine" name="test_payment_received_and_payout" time="0.107" /><testcase classname="tests.backend_test.TestWaterAndEngine" name="test_statement_math" time="0.068" /><testcase classname="tests.backend_test.TestWaterAndEngine" name="test_meter_rollback_flag" time="0.148" /><testcase classname="tests.backend_test.TestWaterAndEngine" name="test_negative_reserve_flag" time="0.191" /><testcase classname="tests.backend_test.TestAuth" name="test_cors_credentials_not_wildcard" time="0.152"><failure message="AssertionError: wildcard origin with credentials breaks browser cookies&#10;assert '*' != '*'">tests/backend_test.py:104: in test_cors_credentials_not_wildcard
    assert allow_origin != "*", "wildcard origin with credentials breaks browser cookies"
E   AssertionError: wildcard origin with credentials breaks browser cookies
E   assert '*' != '*'</failure></testcase><testcase classname="tests.backend_test.TestSetupCRUD" name="test_property_created_and_listed" time="0.160" /><testcase classname="tests.backend_test.TestSetupCRUD" name="test_defaults_update_persists" time="0.103" /><testcase classname="tests.backend_test.TestSetupCRUD" name="test_flat_and_meter_crud" time="0.484" /><testcase classname="tests.backend_test.TestTipsInWaterCost" name="test_per_tanker_cost_includes_tips" time="0.388" /><testcase classname="tests.backend_test.TestTipsInWaterCost" name="test_statement_totals_and_no_double_count" time="0.204" /><testcase classname="tests.backend_test.TestTipsInWaterCost" name="test_demo_property_expected_figures" time="0.155" /><testcase classname="tests.backend_test.TestTipsInWaterCost" name="test_csv_labels_mention_tips_in_water" time="0.178" /><testcase classname="tests.backend_test.TestSetupCRUD" name="test_tank_crud" time="0.214" /><testcase classname="tests.backend_test.TestUploads" name="test_image_upload_and_download" time="0.454" /><testcase classname="tests.backend_test.TestSetupCRUD" name="test_invalid_id_400" time="0.274" /><testcase classname="tests.backend_test.TestUploads" name="test_video_upload_without_gps" time="0.413" /><testcase classname="tests.backend_test.TestRoleRestrictions" name="test_resident_statement_scoped" time="0.860" /><testcase classname="tests.backend_test.TestUploads" name="test_reject_non_media" time="0.065" /><testcase classname="tests.backend_test.TestUploads" name="test_file_download_requires_real_auth" time="0.351" /><testcase classname="tests.backend_test.TestRoleRestrictions" name="test_resident_write_forbidden" time="0.432" /><testcase classname="tests.backend_test.TestDemoSeed" name="test_seed_idempotent" time="0.053" /><testcase classname="tests.backend_test.TestDemoSeed" name="test_demo_property_shape" time="0.212" /><testcase classname="tests.backend_test.TestRoleRestrictions" name="test_resident_mis_export_forbidden" time="0.142" /><testcase classname="tests.backend_test.TestMISExport" name="test_csv" time="0.090" /><testcase classname="tests.backend_test.TestMISExport" name="test_pdf" time="0.189" /><testcase classname="tests.backend_test.TestMonthResetIsolated" name="test_reset_locks_and_carries" time="0.653" /><testcase classname="tests.backend_test.TestMonthResetIsolated" name="test_locked_writes_return_423" time="0.355" /><testcase classname="tests.backend_test.TestPasswordHash" name="test_bcrypt_hash_format" time="0.133" /></testsuite></testsuites>