<?xml version="1.0" encoding="utf-8"?><testsuites name="pytest tests"><testsuite name="pytest" errors="0" failures="4" skipped="0" tests="33" time="7.007" timestamp="2026-08-22T16:37:14.150007+00:00" hostname="agent-env-75a625d5-b7c9-49d1-9bbf-b7c3255a55f6"><testcase classname="tests.backend_test.TestAuth" name="test_root" time="0.189" /><testcase classname="tests.backend_test.TestAuth" name="test_login_sets_httponly_cookie_and_token" time="0.479" /><testcase classname="tests.backend_test.TestAuth" name="test_me_with_bearer" time="0.465" /><testcase classname="tests.backend_test.TestWaterAndEngine" name="test_tanker_autocalc" time="1.266" /><testcase classname="tests.backend_test.TestAuth" name="test_me_without_auth_401" time="0.164" /><testcase classname="tests.backend_test.TestAuth" name="test_invalid_password_401" time="0.383" /><testcase classname="tests.backend_test.TestWaterAndEngine" name="test_readings_prefill_and_save" time="0.576" /><testcase classname="tests.backend_test.TestAuth" name="test_brute_force_lockout" time="0.942"><failure message="AssertionError: no lockout observed: [401, 401, 401, 401, 401, 401, 401]&#10;assert 429 in [401, 401, 401, 401, 401, 401, ...]">tests/backend_test.py:96: in test_brute_force_lockout
    assert 429 in codes, f"no lockout observed: {codes}"
E   AssertionError: no lockout observed: [401, 401, 401, 401, 401, 401, 401]
E   assert 429 in [401, 401, 401, 401, 401, 401, ...]</failure></testcase><testcase classname="tests.backend_test.TestWaterAndEngine" name="test_charges_and_defaults" time="0.390" /><testcase classname="tests.backend_test.TestWaterAndEngine" name="test_payment_received_and_payout" time="0.141" /><testcase classname="tests.backend_test.TestWaterAndEngine" name="test_statement_math" time="0.063" /><testcase classname="tests.backend_test.TestWaterAndEngine" name="test_meter_rollback_flag" time="0.258" /><testcase classname="tests.backend_test.TestAuth" name="test_cors_credentials_not_wildcard" time="0.071"><failure message="AssertionError: assert None == 'true'&#10; +  where None = get('access-control-allow-credentials')&#10; +    where get = {'Date': 'Sat, 22 Aug 2026 16:37:17 GMT', 'Connection': 'keep-alive', 'Access-Control-Allow-Origin': '*', 'Access-Control-Allow-Headers': '*', 'Access-Control-Allow-Methods': 'GET, POST, PUT, DELETE, OPTIONS, HEAD, PATCH', 'Access-Control-Max-Age': '300', 'set-cookie': '__cf_bm=320N0JC5lFmRMtBXt5LSlq7y399xkz_2z5VDdvG0j5U-1787416637.3952665-1.0.1.1-uP3D5ggz4lKR.SHAHbbpEjMJjl.cpFoZqZEOQFkDMQF_VuTHMcj_0F3EqEzkrSGzwkjhSLoI43OD8.ogfyo6ADKqif0Ns4b_W6NFCxnAhsO3xzZ9c6mLKyrGnTwze5wE; HttpOnly; SameSite=None; Secure; Path=/; Domain=preview.emergentagent.com; Expires=Sat, 22 Aug 2026 17:07:17 GMT', 'X-Robots-Tag': 'noindex, nofollow', 'Server': 'cloudflare', 'CF-RAY': 'a2f34d1fb83490b3-ORD'}.get&#10; +      where {'Date': 'Sat, 22 Aug 2026 16:37:17 GMT', 'Connection': 'keep-alive', 'Access-Control-Allow-Origin': '*', 'Access-Control-Allow-Headers': '*', 'Access-Control-Allow-Methods': 'GET, POST, PUT, DELETE, OPTIONS, HEAD, PATCH', 'Access-Control-Max-Age': '300', 'set-cookie': '__cf_bm=320N0JC5lFmRMtBXt5LSlq7y399xkz_2z5VDdvG0j5U-1787416637.3952665-1.0.1.1-uP3D5ggz4lKR.SHAHbbpEjMJjl.cpFoZqZEOQFkDMQF_VuTHMcj_0F3EqEzkrSGzwkjhSLoI43OD8.ogfyo6ADKqif0Ns4b_W6NFCxnAhsO3xzZ9c6mLKyrGnTwze5wE; HttpOnly; SameSite=None; Secure; Path=/; Domain=preview.emergentagent.com; Expires=Sat, 22 Aug 2026 17:07:17 GMT', 'X-Robots-Tag': 'noindex, nofollow', 'Server': 'cloudflare', 'CF-RAY': 'a2f34d1fb83490b3-ORD'} = &lt;Response [204]&gt;.headers">tests/backend_test.py:104: in test_cors_credentials_not_wildcard
    assert r.headers.get("access-control-allow-credentials") == "true"
E   AssertionError: assert None == 'true'
E    +  where None = get('access-control-allow-credentials')
E    +    where get = {'Date': 'Sat, 22 Aug 2026 16:37:17 GMT', 'Connection': 'keep-alive', 'Access-Control-Allow-Origin': '*', 'Access-Control-Allow-Headers': '*', 'Access-Control-Allow-Methods': 'GET, POST, PUT, DELETE, OPTIONS, HEAD, PATCH', 'Access-Control-Max-Age': '300', 'set-cookie': '__cf_bm=320N0JC5lFmRMtBXt5LSlq7y399xkz_2z5VDdvG0j5U-1787416637.3952665-1.0.1.1-uP3D5ggz4lKR.SHAHbbpEjMJjl.cpFoZqZEOQFkDMQF_VuTHMcj_0F3EqEzkrSGzwkjhSLoI43OD8.ogfyo6ADKqif0Ns4b_W6NFCxnAhsO3xzZ9c6mLKyrGnTwze5wE; HttpOnly; SameSite=None; Secure; Path=/; Domain=preview.emergentagent.com; Expires=Sat, 22 Aug 2026 17:07:17 GMT', 'X-Robots-Tag': 'noindex, nofollow', 'Server': 'cloudflare', 'CF-RAY': 'a2f34d1fb83490b3-ORD'}.get
E    +      where {'Date': 'Sat, 22 Aug 2026 16:37:17 GMT', 'Connection': 'keep-alive', 'Access-Control-Allow-Origin': '*', 'Access-Control-Allow-Headers': '*', 'Access-Control-Allow-Methods': 'GET, POST, PUT, DELETE, OPTIONS, HEAD, PATCH', 'Access-Control-Max-Age': '300', 'set-cookie': '__cf_bm=320N0JC5lFmRMtBXt5LSlq7y399xkz_2z5VDdvG0j5U-1787416637.3952665-1.0.1.1-uP3D5ggz4lKR.SHAHbbpEjMJjl.cpFoZqZEOQFkDMQF_VuTHMcj_0F3EqEzkrSGzwkjhSLoI43OD8.ogfyo6ADKqif0Ns4b_W6NFCxnAhsO3xzZ9c6mLKyrGnTwze5wE; HttpOnly; SameSite=None; Secure; Path=/; Domain=preview.emergentagent.com; Expires=Sat, 22 Aug 2026 17:07:17 GMT', 'X-Robots-Tag': 'noindex, nofollow', 'Server': 'cloudflare', 'CF-RAY': 'a2f34d1fb83490b3-ORD'} = &lt;Response [204]&gt;.headers</failure></testcase><testcase classname="tests.backend_test.TestWaterAndEngine" name="test_negative_reserve_flag" time="0.204" /><testcase classname="tests.backend_test.TestSetupCRUD" name="test_property_created_and_listed" time="0.163" /><testcase classname="tests.backend_test.TestSetupCRUD" name="test_defaults_update_persists" time="0.289" /><testcase classname="tests.backend_test.TestUploads" name="test_image_upload_and_download" time="0.485" /><testcase classname="tests.backend_test.TestSetupCRUD" name="test_flat_and_meter_crud" time="0.691" /><testcase classname="tests.backend_test.TestUploads" name="test_video_upload_without_gps" time="0.317" /><testcase classname="tests.backend_test.TestUploads" name="test_reject_non_media" time="0.129" /><testcase classname="tests.backend_test.TestUploads" name="test_file_download_requires_real_auth" time="0.469"><failure message="AssertionError: auth query param accepted without validation&#10;assert 200 == 401&#10; +  where 200 = &lt;Response [200]&gt;.status_code">tests/backend_test.py:406: in test_file_download_requires_real_auth
    assert r.status_code == 401, "auth query param accepted without validation"
E   AssertionError: auth query param accepted without validation
E   assert 200 == 401
E    +  where 200 = &lt;Response [200]&gt;.status_code</failure></testcase><testcase classname="tests.backend_test.TestSetupCRUD" name="test_tank_crud" time="0.312" /><testcase classname="tests.backend_test.TestSetupCRUD" name="test_invalid_id_400" time="0.091" /><testcase classname="tests.backend_test.TestDemoSeed" name="test_seed_idempotent" time="0.083" /><testcase classname="tests.backend_test.TestDemoSeed" name="test_demo_property_shape" time="0.484" /><testcase classname="tests.backend_test.TestMISExport" name="test_csv" time="0.064" /><testcase classname="tests.backend_test.TestRoleRestrictions" name="test_resident_statement_scoped" time="0.718" /><testcase classname="tests.backend_test.TestMISExport" name="test_pdf" time="0.168" /><testcase classname="tests.backend_test.TestRoleRestrictions" name="test_resident_write_forbidden" time="0.500" /><testcase classname="tests.backend_test.TestMonthResetIsolated" name="test_reset_locks_and_carries" time="0.836" /><testcase classname="tests.backend_test.TestRoleRestrictions" name="test_resident_mis_export_scope" time="0.218"><failure message="AssertionError: resident CSV export leaks other flats: ['102', '201', '202']&#10;assert not ['102', '201', '202']">tests/backend_test.py:449: in test_resident_mis_export_scope
    assert not others, f"resident CSV export leaks other flats: {others}"
E   AssertionError: resident CSV export leaks other flats: ['102', '201', '202']
E   assert not ['102', '201', '202']</failure></testcase><testcase classname="tests.backend_test.TestPasswordHash" name="test_bcrypt_hash_format" time="0.125" /><testcase classname="tests.backend_test.TestMonthResetIsolated" name="test_locked_writes_return_423" time="0.484" /></testsuite></testsuites>